c:\python276_2012\python-2.7.6\pc\vs8.0\x64-temp-debug\_sqlite3\vc120.pdb
c:\python276_2012\python-2.7.6\pc\vs8.0\x64-temp-debug\_sqlite3\util.obj
c:\python276_2012\python-2.7.6\pc\vs8.0\x64-temp-debug\_sqlite3\statement.obj
c:\python276_2012\python-2.7.6\pc\vs8.0\x64-temp-debug\_sqlite3\row.obj
c:\python276_2012\python-2.7.6\pc\vs8.0\x64-temp-debug\_sqlite3\prepare_protocol.obj
c:\python276_2012\python-2.7.6\pc\vs8.0\x64-temp-debug\_sqlite3\module.obj
c:\python276_2012\python-2.7.6\pc\vs8.0\x64-temp-debug\_sqlite3\microprotocols.obj
c:\python276_2012\python-2.7.6\pc\vs8.0\x64-temp-debug\_sqlite3\cursor.obj
c:\python276_2012\python-2.7.6\pc\vs8.0\x64-temp-debug\_sqlite3\connection.obj
c:\python276_2012\python-2.7.6\pc\vs8.0\x64-temp-debug\_sqlite3\cache.obj
c:\python276_2012\python-2.7.6\pc\vs8.0\amd64\_sqlite3_d.pyd
c:\python276_2012\python-2.7.6\pc\vs8.0\amd64\_sqlite3_d.pdb
c:\python276_2012\python-2.7.6\pc\vs8.0\amd64\_sqlite3.lib
c:\python276_2012\python-2.7.6\pc\vs8.0\amd64\_sqlite3.exp
c:\python276_2012\python-2.7.6\pc\vs8.0\x64-temp-debug\_sqlite3\_sqlite3.tlog\cl.command.1.tlog
c:\python276_2012\python-2.7.6\pc\vs8.0\x64-temp-debug\_sqlite3\_sqlite3.tlog\cl.read.1.tlog
c:\python276_2012\python-2.7.6\pc\vs8.0\x64-temp-debug\_sqlite3\_sqlite3.tlog\cl.write.1.tlog
c:\python276_2012\python-2.7.6\pc\vs8.0\x64-temp-debug\_sqlite3\_sqlite3.tlog\link.command.1.tlog
c:\python276_2012\python-2.7.6\pc\vs8.0\x64-temp-debug\_sqlite3\_sqlite3.tlog\link.read.1.tlog
c:\python276_2012\python-2.7.6\pc\vs8.0\x64-temp-debug\_sqlite3\_sqlite3.tlog\link.write.1.tlog
c:\python276_2012\python-2.7.6\pc\vs8.0\x64-temp-debug\_sqlite3\_sqlite3.tlog\_sqlite3.write.1u.tlog
