c:\python276_2012\python-2.7.6\pc\vs8.0\x64-temp-debug\pythoncore\vc120.pdb
c:\python276_2012\python-2.7.6\pc\vs8.0\x64-temp-debug\pythoncore\cpickle.obj
c:\python276_2012\python-2.7.6\pc\vs8.0\x64-temp-debug\pythoncore\cmathmodule.obj
c:\python276_2012\python-2.7.6\pc\vs8.0\x64-temp-debug\pythoncore\binascii.obj
c:\python276_2012\python-2.7.6\pc\vs8.0\x64-temp-debug\pythoncore\audioop.obj
c:\python276_2012\python-2.7.6\pc\vs8.0\x64-temp-debug\pythoncore\arraymodule.obj
c:\python276_2012\python-2.7.6\pc\vs8.0\x64-temp-debug\pythoncore\_weakref.obj
c:\python276_2012\python-2.7.6\pc\vs8.0\x64-temp-debug\pythoncore\_struct.obj
c:\python276_2012\python-2.7.6\pc\vs8.0\x64-temp-debug\pythoncore\_sre.obj
c:\python276_2012\python-2.7.6\pc\vs8.0\x64-temp-debug\pythoncore\_randommodule.obj
c:\python276_2012\python-2.7.6\pc\vs8.0\x64-temp-debug\pythoncore\_math.obj
c:\python276_2012\python-2.7.6\pc\vs8.0\x64-temp-debug\pythoncore\_lsprof.obj
c:\python276_2012\python-2.7.6\pc\vs8.0\x64-temp-debug\pythoncore\_localemodule.obj
c:\python276_2012\python-2.7.6\pc\vs8.0\x64-temp-debug\pythoncore\_json.obj
c:\python276_2012\python-2.7.6\pc\vs8.0\x64-temp-debug\pythoncore\_hotshot.obj
c:\python276_2012\python-2.7.6\pc\vs8.0\x64-temp-debug\pythoncore\_heapqmodule.obj
c:\python276_2012\python-2.7.6\pc\vs8.0\x64-temp-debug\pythoncore\_functoolsmodule.obj
c:\python276_2012\python-2.7.6\pc\vs8.0\x64-temp-debug\pythoncore\_csv.obj
c:\python276_2012\python-2.7.6\pc\vs8.0\x64-temp-debug\pythoncore\_collectionsmodule.obj
c:\python276_2012\python-2.7.6\pc\vs8.0\x64-temp-debug\pythoncore\_codecsmodule.obj
c:\python276_2012\python-2.7.6\pc\vs8.0\x64-temp-debug\pythoncore\_bisectmodule.obj
c:\python276_2012\python-2.7.6\pc\vs8.0\x64-temp-debug\pythoncore\signalmodule.obj
c:\python276_2012\python-2.7.6\pc\vs8.0\x64-temp-debug\pythoncore\shamodule.obj
c:\python276_2012\python-2.7.6\pc\vs8.0\x64-temp-debug\pythoncore\sha512module.obj
c:\python276_2012\python-2.7.6\pc\vs8.0\x64-temp-debug\pythoncore\sha256module.obj
c:\python276_2012\python-2.7.6\pc\vs8.0\x64-temp-debug\pythoncore\rotatingtree.obj
c:\python276_2012\python-2.7.6\pc\vs8.0\x64-temp-debug\pythoncore\posixmodule.obj
c:\python276_2012\python-2.7.6\pc\vs8.0\x64-temp-debug\pythoncore\parsermodule.obj
c:\python276_2012\python-2.7.6\pc\vs8.0\x64-temp-debug\pythoncore\operator.obj
c:\python276_2012\python-2.7.6\pc\vs8.0\x64-temp-debug\pythoncore\mmapmodule.obj
c:\python276_2012\python-2.7.6\pc\vs8.0\x64-temp-debug\pythoncore\md5module.obj
c:\python276_2012\python-2.7.6\pc\vs8.0\x64-temp-debug\pythoncore\md5.obj
c:\python276_2012\python-2.7.6\pc\vs8.0\x64-temp-debug\pythoncore\mathmodule.obj
c:\python276_2012\python-2.7.6\pc\vs8.0\x64-temp-debug\pythoncore\main.obj
c:\python276_2012\python-2.7.6\pc\vs8.0\x64-temp-debug\pythoncore\itertoolsmodule.obj
c:\python276_2012\python-2.7.6\pc\vs8.0\x64-temp-debug\pythoncore\imageop.obj
c:\python276_2012\python-2.7.6\pc\vs8.0\x64-temp-debug\pythoncore\gcmodule.obj
c:\python276_2012\python-2.7.6\pc\vs8.0\x64-temp-debug\pythoncore\future_builtins.obj
c:\python276_2012\python-2.7.6\pc\vs8.0\x64-temp-debug\pythoncore\errnomodule.obj
c:\python276_2012\python-2.7.6\pc\vs8.0\x64-temp-debug\pythoncore\datetimemodule.obj
c:\python276_2012\python-2.7.6\pc\vs8.0\x64-temp-debug\pythoncore\cstringio.obj
c:\python276_2012\python-2.7.6\pc\vs8.0\x64-temp-debug\pythoncore\_codecs_cn.obj
c:\python276_2012\python-2.7.6\pc\vs8.0\x64-temp-debug\pythoncore\zutil.obj
c:\python276_2012\python-2.7.6\pc\vs8.0\x64-temp-debug\pythoncore\uncompr.obj
c:\python276_2012\python-2.7.6\pc\vs8.0\x64-temp-debug\pythoncore\trees.obj
c:\python276_2012\python-2.7.6\pc\vs8.0\x64-temp-debug\pythoncore\inftrees.obj
c:\python276_2012\python-2.7.6\pc\vs8.0\x64-temp-debug\pythoncore\inflate.obj
c:\python276_2012\python-2.7.6\pc\vs8.0\x64-temp-debug\pythoncore\inffast.obj
c:\python276_2012\python-2.7.6\pc\vs8.0\x64-temp-debug\pythoncore\infback.obj
c:\python276_2012\python-2.7.6\pc\vs8.0\x64-temp-debug\pythoncore\gzio.obj
c:\python276_2012\python-2.7.6\pc\vs8.0\x64-temp-debug\pythoncore\deflate.obj
c:\python276_2012\python-2.7.6\pc\vs8.0\x64-temp-debug\pythoncore\crc32.obj
c:\python276_2012\python-2.7.6\pc\vs8.0\x64-temp-debug\pythoncore\compress.obj
c:\python276_2012\python-2.7.6\pc\vs8.0\x64-temp-debug\pythoncore\adler32.obj
c:\python276_2012\python-2.7.6\pc\vs8.0\x64-temp-debug\pythoncore\zlibmodule.obj
c:\python276_2012\python-2.7.6\pc\vs8.0\x64-temp-debug\pythoncore\zipimport.obj
c:\python276_2012\python-2.7.6\pc\vs8.0\x64-temp-debug\pythoncore\xxsubtype.obj
c:\python276_2012\python-2.7.6\pc\vs8.0\x64-temp-debug\pythoncore\timemodule.obj
c:\python276_2012\python-2.7.6\pc\vs8.0\x64-temp-debug\pythoncore\threadmodule.obj
c:\python276_2012\python-2.7.6\pc\vs8.0\x64-temp-debug\pythoncore\symtablemodule.obj
c:\python276_2012\python-2.7.6\pc\vs8.0\x64-temp-debug\pythoncore\stropmodule.obj
c:\python276_2012\python-2.7.6\pc\vs8.0\x64-temp-debug\pythoncore\cellobject.obj
c:\python276_2012\python-2.7.6\pc\vs8.0\x64-temp-debug\pythoncore\capsule.obj
c:\python276_2012\python-2.7.6\pc\vs8.0\x64-temp-debug\pythoncore\bytearrayobject.obj
c:\python276_2012\python-2.7.6\pc\vs8.0\x64-temp-debug\pythoncore\bytes_methods.obj
c:\python276_2012\python-2.7.6\pc\vs8.0\x64-temp-debug\pythoncore\bufferobject.obj
c:\python276_2012\python-2.7.6\pc\vs8.0\x64-temp-debug\pythoncore\boolobject.obj
c:\python276_2012\python-2.7.6\pc\vs8.0\x64-temp-debug\pythoncore\abstract.obj
c:\python276_2012\python-2.7.6\pc\vs8.0\x64-temp-debug\pythoncore\textio.obj
c:\python276_2012\python-2.7.6\pc\vs8.0\x64-temp-debug\pythoncore\stringio.obj
c:\python276_2012\python-2.7.6\pc\vs8.0\x64-temp-debug\pythoncore\iobase.obj
c:\python276_2012\python-2.7.6\pc\vs8.0\x64-temp-debug\pythoncore\fileio.obj
c:\python276_2012\python-2.7.6\pc\vs8.0\x64-temp-debug\pythoncore\bytesio.obj
c:\python276_2012\python-2.7.6\pc\vs8.0\x64-temp-debug\pythoncore\bufferedio.obj
c:\python276_2012\python-2.7.6\pc\vs8.0\x64-temp-debug\pythoncore\_iomodule.obj
c:\python276_2012\python-2.7.6\pc\vs8.0\x64-temp-debug\pythoncore\multibytecodec.obj
c:\python276_2012\python-2.7.6\pc\vs8.0\x64-temp-debug\pythoncore\_codecs_tw.obj
c:\python276_2012\python-2.7.6\pc\vs8.0\x64-temp-debug\pythoncore\_codecs_kr.obj
c:\python276_2012\python-2.7.6\pc\vs8.0\x64-temp-debug\pythoncore\_codecs_jp.obj
c:\python276_2012\python-2.7.6\pc\vs8.0\x64-temp-debug\pythoncore\_codecs_iso2022.obj
c:\python276_2012\python-2.7.6\pc\vs8.0\x64-temp-debug\pythoncore\_codecs_hk.obj
c:\python276_2012\python-2.7.6\pc\vs8.0\x64-temp-debug\pythoncore\moduleobject.obj
c:\python276_2012\python-2.7.6\pc\vs8.0\x64-temp-debug\pythoncore\methodobject.obj
c:\python276_2012\python-2.7.6\pc\vs8.0\x64-temp-debug\pythoncore\memoryobject.obj
c:\python276_2012\python-2.7.6\pc\vs8.0\x64-temp-debug\pythoncore\longobject.obj
c:\python276_2012\python-2.7.6\pc\vs8.0\x64-temp-debug\pythoncore\listobject.obj
c:\python276_2012\python-2.7.6\pc\vs8.0\x64-temp-debug\pythoncore\iterobject.obj
c:\python276_2012\python-2.7.6\pc\vs8.0\x64-temp-debug\pythoncore\intobject.obj
c:\python276_2012\python-2.7.6\pc\vs8.0\x64-temp-debug\pythoncore\genobject.obj
c:\python276_2012\python-2.7.6\pc\vs8.0\x64-temp-debug\pythoncore\funcobject.obj
c:\python276_2012\python-2.7.6\pc\vs8.0\x64-temp-debug\pythoncore\frameobject.obj
c:\python276_2012\python-2.7.6\pc\vs8.0\x64-temp-debug\pythoncore\floatobject.obj
c:\python276_2012\python-2.7.6\pc\vs8.0\x64-temp-debug\pythoncore\fileobject.obj
c:\python276_2012\python-2.7.6\pc\vs8.0\x64-temp-debug\pythoncore\exceptions.obj
c:\python276_2012\python-2.7.6\pc\vs8.0\x64-temp-debug\pythoncore\enumobject.obj
c:\python276_2012\python-2.7.6\pc\vs8.0\x64-temp-debug\pythoncore\dictobject.obj
c:\python276_2012\python-2.7.6\pc\vs8.0\x64-temp-debug\pythoncore\descrobject.obj
c:\python276_2012\python-2.7.6\pc\vs8.0\x64-temp-debug\pythoncore\complexobject.obj
c:\python276_2012\python-2.7.6\pc\vs8.0\x64-temp-debug\pythoncore\codeobject.obj
c:\python276_2012\python-2.7.6\pc\vs8.0\x64-temp-debug\pythoncore\cobject.obj
c:\python276_2012\python-2.7.6\pc\vs8.0\x64-temp-debug\pythoncore\classobject.obj
c:\python276_2012\python-2.7.6\pc\vs8.0\x64-temp-debug\pythoncore\myreadline.obj
c:\python276_2012\python-2.7.6\pc\vs8.0\x64-temp-debug\pythoncore\metagrammar.obj
c:\python276_2012\python-2.7.6\pc\vs8.0\x64-temp-debug\pythoncore\listnode.obj
c:\python276_2012\python-2.7.6\pc\vs8.0\x64-temp-debug\pythoncore\grammar1.obj
c:\python276_2012\python-2.7.6\pc\vs8.0\x64-temp-debug\pythoncore\grammar.obj
c:\python276_2012\python-2.7.6\pc\vs8.0\x64-temp-debug\pythoncore\firstsets.obj
c:\python276_2012\python-2.7.6\pc\vs8.0\x64-temp-debug\pythoncore\bitset.obj
c:\python276_2012\python-2.7.6\pc\vs8.0\x64-temp-debug\pythoncore\acceler.obj
c:\python276_2012\python-2.7.6\pc\vs8.0\x64-temp-debug\pythoncore\weakrefobject.obj
c:\python276_2012\python-2.7.6\pc\vs8.0\x64-temp-debug\pythoncore\unicodeobject.obj
c:\python276_2012\python-2.7.6\pc\vs8.0\x64-temp-debug\pythoncore\unicodectype.obj
c:\python276_2012\python-2.7.6\pc\vs8.0\x64-temp-debug\pythoncore\typeobject.obj
c:\python276_2012\python-2.7.6\pc\vs8.0\x64-temp-debug\pythoncore\tupleobject.obj
c:\python276_2012\python-2.7.6\pc\vs8.0\x64-temp-debug\pythoncore\structseq.obj
c:\python276_2012\python-2.7.6\pc\vs8.0\x64-temp-debug\pythoncore\stringobject.obj
c:\python276_2012\python-2.7.6\pc\vs8.0\x64-temp-debug\pythoncore\sliceobject.obj
c:\python276_2012\python-2.7.6\pc\vs8.0\x64-temp-debug\pythoncore\setobject.obj
c:\python276_2012\python-2.7.6\pc\vs8.0\x64-temp-debug\pythoncore\rangeobject.obj
c:\python276_2012\python-2.7.6\pc\vs8.0\x64-temp-debug\pythoncore\obmalloc.obj
c:\python276_2012\python-2.7.6\pc\vs8.0\x64-temp-debug\pythoncore\object.obj
c:\python276_2012\python-2.7.6\pc\vs8.0\x64-temp-debug\pythoncore\dynload_win.obj
c:\python276_2012\python-2.7.6\pc\vs8.0\x64-temp-debug\pythoncore\dtoa.obj
c:\python276_2012\python-2.7.6\pc\vs8.0\x64-temp-debug\pythoncore\compile.obj
c:\python276_2012\python-2.7.6\pc\vs8.0\x64-temp-debug\pythoncore\codecs.obj
c:\python276_2012\python-2.7.6\pc\vs8.0\x64-temp-debug\pythoncore\ceval.obj
c:\python276_2012\python-2.7.6\pc\vs8.0\x64-temp-debug\pythoncore\bltinmodule.obj
c:\python276_2012\python-2.7.6\pc\vs8.0\x64-temp-debug\pythoncore\ast.obj
c:\python276_2012\python-2.7.6\pc\vs8.0\x64-temp-debug\pythoncore\asdl.obj
c:\python276_2012\python-2.7.6\pc\vs8.0\x64-temp-debug\pythoncore\_warnings.obj
c:\python276_2012\python-2.7.6\pc\vs8.0\x64-temp-debug\pythoncore\msvcrtmodule.obj
c:\python276_2012\python-2.7.6\pc\vs8.0\x64-temp-debug\pythoncore\import_nt.obj
c:\python276_2012\python-2.7.6\pc\vs8.0\x64-temp-debug\pythoncore\getpathp.obj
c:\python276_2012\python-2.7.6\pc\vs8.0\x64-temp-debug\pythoncore\dl_nt.obj
c:\python276_2012\python-2.7.6\pc\vs8.0\x64-temp-debug\pythoncore\config.obj
c:\python276_2012\python-2.7.6\pc\vs8.0\x64-temp-debug\pythoncore\_winreg.obj
c:\python276_2012\python-2.7.6\pc\vs8.0\x64-temp-debug\pythoncore\_subprocess.obj
c:\python276_2012\python-2.7.6\pc\vs8.0\x64-temp-debug\pythoncore\tokenizer.obj
c:\python276_2012\python-2.7.6\pc\vs8.0\x64-temp-debug\pythoncore\parsetok.obj
c:\python276_2012\python-2.7.6\pc\vs8.0\x64-temp-debug\pythoncore\parser.obj
c:\python276_2012\python-2.7.6\pc\vs8.0\x64-temp-debug\pythoncore\node.obj
c:\python276_2012\python-2.7.6\pc\vs8.0\x64-temp-debug\pythoncore\pyarena.obj
c:\python276_2012\python-2.7.6\pc\vs8.0\x64-temp-debug\pythoncore\peephole.obj
c:\python276_2012\python-2.7.6\pc\vs8.0\x64-temp-debug\pythoncore\mystrtoul.obj
c:\python276_2012\python-2.7.6\pc\vs8.0\x64-temp-debug\pythoncore\mysnprintf.obj
c:\python276_2012\python-2.7.6\pc\vs8.0\x64-temp-debug\pythoncore\modsupport.obj
c:\python276_2012\python-2.7.6\pc\vs8.0\x64-temp-debug\pythoncore\marshal.obj
c:\python276_2012\python-2.7.6\pc\vs8.0\x64-temp-debug\pythoncore\importdl.obj
c:\python276_2012\python-2.7.6\pc\vs8.0\x64-temp-debug\pythoncore\import.obj
c:\python276_2012\python-2.7.6\pc\vs8.0\x64-temp-debug\pythoncore\graminit.obj
c:\python276_2012\python-2.7.6\pc\vs8.0\x64-temp-debug\pythoncore\getversion.obj
c:\python276_2012\python-2.7.6\pc\vs8.0\x64-temp-debug\pythoncore\getplatform.obj
c:\python276_2012\python-2.7.6\pc\vs8.0\x64-temp-debug\pythoncore\getopt.obj
c:\python276_2012\python-2.7.6\pc\vs8.0\x64-temp-debug\pythoncore\getcopyright.obj
c:\python276_2012\python-2.7.6\pc\vs8.0\x64-temp-debug\pythoncore\getcompiler.obj
c:\python276_2012\python-2.7.6\pc\vs8.0\x64-temp-debug\pythoncore\getargs.obj
c:\python276_2012\python-2.7.6\pc\vs8.0\x64-temp-debug\pythoncore\future.obj
c:\python276_2012\python-2.7.6\pc\vs8.0\x64-temp-debug\pythoncore\frozen.obj
c:\python276_2012\python-2.7.6\pc\vs8.0\x64-temp-debug\pythoncore\formatter_unicode.obj
c:\python276_2012\python-2.7.6\pc\vs8.0\x64-temp-debug\pythoncore\formatter_string.obj
c:\python276_2012\python-2.7.6\pc\vs8.0\x64-temp-debug\pythoncore\errors.obj
c:\python276_2012\python-2.7.6\pc\vs8.0\x64-temp-debug\pythoncore\traceback.obj
c:\python276_2012\python-2.7.6\pc\vs8.0\x64-temp-debug\pythoncore\thread.obj
c:\python276_2012\python-2.7.6\pc\vs8.0\x64-temp-debug\pythoncore\sysmodule.obj
c:\python276_2012\python-2.7.6\pc\vs8.0\x64-temp-debug\pythoncore\symtable.obj
c:\python276_2012\python-2.7.6\pc\vs8.0\x64-temp-debug\pythoncore\structmember.obj
c:\python276_2012\python-2.7.6\pc\vs8.0\x64-temp-debug\pythoncore\random.obj
c:\python276_2012\python-2.7.6\pc\vs8.0\x64-temp-debug\pythoncore\pythonrun.obj
c:\python276_2012\python-2.7.6\pc\vs8.0\x64-temp-debug\pythoncore\python-ast.obj
c:\python276_2012\python-2.7.6\pc\vs8.0\x64-temp-debug\pythoncore\pystrtod.obj
c:\python276_2012\python-2.7.6\pc\vs8.0\x64-temp-debug\pythoncore\pystrcmp.obj
c:\python276_2012\python-2.7.6\pc\vs8.0\x64-temp-debug\pythoncore\pystate.obj
c:\python276_2012\python-2.7.6\pc\vs8.0\x64-temp-debug\pythoncore\pymath.obj
c:\python276_2012\python-2.7.6\pc\vs8.0\x64-temp-debug\pythoncore\pyfpe.obj
c:\python276_2012\python-2.7.6\pc\vs8.0\x64-temp-debug\pythoncore\pyctype.obj
c:\python276_2012\python-2.7.6\pc\vs8.0\amd64\python27_d.dll
c:\python276_2012\python-2.7.6\pc\vs8.0\amd64\python27_d.pdb
c:\python276_2012\python-2.7.6\pc\vs8.0\amd64\python27_d.lib
c:\python276_2012\python-2.7.6\pc\vs8.0\amd64\python27_d.exp
c:\python276_2012\python-2.7.6\pc\vs8.0\x64-temp-debug\pythoncore\python_nt.res
c:\python276_2012\python-2.7.6\pc\vs8.0\x64-temp-debug\pythoncore\pythoncore.tlog\cl.command.1.tlog
c:\python276_2012\python-2.7.6\pc\vs8.0\x64-temp-debug\pythoncore\pythoncore.tlog\cl.read.1.tlog
c:\python276_2012\python-2.7.6\pc\vs8.0\x64-temp-debug\pythoncore\pythoncore.tlog\cl.write.1.tlog
c:\python276_2012\python-2.7.6\pc\vs8.0\x64-temp-debug\pythoncore\pythoncore.tlog\link.command.1.tlog
c:\python276_2012\python-2.7.6\pc\vs8.0\x64-temp-debug\pythoncore\pythoncore.tlog\link.read.1.tlog
c:\python276_2012\python-2.7.6\pc\vs8.0\x64-temp-debug\pythoncore\pythoncore.tlog\link.write.1.tlog
c:\python276_2012\python-2.7.6\pc\vs8.0\x64-temp-debug\pythoncore\pythoncore.tlog\pythoncore.write.1u.tlog
c:\python276_2012\python-2.7.6\pc\vs8.0\x64-temp-debug\pythoncore\pythoncore.tlog\rc.command.1.tlog
c:\python276_2012\python-2.7.6\pc\vs8.0\x64-temp-debug\pythoncore\pythoncore.tlog\rc.read.1.tlog
c:\python276_2012\python-2.7.6\pc\vs8.0\x64-temp-debug\pythoncore\pythoncore.tlog\rc.write.1.tlog
