c:\python276_2012\python-2.7.6\pc\vs8.0\x64\release\vc120.pdb
c:\python276_2012\python-2.7.6\pc\vs8.0\x64\release\zutil.obj
c:\python276_2012\python-2.7.6\pc\vs8.0\x64\release\inftrees.obj
c:\python276_2012\python-2.7.6\pc\vs8.0\x64\release\inflate.obj
c:\python276_2012\python-2.7.6\pc\vs8.0\x64\release\inffast.obj
c:\python276_2012\python-2.7.6\pc\vs8.0\x64\release\crc32.obj
c:\python276_2012\python-2.7.6\pc\vs8.0\x64\release\adler32.obj
c:\python276_2012\python-2.7.6\pc\vs8.0\x64\release\install.obj
c:\python276_2012\python-2.7.6\pc\vs8.0\x64\release\extract.obj
c:\python276_2012\python-2.7.6\lib\distutils\command\wininst-8.0-amd64.exe
c:\python276_2012\python-2.7.6\lib\distutils\command\wininst-8.0-amd64.pdb
c:\python276_2012\python-2.7.6\pc\vs8.0\x64\release\install.res
c:\python276_2012\python-2.7.6\pc\vs8.0\x64\release\bdist_wininst.tlog\cl.command.1.tlog
c:\python276_2012\python-2.7.6\pc\vs8.0\x64\release\bdist_wininst.tlog\cl.read.1.tlog
c:\python276_2012\python-2.7.6\pc\vs8.0\x64\release\bdist_wininst.tlog\cl.write.1.tlog
c:\python276_2012\python-2.7.6\pc\vs8.0\x64\release\bdist_wininst.tlog\link.command.1.tlog
c:\python276_2012\python-2.7.6\pc\vs8.0\x64\release\bdist_wininst.tlog\link.read.1.tlog
c:\python276_2012\python-2.7.6\pc\vs8.0\x64\release\bdist_wininst.tlog\link.write.1.tlog
c:\python276_2012\python-2.7.6\pc\vs8.0\x64\release\bdist_wininst.tlog\rc.command.1.tlog
c:\python276_2012\python-2.7.6\pc\vs8.0\x64\release\bdist_wininst.tlog\rc.read.1.tlog
c:\python276_2012\python-2.7.6\pc\vs8.0\x64\release\bdist_wininst.tlog\rc.write.1.tlog
