c:\python276_2012\python-2.7.6\pc\vs8.0\x64-temp-release\pythoncore\vc120.pdb
c:\python276_2012\python-2.7.6\pc\vs8.0\x64-temp-release\pythoncore\cpickle.obj
c:\python276_2012\python-2.7.6\pc\vs8.0\x64-temp-release\pythoncore\cmathmodule.obj
c:\python276_2012\python-2.7.6\pc\vs8.0\x64-temp-release\pythoncore\binascii.obj
c:\python276_2012\python-2.7.6\pc\vs8.0\x64-temp-release\pythoncore\audioop.obj
c:\python276_2012\python-2.7.6\pc\vs8.0\x64-temp-release\pythoncore\arraymodule.obj
c:\python276_2012\python-2.7.6\pc\vs8.0\x64-temp-release\pythoncore\_weakref.obj
c:\python276_2012\python-2.7.6\pc\vs8.0\x64-temp-release\pythoncore\_struct.obj
c:\python276_2012\python-2.7.6\pc\vs8.0\x64-temp-release\pythoncore\_sre.obj
c:\python276_2012\python-2.7.6\pc\vs8.0\x64-temp-release\pythoncore\_randommodule.obj
c:\python276_2012\python-2.7.6\pc\vs8.0\x64-temp-release\pythoncore\_math.obj
c:\python276_2012\python-2.7.6\pc\vs8.0\x64-temp-release\pythoncore\_lsprof.obj
c:\python276_2012\python-2.7.6\pc\vs8.0\x64-temp-release\pythoncore\_localemodule.obj
c:\python276_2012\python-2.7.6\pc\vs8.0\x64-temp-release\pythoncore\_json.obj
c:\python276_2012\python-2.7.6\pc\vs8.0\x64-temp-release\pythoncore\_hotshot.obj
c:\python276_2012\python-2.7.6\pc\vs8.0\x64-temp-release\pythoncore\_heapqmodule.obj
c:\python276_2012\python-2.7.6\pc\vs8.0\x64-temp-release\pythoncore\_functoolsmodule.obj
c:\python276_2012\python-2.7.6\pc\vs8.0\x64-temp-release\pythoncore\_csv.obj
c:\python276_2012\python-2.7.6\pc\vs8.0\x64-temp-release\pythoncore\_collectionsmodule.obj
c:\python276_2012\python-2.7.6\pc\vs8.0\x64-temp-release\pythoncore\_codecsmodule.obj
c:\python276_2012\python-2.7.6\pc\vs8.0\x64-temp-release\pythoncore\_bisectmodule.obj
c:\python276_2012\python-2.7.6\pc\vs8.0\x64-temp-release\pythoncore\signalmodule.obj
c:\python276_2012\python-2.7.6\pc\vs8.0\x64-temp-release\pythoncore\shamodule.obj
c:\python276_2012\python-2.7.6\pc\vs8.0\x64-temp-release\pythoncore\sha512module.obj
c:\python276_2012\python-2.7.6\pc\vs8.0\x64-temp-release\pythoncore\sha256module.obj
c:\python276_2012\python-2.7.6\pc\vs8.0\x64-temp-release\pythoncore\rotatingtree.obj
c:\python276_2012\python-2.7.6\pc\vs8.0\x64-temp-release\pythoncore\posixmodule.obj
c:\python276_2012\python-2.7.6\pc\vs8.0\x64-temp-release\pythoncore\parsermodule.obj
c:\python276_2012\python-2.7.6\pc\vs8.0\x64-temp-release\pythoncore\operator.obj
c:\python276_2012\python-2.7.6\pc\vs8.0\x64-temp-release\pythoncore\mmapmodule.obj
c:\python276_2012\python-2.7.6\pc\vs8.0\x64-temp-release\pythoncore\md5module.obj
c:\python276_2012\python-2.7.6\pc\vs8.0\x64-temp-release\pythoncore\md5.obj
c:\python276_2012\python-2.7.6\pc\vs8.0\x64-temp-release\pythoncore\mathmodule.obj
c:\python276_2012\python-2.7.6\pc\vs8.0\x64-temp-release\pythoncore\main.obj
c:\python276_2012\python-2.7.6\pc\vs8.0\x64-temp-release\pythoncore\itertoolsmodule.obj
c:\python276_2012\python-2.7.6\pc\vs8.0\x64-temp-release\pythoncore\imageop.obj
c:\python276_2012\python-2.7.6\pc\vs8.0\x64-temp-release\pythoncore\gcmodule.obj
c:\python276_2012\python-2.7.6\pc\vs8.0\x64-temp-release\pythoncore\future_builtins.obj
c:\python276_2012\python-2.7.6\pc\vs8.0\x64-temp-release\pythoncore\errnomodule.obj
c:\python276_2012\python-2.7.6\pc\vs8.0\x64-temp-release\pythoncore\datetimemodule.obj
c:\python276_2012\python-2.7.6\pc\vs8.0\x64-temp-release\pythoncore\cstringio.obj
c:\python276_2012\python-2.7.6\pc\vs8.0\x64-temp-release\pythoncore\_codecs_cn.obj
c:\python276_2012\python-2.7.6\pc\vs8.0\x64-temp-release\pythoncore\zutil.obj
c:\python276_2012\python-2.7.6\pc\vs8.0\x64-temp-release\pythoncore\uncompr.obj
c:\python276_2012\python-2.7.6\pc\vs8.0\x64-temp-release\pythoncore\trees.obj
c:\python276_2012\python-2.7.6\pc\vs8.0\x64-temp-release\pythoncore\inftrees.obj
c:\python276_2012\python-2.7.6\pc\vs8.0\x64-temp-release\pythoncore\inflate.obj
c:\python276_2012\python-2.7.6\pc\vs8.0\x64-temp-release\pythoncore\inffast.obj
c:\python276_2012\python-2.7.6\pc\vs8.0\x64-temp-release\pythoncore\infback.obj
c:\python276_2012\python-2.7.6\pc\vs8.0\x64-temp-release\pythoncore\gzio.obj
c:\python276_2012\python-2.7.6\pc\vs8.0\x64-temp-release\pythoncore\deflate.obj
c:\python276_2012\python-2.7.6\pc\vs8.0\x64-temp-release\pythoncore\crc32.obj
c:\python276_2012\python-2.7.6\pc\vs8.0\x64-temp-release\pythoncore\compress.obj
c:\python276_2012\python-2.7.6\pc\vs8.0\x64-temp-release\pythoncore\adler32.obj
c:\python276_2012\python-2.7.6\pc\vs8.0\x64-temp-release\pythoncore\zlibmodule.obj
c:\python276_2012\python-2.7.6\pc\vs8.0\x64-temp-release\pythoncore\zipimport.obj
c:\python276_2012\python-2.7.6\pc\vs8.0\x64-temp-release\pythoncore\xxsubtype.obj
c:\python276_2012\python-2.7.6\pc\vs8.0\x64-temp-release\pythoncore\timemodule.obj
c:\python276_2012\python-2.7.6\pc\vs8.0\x64-temp-release\pythoncore\threadmodule.obj
c:\python276_2012\python-2.7.6\pc\vs8.0\x64-temp-release\pythoncore\symtablemodule.obj
c:\python276_2012\python-2.7.6\pc\vs8.0\x64-temp-release\pythoncore\stropmodule.obj
c:\python276_2012\python-2.7.6\pc\vs8.0\x64-temp-release\pythoncore\cellobject.obj
c:\python276_2012\python-2.7.6\pc\vs8.0\x64-temp-release\pythoncore\capsule.obj
c:\python276_2012\python-2.7.6\pc\vs8.0\x64-temp-release\pythoncore\bytearrayobject.obj
c:\python276_2012\python-2.7.6\pc\vs8.0\x64-temp-release\pythoncore\bytes_methods.obj
c:\python276_2012\python-2.7.6\pc\vs8.0\x64-temp-release\pythoncore\bufferobject.obj
c:\python276_2012\python-2.7.6\pc\vs8.0\x64-temp-release\pythoncore\boolobject.obj
c:\python276_2012\python-2.7.6\pc\vs8.0\x64-temp-release\pythoncore\abstract.obj
c:\python276_2012\python-2.7.6\pc\vs8.0\x64-temp-release\pythoncore\textio.obj
c:\python276_2012\python-2.7.6\pc\vs8.0\x64-temp-release\pythoncore\stringio.obj
c:\python276_2012\python-2.7.6\pc\vs8.0\x64-temp-release\pythoncore\iobase.obj
c:\python276_2012\python-2.7.6\pc\vs8.0\x64-temp-release\pythoncore\fileio.obj
c:\python276_2012\python-2.7.6\pc\vs8.0\x64-temp-release\pythoncore\bytesio.obj
c:\python276_2012\python-2.7.6\pc\vs8.0\x64-temp-release\pythoncore\bufferedio.obj
c:\python276_2012\python-2.7.6\pc\vs8.0\x64-temp-release\pythoncore\_iomodule.obj
c:\python276_2012\python-2.7.6\pc\vs8.0\x64-temp-release\pythoncore\multibytecodec.obj
c:\python276_2012\python-2.7.6\pc\vs8.0\x64-temp-release\pythoncore\_codecs_tw.obj
c:\python276_2012\python-2.7.6\pc\vs8.0\x64-temp-release\pythoncore\_codecs_kr.obj
c:\python276_2012\python-2.7.6\pc\vs8.0\x64-temp-release\pythoncore\_codecs_jp.obj
c:\python276_2012\python-2.7.6\pc\vs8.0\x64-temp-release\pythoncore\_codecs_iso2022.obj
c:\python276_2012\python-2.7.6\pc\vs8.0\x64-temp-release\pythoncore\_codecs_hk.obj
c:\python276_2012\python-2.7.6\pc\vs8.0\x64-temp-release\pythoncore\moduleobject.obj
c:\python276_2012\python-2.7.6\pc\vs8.0\x64-temp-release\pythoncore\methodobject.obj
c:\python276_2012\python-2.7.6\pc\vs8.0\x64-temp-release\pythoncore\memoryobject.obj
c:\python276_2012\python-2.7.6\pc\vs8.0\x64-temp-release\pythoncore\longobject.obj
c:\python276_2012\python-2.7.6\pc\vs8.0\x64-temp-release\pythoncore\listobject.obj
c:\python276_2012\python-2.7.6\pc\vs8.0\x64-temp-release\pythoncore\iterobject.obj
c:\python276_2012\python-2.7.6\pc\vs8.0\x64-temp-release\pythoncore\intobject.obj
c:\python276_2012\python-2.7.6\pc\vs8.0\x64-temp-release\pythoncore\genobject.obj
c:\python276_2012\python-2.7.6\pc\vs8.0\x64-temp-release\pythoncore\funcobject.obj
c:\python276_2012\python-2.7.6\pc\vs8.0\x64-temp-release\pythoncore\frameobject.obj
c:\python276_2012\python-2.7.6\pc\vs8.0\x64-temp-release\pythoncore\floatobject.obj
c:\python276_2012\python-2.7.6\pc\vs8.0\x64-temp-release\pythoncore\fileobject.obj
c:\python276_2012\python-2.7.6\pc\vs8.0\x64-temp-release\pythoncore\exceptions.obj
c:\python276_2012\python-2.7.6\pc\vs8.0\x64-temp-release\pythoncore\enumobject.obj
c:\python276_2012\python-2.7.6\pc\vs8.0\x64-temp-release\pythoncore\dictobject.obj
c:\python276_2012\python-2.7.6\pc\vs8.0\x64-temp-release\pythoncore\descrobject.obj
c:\python276_2012\python-2.7.6\pc\vs8.0\x64-temp-release\pythoncore\complexobject.obj
c:\python276_2012\python-2.7.6\pc\vs8.0\x64-temp-release\pythoncore\codeobject.obj
c:\python276_2012\python-2.7.6\pc\vs8.0\x64-temp-release\pythoncore\cobject.obj
c:\python276_2012\python-2.7.6\pc\vs8.0\x64-temp-release\pythoncore\classobject.obj
c:\python276_2012\python-2.7.6\pc\vs8.0\x64-temp-release\pythoncore\myreadline.obj
c:\python276_2012\python-2.7.6\pc\vs8.0\x64-temp-release\pythoncore\metagrammar.obj
c:\python276_2012\python-2.7.6\pc\vs8.0\x64-temp-release\pythoncore\listnode.obj
c:\python276_2012\python-2.7.6\pc\vs8.0\x64-temp-release\pythoncore\grammar1.obj
c:\python276_2012\python-2.7.6\pc\vs8.0\x64-temp-release\pythoncore\grammar.obj
c:\python276_2012\python-2.7.6\pc\vs8.0\x64-temp-release\pythoncore\firstsets.obj
c:\python276_2012\python-2.7.6\pc\vs8.0\x64-temp-release\pythoncore\bitset.obj
c:\python276_2012\python-2.7.6\pc\vs8.0\x64-temp-release\pythoncore\acceler.obj
c:\python276_2012\python-2.7.6\pc\vs8.0\x64-temp-release\pythoncore\weakrefobject.obj
c:\python276_2012\python-2.7.6\pc\vs8.0\x64-temp-release\pythoncore\unicodeobject.obj
c:\python276_2012\python-2.7.6\pc\vs8.0\x64-temp-release\pythoncore\unicodectype.obj
c:\python276_2012\python-2.7.6\pc\vs8.0\x64-temp-release\pythoncore\typeobject.obj
c:\python276_2012\python-2.7.6\pc\vs8.0\x64-temp-release\pythoncore\tupleobject.obj
c:\python276_2012\python-2.7.6\pc\vs8.0\x64-temp-release\pythoncore\structseq.obj
c:\python276_2012\python-2.7.6\pc\vs8.0\x64-temp-release\pythoncore\stringobject.obj
c:\python276_2012\python-2.7.6\pc\vs8.0\x64-temp-release\pythoncore\sliceobject.obj
c:\python276_2012\python-2.7.6\pc\vs8.0\x64-temp-release\pythoncore\setobject.obj
c:\python276_2012\python-2.7.6\pc\vs8.0\x64-temp-release\pythoncore\rangeobject.obj
c:\python276_2012\python-2.7.6\pc\vs8.0\x64-temp-release\pythoncore\obmalloc.obj
c:\python276_2012\python-2.7.6\pc\vs8.0\x64-temp-release\pythoncore\object.obj
c:\python276_2012\python-2.7.6\pc\vs8.0\x64-temp-release\pythoncore\dynload_win.obj
c:\python276_2012\python-2.7.6\pc\vs8.0\x64-temp-release\pythoncore\dtoa.obj
c:\python276_2012\python-2.7.6\pc\vs8.0\x64-temp-release\pythoncore\compile.obj
c:\python276_2012\python-2.7.6\pc\vs8.0\x64-temp-release\pythoncore\codecs.obj
c:\python276_2012\python-2.7.6\pc\vs8.0\x64-temp-release\pythoncore\ceval.obj
c:\python276_2012\python-2.7.6\pc\vs8.0\x64-temp-release\pythoncore\bltinmodule.obj
c:\python276_2012\python-2.7.6\pc\vs8.0\x64-temp-release\pythoncore\ast.obj
c:\python276_2012\python-2.7.6\pc\vs8.0\x64-temp-release\pythoncore\asdl.obj
c:\python276_2012\python-2.7.6\pc\vs8.0\x64-temp-release\pythoncore\_warnings.obj
c:\python276_2012\python-2.7.6\pc\vs8.0\x64-temp-release\pythoncore\msvcrtmodule.obj
c:\python276_2012\python-2.7.6\pc\vs8.0\x64-temp-release\pythoncore\import_nt.obj
c:\python276_2012\python-2.7.6\pc\vs8.0\x64-temp-release\pythoncore\getpathp.obj
c:\python276_2012\python-2.7.6\pc\vs8.0\x64-temp-release\pythoncore\dl_nt.obj
c:\python276_2012\python-2.7.6\pc\vs8.0\x64-temp-release\pythoncore\config.obj
c:\python276_2012\python-2.7.6\pc\vs8.0\x64-temp-release\pythoncore\_winreg.obj
c:\python276_2012\python-2.7.6\pc\vs8.0\x64-temp-release\pythoncore\_subprocess.obj
c:\python276_2012\python-2.7.6\pc\vs8.0\x64-temp-release\pythoncore\tokenizer.obj
c:\python276_2012\python-2.7.6\pc\vs8.0\x64-temp-release\pythoncore\parsetok.obj
c:\python276_2012\python-2.7.6\pc\vs8.0\x64-temp-release\pythoncore\parser.obj
c:\python276_2012\python-2.7.6\pc\vs8.0\x64-temp-release\pythoncore\node.obj
c:\python276_2012\python-2.7.6\pc\vs8.0\x64-temp-release\pythoncore\pyarena.obj
c:\python276_2012\python-2.7.6\pc\vs8.0\x64-temp-release\pythoncore\peephole.obj
c:\python276_2012\python-2.7.6\pc\vs8.0\x64-temp-release\pythoncore\mystrtoul.obj
c:\python276_2012\python-2.7.6\pc\vs8.0\x64-temp-release\pythoncore\mysnprintf.obj
c:\python276_2012\python-2.7.6\pc\vs8.0\x64-temp-release\pythoncore\modsupport.obj
c:\python276_2012\python-2.7.6\pc\vs8.0\x64-temp-release\pythoncore\marshal.obj
c:\python276_2012\python-2.7.6\pc\vs8.0\x64-temp-release\pythoncore\importdl.obj
c:\python276_2012\python-2.7.6\pc\vs8.0\x64-temp-release\pythoncore\import.obj
c:\python276_2012\python-2.7.6\pc\vs8.0\x64-temp-release\pythoncore\graminit.obj
c:\python276_2012\python-2.7.6\pc\vs8.0\x64-temp-release\pythoncore\getversion.obj
c:\python276_2012\python-2.7.6\pc\vs8.0\x64-temp-release\pythoncore\getplatform.obj
c:\python276_2012\python-2.7.6\pc\vs8.0\x64-temp-release\pythoncore\getopt.obj
c:\python276_2012\python-2.7.6\pc\vs8.0\x64-temp-release\pythoncore\getcopyright.obj
c:\python276_2012\python-2.7.6\pc\vs8.0\x64-temp-release\pythoncore\getcompiler.obj
c:\python276_2012\python-2.7.6\pc\vs8.0\x64-temp-release\pythoncore\getargs.obj
c:\python276_2012\python-2.7.6\pc\vs8.0\x64-temp-release\pythoncore\future.obj
c:\python276_2012\python-2.7.6\pc\vs8.0\x64-temp-release\pythoncore\frozen.obj
c:\python276_2012\python-2.7.6\pc\vs8.0\x64-temp-release\pythoncore\formatter_unicode.obj
c:\python276_2012\python-2.7.6\pc\vs8.0\x64-temp-release\pythoncore\formatter_string.obj
c:\python276_2012\python-2.7.6\pc\vs8.0\x64-temp-release\pythoncore\errors.obj
c:\python276_2012\python-2.7.6\pc\vs8.0\x64-temp-release\pythoncore\traceback.obj
c:\python276_2012\python-2.7.6\pc\vs8.0\x64-temp-release\pythoncore\thread.obj
c:\python276_2012\python-2.7.6\pc\vs8.0\x64-temp-release\pythoncore\sysmodule.obj
c:\python276_2012\python-2.7.6\pc\vs8.0\x64-temp-release\pythoncore\symtable.obj
c:\python276_2012\python-2.7.6\pc\vs8.0\x64-temp-release\pythoncore\structmember.obj
c:\python276_2012\python-2.7.6\pc\vs8.0\x64-temp-release\pythoncore\random.obj
c:\python276_2012\python-2.7.6\pc\vs8.0\x64-temp-release\pythoncore\pythonrun.obj
c:\python276_2012\python-2.7.6\pc\vs8.0\x64-temp-release\pythoncore\python-ast.obj
c:\python276_2012\python-2.7.6\pc\vs8.0\x64-temp-release\pythoncore\pystrtod.obj
c:\python276_2012\python-2.7.6\pc\vs8.0\x64-temp-release\pythoncore\pystrcmp.obj
c:\python276_2012\python-2.7.6\pc\vs8.0\x64-temp-release\pythoncore\pystate.obj
c:\python276_2012\python-2.7.6\pc\vs8.0\x64-temp-release\pythoncore\pymath.obj
c:\python276_2012\python-2.7.6\pc\vs8.0\x64-temp-release\pythoncore\pyfpe.obj
c:\python276_2012\python-2.7.6\pc\vs8.0\x64-temp-release\pythoncore\pyctype.obj
c:\python276_2012\python-2.7.6\pc\vs8.0\amd64\python27.dll
c:\python276_2012\python-2.7.6\pc\vs8.0\amd64\python27.pdb
c:\python276_2012\python-2.7.6\pc\vs8.0\amd64\python27.lib
c:\python276_2012\python-2.7.6\pc\vs8.0\amd64\python27.exp
c:\python276_2012\python-2.7.6\pc\vs8.0\x64-temp-release\pythoncore\python_nt.res
c:\python276_2012\python-2.7.6\pc\vs8.0\x64-temp-release\pythoncore\pythoncore.tlog\cl.command.1.tlog
c:\python276_2012\python-2.7.6\pc\vs8.0\x64-temp-release\pythoncore\pythoncore.tlog\cl.read.1.tlog
c:\python276_2012\python-2.7.6\pc\vs8.0\x64-temp-release\pythoncore\pythoncore.tlog\cl.write.1.tlog
c:\python276_2012\python-2.7.6\pc\vs8.0\x64-temp-release\pythoncore\pythoncore.tlog\link.command.1.tlog
c:\python276_2012\python-2.7.6\pc\vs8.0\x64-temp-release\pythoncore\pythoncore.tlog\link.read.1.tlog
c:\python276_2012\python-2.7.6\pc\vs8.0\x64-temp-release\pythoncore\pythoncore.tlog\link.write.1.tlog
c:\python276_2012\python-2.7.6\pc\vs8.0\x64-temp-release\pythoncore\pythoncore.tlog\pythoncore.write.1u.tlog
c:\python276_2012\python-2.7.6\pc\vs8.0\x64-temp-release\pythoncore\pythoncore.tlog\rc.command.1.tlog
c:\python276_2012\python-2.7.6\pc\vs8.0\x64-temp-release\pythoncore\pythoncore.tlog\rc.read.1.tlog
c:\python276_2012\python-2.7.6\pc\vs8.0\x64-temp-release\pythoncore\pythoncore.tlog\rc.write.1.tlog
