Build started 12/02/2014 16:13:29.
     1>Project "C:\workspaces\Python276\PC\VS8.0\pythoncore.vcxproj" on node 2 (Rebuild target(s)).
     1>ClCompile:
         C:\Program Files (x86)\Microsoft Visual Studio 12.0\VC\bin\x86_amd64\CL.exe /c /I..\..\Python /I..\..\Modules\zlib /I..\..\Include /I..\..\PC /Zi /nologo /W3 /WX- /O2 /Ob1 /Oi /D _USRDLL /D Py_BUILD_CORE /D Py_ENABLE_SHARED /D WIN32 /D NDEBUG /D _WIN64 /D _M_X64 /D _WIN32 /D _WINDLL /GF /Gm- /MD /GS /Gy /fp:precise /Zc:wchar_t /Zc:forScope /Fo"C:\workspaces\Python276\PC\VS8.0\x64-temp-Release\pythoncore\\" /Fd"C:\workspaces\Python276\PC\VS8.0\x64-temp-Release\pythoncore\vc120.pdb" /Gd /TC /errorReport:prompt /Zm200  /USECL:MS_OPTERON /GS- ..\..\Modules\_bisectmodule.c ..\..\Modules\_codecsmodule.c ..\..\Modules\_collectionsmodule.c ..\..\Modules\_csv.c ..\..\Modules\_functoolsmodule.c ..\..\Modules\_heapqmodule.c ..\..\Modules\_hotshot.c ..\..\Modules\_json.c ..\..\Modules\_localemodule.c ..\..\Modules\_lsprof.c ..\..\Modules\_math.c ..\..\Modules\_randommodule.c ..\..\Modules\_sre.c ..\..\Modules\_struct.c ..\..\Modules\_weakref.c ..\..\Modules\arraymodule.c ..\..\Modules\audioop.c ..\..\Modules\binascii.c ..\..\Modules\cmathmodule.c ..\..\Modules\cPickle.c ..\..\Modules\cStringIO.c ..\..\Modules\datetimemodule.c ..\..\Modules\errnomodule.c ..\..\Modules\future_builtins.c ..\..\Modules\gcmodule.c ..\..\Modules\imageop.c ..\..\Modules\itertoolsmodule.c ..\..\Modules\main.c ..\..\Modules\mathmodule.c ..\..\Modules\md5.c ..\..\Modules\md5module.c ..\..\Modules\mmapmodule.c ..\..\Modules\operator.c ..\..\Modules\parsermodule.c ..\..\Modules\posixmodule.c ..\..\Modules\rotatingtree.c ..\..\Modules\sha256module.c ..\..\Modules\sha512module.c ..\..\Modules\shamodule.c ..\..\Modules\signalmodule.c ..\..\Modules\stropmodule.c ..\..\Modules\symtablemodule.c ..\..\Modules\threadmodule.c ..\..\Modules\timemodule.c ..\..\Modules\xxsubtype.c ..\..\Modules\zipimport.c ..\..\Modules\zlibmodule.c ..\..\Modules\zlib\adler32.c ..\..\Modules\zlib\compress.c ..\..\Modules\zlib\crc32.c ..\..\Modules\zlib\deflate.c ..\..\Modules\zlib\gzio.c ..\..\Modules\zlib\infback.c ..\..\Modules\zlib\inffast.c ..\..\Modules\zlib\inflate.c ..\..\Modules\zlib\inftrees.c ..\..\Modules\zlib\trees.c ..\..\Modules\zlib\uncompr.c ..\..\Modules\zlib\zutil.c ..\..\Modules\cjkcodecs\_codecs_cn.c ..\..\Modules\cjkcodecs\_codecs_hk.c ..\..\Modules\cjkcodecs\_codecs_iso2022.c ..\..\Modules\cjkcodecs\_codecs_jp.c ..\..\Modules\cjkcodecs\_codecs_kr.c ..\..\Modules\cjkcodecs\_codecs_tw.c ..\..\Modules\cjkcodecs\multibytecodec.c ..\..\Modules\_io\_iomodule.c ..\..\Modules\_io\bufferedio.c ..\..\Modules\_io\bytesio.c ..\..\Modules\_io\fileio.c ..\..\Modules\_io\iobase.c ..\..\Modules\_io\stringio.c ..\..\Modules\_io\textio.c ..\..\Objects\abstract.c ..\..\Objects\boolobject.c ..\..\Objects\bufferobject.c ..\..\Objects\bytes_methods.c ..\..\Objects\bytearrayobject.c ..\..\Objects\capsule.c ..\..\Objects\cellobject.c ..\..\Objects\classobject.c ..\..\Objects\cobject.c ..\..\Objects\codeobject.c ..\..\Objects\complexobject.c ..\..\Objects\descrobject.c ..\..\Objects\dictobject.c ..\..\Objects\enumobject.c ..\..\Objects\exceptions.c ..\..\Objects\fileobject.c ..\..\Objects\floatobject.c ..\..\Objects\frameobject.c ..\..\Objects\funcobject.c ..\..\Objects\genobject.c ..\..\Objects\intobject.c ..\..\Objects\iterobject.c ..\..\Objects\listobject.c ..\..\Objects\longobject.c ..\..\Objects\memoryobject.c ..\..\Objects\methodobject.c ..\..\Objects\moduleobject.c ..\..\Objects\object.c ..\..\Objects\obmalloc.c ..\..\Objects\rangeobject.c ..\..\Objects\setobject.c ..\..\Objects\sliceobject.c ..\..\Objects\stringobject.c ..\..\Objects\structseq.c ..\..\Objects\tupleobject.c ..\..\Objects\typeobject.c ..\..\Objects\unicodectype.c ..\..\Objects\unicodeobject.c ..\..\Objects\weakrefobject.c ..\..\Parser\acceler.c ..\..\Parser\bitset.c ..\..\Parser\firstsets.c ..\..\Parser\grammar.c ..\..\Parser\grammar1.c ..\..\Parser\listnode.c ..\..\Parser\metagrammar.c ..\..\Parser\myreadline.c ..\..\Parser\node.c ..\..\Parser\parser.c ..\..\Parser\parsetok.c ..\..\Parser\tokenizer.c ..\_subprocess.c ..\_winreg.c ..\config.c ..\dl_nt.c ..\getpathp.c ..\import_nt.c ..\msvcrtmodule.c ..\..\Python\_warnings.c ..\..\Python\asdl.c ..\..\Python\ast.c ..\..\Python\bltinmodule.c ..\..\Python\ceval.c ..\..\Python\codecs.c ..\..\Python\compile.c ..\..\Python\dtoa.c ..\..\Python\dynload_win.c ..\..\Python\errors.c ..\..\Python\formatter_string.c ..\..\Python\formatter_unicode.c ..\..\Python\frozen.c ..\..\Python\future.c ..\..\Python\getargs.c ..\..\Python\getcompiler.c ..\..\Python\getcopyright.c ..\..\Python\getopt.c ..\..\Python\getplatform.c ..\..\Python\getversion.c ..\..\Python\graminit.c ..\..\Python\import.c ..\..\Python\importdl.c ..\..\Python\marshal.c ..\..\Python\modsupport.c ..\..\Python\mysnprintf.c ..\..\Python\mystrtoul.c ..\..\Python\peephole.c ..\..\Python\pyarena.c ..\..\Python\pyctype.c ..\..\Python\pyfpe.c ..\..\Python\pymath.c ..\..\Python\pystate.c ..\..\Python\pystrcmp.c ..\..\Python\pystrtod.c "..\..\Python\Python-ast.c" ..\..\Python\pythonrun.c ..\..\Python\random.c ..\..\Python\structmember.c ..\..\Python\symtable.c ..\..\Python\sysmodule.c ..\..\Python\thread.c ..\..\Python\traceback.c
     1>cl : Command line warning D9025: overriding '/GS' with '/GS-'
         _bisectmodule.c
     1>c:\workspaces\python276\include\pymath.h(22): warning C4273: 'round' : inconsistent dll linkage
                 C:\Program Files (x86)\Microsoft Visual Studio 12.0\VC\include\math.h(516) : see previous definition of 'round'
         _codecsmodule.c
     1>c:\workspaces\python276\include\pymath.h(22): warning C4273: 'round' : inconsistent dll linkage
                 C:\Program Files (x86)\Microsoft Visual Studio 12.0\VC\include\math.h(516) : see previous definition of 'round'
         _collectionsmodule.c
     1>c:\workspaces\python276\include\pymath.h(22): warning C4273: 'round' : inconsistent dll linkage
                 C:\Program Files (x86)\Microsoft Visual Studio 12.0\VC\include\math.h(516) : see previous definition of 'round'
     1>..\..\Modules\_collectionsmodule.c(1253): warning C4244: 'function' : conversion from 'Py_ssize_t' to 'long', possible loss of data
         _csv.c
     1>c:\workspaces\python276\include\pymath.h(22): warning C4273: 'round' : inconsistent dll linkage
                 C:\Program Files (x86)\Microsoft Visual Studio 12.0\VC\include\math.h(516) : see previous definition of 'round'
     1>..\..\Modules\_csv.c(803): warning C4244: '=' : conversion from 'Py_ssize_t' to 'int', possible loss of data
     1>..\..\Modules\_csv.c(1122): warning C4244: '=' : conversion from 'Py_ssize_t' to 'int', possible loss of data
     1>..\..\Modules\_csv.c(1154): warning C4244: '=' : conversion from 'Py_ssize_t' to 'int', possible loss of data
         _functoolsmodule.c
     1>c:\workspaces\python276\include\pymath.h(22): warning C4273: 'round' : inconsistent dll linkage
                 C:\Program Files (x86)\Microsoft Visual Studio 12.0\VC\include\math.h(516) : see previous definition of 'round'
         _heapqmodule.c
     1>c:\workspaces\python276\include\pymath.h(22): warning C4273: 'round' : inconsistent dll linkage
                 C:\Program Files (x86)\Microsoft Visual Studio 12.0\VC\include\math.h(516) : see previous definition of 'round'
         _hotshot.c
     1>c:\workspaces\python276\include\pymath.h(22): warning C4273: 'round' : inconsistent dll linkage
                 C:\Program Files (x86)\Microsoft Visual Studio 12.0\VC\include\math.h(516) : see previous definition of 'round'
         _json.c
     1>c:\workspaces\python276\include\pymath.h(22): warning C4273: 'round' : inconsistent dll linkage
                 C:\Program Files (x86)\Microsoft Visual Studio 12.0\VC\include\math.h(516) : see previous definition of 'round'
         _localemodule.c
     1>c:\workspaces\python276\include\pymath.h(22): warning C4273: 'round' : inconsistent dll linkage
                 C:\Program Files (x86)\Microsoft Visual Studio 12.0\VC\include\math.h(516) : see previous definition of 'round'
     1>..\..\Modules\_localemodule.c(316): warning C4244: '=' : conversion from 'Py_ssize_t' to 'int', possible loss of data
     1>..\..\Modules\_localemodule.c(325): warning C4244: '=' : conversion from 'Py_ssize_t' to 'int', possible loss of data
         _lsprof.c
     1>c:\workspaces\python276\include\pymath.h(22): warning C4273: 'round' : inconsistent dll linkage
                 C:\Program Files (x86)\Microsoft Visual Studio 12.0\VC\include\math.h(516) : see previous definition of 'round'
         _math.c
     1>c:\workspaces\python276\include\pymath.h(22): warning C4273: 'round' : inconsistent dll linkage
                 C:\Program Files (x86)\Microsoft Visual Studio 12.0\VC\include\math.h(516) : see previous definition of 'round'
         _randommodule.c
     1>c:\workspaces\python276\include\pymath.h(22): warning C4273: 'round' : inconsistent dll linkage
                 C:\Program Files (x86)\Microsoft Visual Studio 12.0\VC\include\math.h(516) : see previous definition of 'round'
         _sre.c
     1>c:\workspaces\python276\include\pymath.h(22): warning C4273: 'round' : inconsistent dll linkage
                 C:\Program Files (x86)\Microsoft Visual Studio 12.0\VC\include\math.h(516) : see previous definition of 'round'
     1>c:\workspaces\python276\modules\_sre.c(1901): warning C4244: '=' : conversion from 'Py_ssize_t' to 'int', possible loss of data
     1>c:\workspaces\python276\modules\_sre.c(1904): warning C4244: '=' : conversion from 'Py_ssize_t' to 'int', possible loss of data
     1>c:\workspaces\python276\modules\_sre.c(1938): warning C4244: '=' : conversion from 'Py_ssize_t' to 'int', possible loss of data
     1>c:\workspaces\python276\modules\_sre.c(1941): warning C4244: '=' : conversion from 'Py_ssize_t' to 'int', possible loss of data
     1>c:\workspaces\python276\modules\_sre.c(2085): warning C4244: '=' : conversion from 'Py_ssize_t' to 'int', possible loss of data
     1>c:\workspaces\python276\modules\_sre.c(2088): warning C4244: '=' : conversion from 'Py_ssize_t' to 'int', possible loss of data
     1>c:\workspaces\python276\modules\_sre.c(2215): warning C4244: '=' : conversion from 'Py_ssize_t' to 'int', possible loss of data
     1>c:\workspaces\python276\modules\_sre.c(2218): warning C4244: '=' : conversion from 'Py_ssize_t' to 'int', possible loss of data
     1>c:\workspaces\python276\modules\_sre.c(2367): warning C4244: '=' : conversion from 'Py_ssize_t' to 'int', possible loss of data
     1>c:\workspaces\python276\modules\_sre.c(2370): warning C4244: '=' : conversion from 'Py_ssize_t' to 'int', possible loss of data
     1>c:\workspaces\python276\modules\_sre.c(3787): warning C4244: '=' : conversion from 'Py_ssize_t' to 'int', possible loss of data
     1>c:\workspaces\python276\modules\_sre.c(3790): warning C4244: '=' : conversion from 'Py_ssize_t' to 'int', possible loss of data
     1>c:\workspaces\python276\modules\_sre.c(3820): warning C4244: '=' : conversion from 'Py_ssize_t' to 'int', possible loss of data
     1>c:\workspaces\python276\modules\_sre.c(3823): warning C4244: '=' : conversion from 'Py_ssize_t' to 'int', possible loss of data
         _struct.c
     1>c:\workspaces\python276\include\pymath.h(22): warning C4273: 'round' : inconsistent dll linkage
                 C:\Program Files (x86)\Microsoft Visual Studio 12.0\VC\include\math.h(516) : see previous definition of 'round'
         _weakref.c
     1>c:\workspaces\python276\include\pymath.h(22): warning C4273: 'round' : inconsistent dll linkage
                 C:\Program Files (x86)\Microsoft Visual Studio 12.0\VC\include\math.h(516) : see previous definition of 'round'
         arraymodule.c
     1>c:\workspaces\python276\include\pymath.h(22): warning C4273: 'round' : inconsistent dll linkage
                 C:\Program Files (x86)\Microsoft Visual Studio 12.0\VC\include\math.h(516) : see previous definition of 'round'
         audioop.c
     1>c:\workspaces\python276\include\pymath.h(22): warning C4273: 'round' : inconsistent dll linkage
                 C:\Program Files (x86)\Microsoft Visual Studio 12.0\VC\include\math.h(516) : see previous definition of 'round'
     1>..\..\Modules\audioop.c(28): warning C4146: unary minus operator applied to unsigned type, result still unsigned
     1>..\..\Modules\audioop.c(38): warning C4244: 'return' : conversion from 'double' to 'int', possible loss of data
     1>..\..\Modules\audioop.c(389): warning C4146: unary minus operator applied to unsigned type, result still unsigned
         binascii.c
     1>c:\workspaces\python276\include\pymath.h(22): warning C4273: 'round' : inconsistent dll linkage
                 C:\Program Files (x86)\Microsoft Visual Studio 12.0\VC\include\math.h(516) : see previous definition of 'round'
     1>..\..\Modules\binascii.c(667): warning C4244: '=' : conversion from 'Py_ssize_t' to 'unsigned char', possible loss of data
         cmathmodule.c
     1>c:\workspaces\python276\include\pymath.h(22): warning C4273: 'round' : inconsistent dll linkage
                 C:\Program Files (x86)\Microsoft Visual Studio 12.0\VC\include\math.h(516) : see previous definition of 'round'
         cPickle.c
     1>c:\workspaces\python276\include\pymath.h(22): warning C4273: 'round' : inconsistent dll linkage
                 C:\Program Files (x86)\Microsoft Visual Studio 12.0\VC\include\math.h(516) : see previous definition of 'round'
     1>..\..\Modules\cPickle.c(836): warning C4244: 'function' : conversion from 'Py_ssize_t' to 'long', possible loss of data
     1>..\..\Modules\cPickle.c(873): warning C4244: '=' : conversion from 'Py_ssize_t' to 'char', possible loss of data
     1>..\..\Modules\cPickle.c(1097): warning C4244: '=' : conversion from 'Py_ssize_t' to 'int', possible loss of data
     1>..\..\Modules\cPickle.c(1154): warning C4244: '=' : conversion from 'Py_ssize_t' to 'int', possible loss of data
     1>..\..\Modules\cPickle.c(1156): warning C4244: '=' : conversion from 'Py_ssize_t' to 'int', possible loss of data
     1>..\..\Modules\cPickle.c(1271): warning C4244: '=' : conversion from 'Py_ssize_t' to 'char', possible loss of data
     1>..\..\Modules\cPickle.c(1554): warning C4244: 'function' : conversion from 'Py_ssize_t' to 'int', possible loss of data
     1>..\..\Modules\cPickle.c(1579): warning C4244: 'function' : conversion from 'Py_ssize_t' to 'int', possible loss of data
     1>..\..\Modules\cPickle.c(2100): warning C4244: '=' : conversion from 'Py_ssize_t' to 'int', possible loss of data
     1>..\..\Modules\cPickle.c(2101): warning C4244: '=' : conversion from 'Py_ssize_t' to 'int', possible loss of data
     1>..\..\Modules\cPickle.c(2200): warning C4244: '=' : conversion from 'Py_ssize_t' to 'int', possible loss of data
     1>..\..\Modules\cPickle.c(2201): warning C4244: '=' : conversion from 'Py_ssize_t' to 'int', possible loss of data
     1>..\..\Modules\cPickle.c(3877): warning C4244: '=' : conversion from 'Py_ssize_t' to 'int', possible loss of data
     1>..\..\Modules\cPickle.c(4366): warning C4244: 'return' : conversion from 'Py_ssize_t' to 'int', possible loss of data
     1>..\..\Modules\cPickle.c(4387): warning C4244: 'return' : conversion from 'Py_ssize_t' to 'int', possible loss of data
     1>..\..\Modules\cPickle.c(4412): warning C4244: 'function' : conversion from 'Py_ssize_t' to 'long', possible loss of data
     1>..\..\Modules\cPickle.c(4416): warning C4244: 'return' : conversion from 'Py_ssize_t' to 'int', possible loss of data
     1>..\..\Modules\cPickle.c(4439): warning C4244: '=' : conversion from 'Py_ssize_t' to 'int', possible loss of data
     1>..\..\Modules\cPickle.c(4442): warning C4244: 'return' : conversion from 'Py_ssize_t' to 'int', possible loss of data
     1>..\..\Modules\cPickle.c(4519): warning C4244: 'return' : conversion from 'Py_ssize_t' to 'int', possible loss of data
     1>..\..\Modules\cPickle.c(4525): warning C4244: 'return' : conversion from 'Py_ssize_t' to 'int', possible loss of data
     1>..\..\Modules\cPickle.c(4693): warning C4244: '=' : conversion from 'Py_ssize_t' to 'int', possible loss of data
         Generating Code...
         Compiling...
         cStringIO.c
     1>c:\workspaces\python276\include\pymath.h(22): warning C4273: 'round' : inconsistent dll linkage
                 C:\Program Files (x86)\Microsoft Visual Studio 12.0\VC\include\math.h(516) : see previous definition of 'round'
         datetimemodule.c
     1>c:\workspaces\python276\include\pymath.h(22): warning C4273: 'round' : inconsistent dll linkage
                 C:\Program Files (x86)\Microsoft Visual Studio 12.0\VC\include\math.h(516) : see previous definition of 'round'
     1>..\..\Modules\datetimemodule.c(4239): warning C4267: 'function' : conversion from 'size_t' to 'int', possible loss of data
         errnomodule.c
     1>c:\workspaces\python276\include\pymath.h(22): warning C4273: 'round' : inconsistent dll linkage
                 C:\Program Files (x86)\Microsoft Visual Studio 12.0\VC\include\math.h(516) : see previous definition of 'round'
         future_builtins.c
     1>c:\workspaces\python276\include\pymath.h(22): warning C4273: 'round' : inconsistent dll linkage
                 C:\Program Files (x86)\Microsoft Visual Studio 12.0\VC\include\math.h(516) : see previous definition of 'round'
         gcmodule.c
     1>c:\workspaces\python276\include\pymath.h(22): warning C4273: 'round' : inconsistent dll linkage
                 C:\Program Files (x86)\Microsoft Visual Studio 12.0\VC\include\math.h(516) : see previous definition of 'round'
         imageop.c
     1>c:\workspaces\python276\include\pymath.h(22): warning C4273: 'round' : inconsistent dll linkage
                 C:\Program Files (x86)\Microsoft Visual Studio 12.0\VC\include\math.h(516) : see previous definition of 'round'
         itertoolsmodule.c
     1>c:\workspaces\python276\include\pymath.h(22): warning C4273: 'round' : inconsistent dll linkage
                 C:\Program Files (x86)\Microsoft Visual Studio 12.0\VC\include\math.h(516) : see previous definition of 'round'
         main.c
     1>c:\workspaces\python276\include\pymath.h(22): warning C4273: 'round' : inconsistent dll linkage
                 C:\Program Files (x86)\Microsoft Visual Studio 12.0\VC\include\math.h(516) : see previous definition of 'round'
         mathmodule.c
     1>c:\workspaces\python276\include\pymath.h(22): warning C4273: 'round' : inconsistent dll linkage
                 C:\Program Files (x86)\Microsoft Visual Studio 12.0\VC\include\math.h(516) : see previous definition of 'round'
         md5.c
         md5module.c
     1>c:\workspaces\python276\include\pymath.h(22): warning C4273: 'round' : inconsistent dll linkage
                 C:\Program Files (x86)\Microsoft Visual Studio 12.0\VC\include\math.h(516) : see previous definition of 'round'
         mmapmodule.c
     1>c:\workspaces\python276\include\pymath.h(22): warning C4273: 'round' : inconsistent dll linkage
                 C:\Program Files (x86)\Microsoft Visual Studio 12.0\VC\include\math.h(516) : see previous definition of 'round'
         operator.c
     1>c:\workspaces\python276\include\pymath.h(22): warning C4273: 'round' : inconsistent dll linkage
                 C:\Program Files (x86)\Microsoft Visual Studio 12.0\VC\include\math.h(516) : see previous definition of 'round'
         parsermodule.c
     1>c:\workspaces\python276\include\pymath.h(22): warning C4273: 'round' : inconsistent dll linkage
                 C:\Program Files (x86)\Microsoft Visual Studio 12.0\VC\include\math.h(516) : see previous definition of 'round'
         posixmodule.c
     1>c:\workspaces\python276\include\pymath.h(22): warning C4273: 'round' : inconsistent dll linkage
                 C:\Program Files (x86)\Microsoft Visual Studio 12.0\VC\include\math.h(516) : see previous definition of 'round'
     1>..\..\Modules\posixmodule.c(527): warning C4267: '=' : conversion from 'size_t' to 'int', possible loss of data
     1>..\..\Modules\posixmodule.c(4389): warning C4101: 'opath' : unreferenced local variable
     1>..\..\Modules\posixmodule.c(5351): warning C4996: 'GetVersion': was declared deprecated
                 C:\Program Files (x86)\Windows Kits\8.1\Include\um\sysinfoapi.h(110) : see declaration of 'GetVersion'
     1>..\..\Modules\posixmodule.c(6237): warning C4244: 'function' : conversion from 'Py_intptr_t' to 'long', possible loss of data
         rotatingtree.c
         sha256module.c
     1>c:\workspaces\python276\include\pymath.h(22): warning C4273: 'round' : inconsistent dll linkage
                 C:\Program Files (x86)\Microsoft Visual Studio 12.0\VC\include\math.h(516) : see previous definition of 'round'
     1>..\..\Modules\sha256module.c(488): warning C4244: 'function' : conversion from 'Py_ssize_t' to 'int', possible loss of data
     1>..\..\Modules\sha256module.c(636): warning C4244: 'function' : conversion from 'Py_ssize_t' to 'int', possible loss of data
     1>..\..\Modules\sha256module.c(671): warning C4244: 'function' : conversion from 'Py_ssize_t' to 'int', possible loss of data
         sha512module.c
     1>c:\workspaces\python276\include\pymath.h(22): warning C4273: 'round' : inconsistent dll linkage
                 C:\Program Files (x86)\Microsoft Visual Studio 12.0\VC\include\math.h(516) : see previous definition of 'round'
     1>..\..\Modules\sha512module.c(554): warning C4244: 'function' : conversion from 'Py_ssize_t' to 'int', possible loss of data
     1>..\..\Modules\sha512module.c(702): warning C4244: 'function' : conversion from 'Py_ssize_t' to 'int', possible loss of data
     1>..\..\Modules\sha512module.c(737): warning C4244: 'function' : conversion from 'Py_ssize_t' to 'int', possible loss of data
         shamodule.c
     1>c:\workspaces\python276\include\pymath.h(22): warning C4273: 'round' : inconsistent dll linkage
                 C:\Program Files (x86)\Microsoft Visual Studio 12.0\VC\include\math.h(516) : see previous definition of 'round'
         signalmodule.c
     1>c:\workspaces\python276\include\pymath.h(22): warning C4273: 'round' : inconsistent dll linkage
                 C:\Program Files (x86)\Microsoft Visual Studio 12.0\VC\include\math.h(516) : see previous definition of 'round'
         Generating Code...
         Compiling...
         stropmodule.c
     1>c:\workspaces\python276\include\pymath.h(22): warning C4273: 'round' : inconsistent dll linkage
                 C:\Program Files (x86)\Microsoft Visual Studio 12.0\VC\include\math.h(516) : see previous definition of 'round'
         symtablemodule.c
     1>c:\workspaces\python276\include\pymath.h(22): warning C4273: 'round' : inconsistent dll linkage
                 C:\Program Files (x86)\Microsoft Visual Studio 12.0\VC\include\math.h(516) : see previous definition of 'round'
         threadmodule.c
     1>c:\workspaces\python276\include\pymath.h(22): warning C4273: 'round' : inconsistent dll linkage
                 C:\Program Files (x86)\Microsoft Visual Studio 12.0\VC\include\math.h(516) : see previous definition of 'round'
         timemodule.c
     1>c:\workspaces\python276\include\pymath.h(22): warning C4273: 'round' : inconsistent dll linkage
                 C:\Program Files (x86)\Microsoft Visual Studio 12.0\VC\include\math.h(516) : see previous definition of 'round'
         xxsubtype.c
     1>c:\workspaces\python276\include\pymath.h(22): warning C4273: 'round' : inconsistent dll linkage
                 C:\Program Files (x86)\Microsoft Visual Studio 12.0\VC\include\math.h(516) : see previous definition of 'round'
         zipimport.c
     1>c:\workspaces\python276\include\pymath.h(22): warning C4273: 'round' : inconsistent dll linkage
                 C:\Program Files (x86)\Microsoft Visual Studio 12.0\VC\include\math.h(516) : see previous definition of 'round'
         zlibmodule.c
     1>c:\workspaces\python276\include\pymath.h(22): warning C4273: 'round' : inconsistent dll linkage
                 C:\Program Files (x86)\Microsoft Visual Studio 12.0\VC\include\math.h(516) : see previous definition of 'round'
     1>..\..\Modules\zlibmodule.c(232): warning C4244: '=' : conversion from 'Py_ssize_t' to 'uInt', possible loss of data
     1>..\..\Modules\zlibmodule.c(284): warning C4244: '=' : conversion from 'Py_ssize_t' to 'uInt', possible loss of data
     1>..\..\Modules\zlibmodule.c(431): warning C4244: '=' : conversion from 'Py_ssize_t' to 'uInt', possible loss of data
     1>..\..\Modules\zlibmodule.c(445): warning C4244: '=' : conversion from 'Py_ssize_t' to 'uInt', possible loss of data
     1>..\..\Modules\zlibmodule.c(553): warning C4244: '=' : conversion from 'Py_ssize_t' to 'uInt', possible loss of data
     1>..\..\Modules\zlibmodule.c(580): warning C4244: '=' : conversion from 'Py_ssize_t' to 'uInt', possible loss of data
     1>..\..\Modules\zlibmodule.c(833): warning C4244: '=' : conversion from 'Py_ssize_t' to 'uInt', possible loss of data
         adler32.c
         compress.c
         crc32.c
         deflate.c
         gzio.c
     1>..\..\Modules\zlib\gzio.c(131): warning C4996: 'strcpy': This function or variable may be unsafe. Consider using strcpy_s instead. To disable deprecation, use _CRT_SECURE_NO_WARNINGS. See online help for details.
     1>..\..\Modules\zlib\gzio.c(181): warning C4996: 'fopen': This function or variable may be unsafe. Consider using fopen_s instead. To disable deprecation, use _CRT_SECURE_NO_WARNINGS. See online help for details.
                 C:\Program Files (x86)\Microsoft Visual Studio 12.0\VC\include\stdio.h(211) : see declaration of 'fopen'
     1>..\..\Modules\zlib\gzio.c(226): warning C4996: 'sprintf': This function or variable may be unsafe. Consider using sprintf_s instead. To disable deprecation, use _CRT_SECURE_NO_WARNINGS. See online help for details.
                 C:\Program Files (x86)\Microsoft Visual Studio 12.0\VC\include\stdio.h(356) : see declaration of 'sprintf'
     1>..\..\Modules\zlib\gzio.c(627): warning C4996: '_vsnprintf': This function or variable may be unsafe. Consider using _vsnprintf_s instead. To disable deprecation, use _CRT_SECURE_NO_WARNINGS. See online help for details.
                 C:\Program Files (x86)\Microsoft Visual Studio 12.0\VC\include\stdio.h(346) : see declaration of '_vsnprintf'
     1>..\..\Modules\zlib\gzio.c(1001): warning C4996: 'strerror': This function or variable may be unsafe. Consider using strerror_s instead. To disable deprecation, use _CRT_SECURE_NO_WARNINGS. See online help for details.
                 C:\Program Files (x86)\Microsoft Visual Studio 12.0\VC\include\string.h(168) : see declaration of 'strerror'
     1>..\..\Modules\zlib\gzio.c(1008): warning C4996: 'strcpy': This function or variable may be unsafe. Consider using strcpy_s instead. To disable deprecation, use _CRT_SECURE_NO_WARNINGS. See online help for details.
     1>..\..\Modules\zlib\gzio.c(1009): warning C4996: 'strcat': This function or variable may be unsafe. Consider using strcat_s instead. To disable deprecation, use _CRT_SECURE_NO_WARNINGS. See online help for details.
     1>..\..\Modules\zlib\gzio.c(1010): warning C4996: 'strcat': This function or variable may be unsafe. Consider using strcat_s instead. To disable deprecation, use _CRT_SECURE_NO_WARNINGS. See online help for details.
         infback.c
         inffast.c
         inflate.c
         inftrees.c
         trees.c
         uncompr.c
         zutil.c
         _codecs_cn.c
     1>c:\workspaces\python276\include\pymath.h(22): warning C4273: 'round' : inconsistent dll linkage
                 C:\Program Files (x86)\Microsoft Visual Studio 12.0\VC\include\math.h(516) : see previous definition of 'round'
         Generating Code...
         Compiling...
         _codecs_hk.c
     1>c:\workspaces\python276\include\pymath.h(22): warning C4273: 'round' : inconsistent dll linkage
                 C:\Program Files (x86)\Microsoft Visual Studio 12.0\VC\include\math.h(516) : see previous definition of 'round'
         _codecs_iso2022.c
     1>c:\workspaces\python276\include\pymath.h(22): warning C4273: 'round' : inconsistent dll linkage
                 C:\Program Files (x86)\Microsoft Visual Studio 12.0\VC\include\math.h(516) : see previous definition of 'round'
         _codecs_jp.c
     1>c:\workspaces\python276\include\pymath.h(22): warning C4273: 'round' : inconsistent dll linkage
                 C:\Program Files (x86)\Microsoft Visual Studio 12.0\VC\include\math.h(516) : see previous definition of 'round'
         _codecs_kr.c
     1>c:\workspaces\python276\include\pymath.h(22): warning C4273: 'round' : inconsistent dll linkage
                 C:\Program Files (x86)\Microsoft Visual Studio 12.0\VC\include\math.h(516) : see previous definition of 'round'
         _codecs_tw.c
     1>c:\workspaces\python276\include\pymath.h(22): warning C4273: 'round' : inconsistent dll linkage
                 C:\Program Files (x86)\Microsoft Visual Studio 12.0\VC\include\math.h(516) : see previous definition of 'round'
         multibytecodec.c
     1>c:\workspaces\python276\include\pymath.h(22): warning C4273: 'round' : inconsistent dll linkage
                 C:\Program Files (x86)\Microsoft Visual Studio 12.0\VC\include\math.h(516) : see previous definition of 'round'
         _iomodule.c
     1>c:\workspaces\python276\include\pymath.h(22): warning C4273: 'round' : inconsistent dll linkage
                 C:\Program Files (x86)\Microsoft Visual Studio 12.0\VC\include\math.h(516) : see previous definition of 'round'
         bufferedio.c
     1>c:\workspaces\python276\include\pymath.h(22): warning C4273: 'round' : inconsistent dll linkage
                 C:\Program Files (x86)\Microsoft Visual Studio 12.0\VC\include\math.h(516) : see previous definition of 'round'
         bytesio.c
     1>c:\workspaces\python276\include\pymath.h(22): warning C4273: 'round' : inconsistent dll linkage
                 C:\Program Files (x86)\Microsoft Visual Studio 12.0\VC\include\math.h(516) : see previous definition of 'round'
         fileio.c
     1>c:\workspaces\python276\include\pymath.h(22): warning C4273: 'round' : inconsistent dll linkage
                 C:\Program Files (x86)\Microsoft Visual Studio 12.0\VC\include\math.h(516) : see previous definition of 'round'
         iobase.c
     1>c:\workspaces\python276\include\pymath.h(22): warning C4273: 'round' : inconsistent dll linkage
                 C:\Program Files (x86)\Microsoft Visual Studio 12.0\VC\include\math.h(516) : see previous definition of 'round'
         stringio.c
     1>c:\workspaces\python276\include\pymath.h(22): warning C4273: 'round' : inconsistent dll linkage
                 C:\Program Files (x86)\Microsoft Visual Studio 12.0\VC\include\math.h(516) : see previous definition of 'round'
         textio.c
     1>c:\workspaces\python276\include\pymath.h(22): warning C4273: 'round' : inconsistent dll linkage
                 C:\Program Files (x86)\Microsoft Visual Studio 12.0\VC\include\math.h(516) : see previous definition of 'round'
         abstract.c
     1>c:\workspaces\python276\include\pymath.h(22): warning C4273: 'round' : inconsistent dll linkage
                 C:\Program Files (x86)\Microsoft Visual Studio 12.0\VC\include\math.h(516) : see previous definition of 'round'
         boolobject.c
     1>c:\workspaces\python276\include\pymath.h(22): warning C4273: 'round' : inconsistent dll linkage
                 C:\Program Files (x86)\Microsoft Visual Studio 12.0\VC\include\math.h(516) : see previous definition of 'round'
         bufferobject.c
     1>c:\workspaces\python276\include\pymath.h(22): warning C4273: 'round' : inconsistent dll linkage
                 C:\Program Files (x86)\Microsoft Visual Studio 12.0\VC\include\math.h(516) : see previous definition of 'round'
         bytes_methods.c
     1>c:\workspaces\python276\include\pymath.h(22): warning C4273: 'round' : inconsistent dll linkage
                 C:\Program Files (x86)\Microsoft Visual Studio 12.0\VC\include\math.h(516) : see previous definition of 'round'
         bytearrayobject.c
     1>c:\workspaces\python276\include\pymath.h(22): warning C4273: 'round' : inconsistent dll linkage
                 C:\Program Files (x86)\Microsoft Visual Studio 12.0\VC\include\math.h(516) : see previous definition of 'round'
     1>..\..\Objects\bytearrayobject.c(1295): warning C4244: '=' : conversion from 'Py_ssize_t' to 'int', possible loss of data
     1>..\..\Objects\bytearrayobject.c(1304): warning C4244: 'function' : conversion from 'Py_ssize_t' to 'int', possible loss of data
         capsule.c
     1>c:\workspaces\python276\include\pymath.h(22): warning C4273: 'round' : inconsistent dll linkage
                 C:\Program Files (x86)\Microsoft Visual Studio 12.0\VC\include\math.h(516) : see previous definition of 'round'
         cellobject.c
     1>c:\workspaces\python276\include\pymath.h(22): warning C4273: 'round' : inconsistent dll linkage
                 C:\Program Files (x86)\Microsoft Visual Studio 12.0\VC\include\math.h(516) : see previous definition of 'round'
         Generating Code...
         Compiling...
         classobject.c
     1>c:\workspaces\python276\include\pymath.h(22): warning C4273: 'round' : inconsistent dll linkage
                 C:\Program Files (x86)\Microsoft Visual Studio 12.0\VC\include\math.h(516) : see previous definition of 'round'
         cobject.c
     1>c:\workspaces\python276\include\pymath.h(22): warning C4273: 'round' : inconsistent dll linkage
                 C:\Program Files (x86)\Microsoft Visual Studio 12.0\VC\include\math.h(516) : see previous definition of 'round'
         codeobject.c
     1>c:\workspaces\python276\include\pymath.h(22): warning C4273: 'round' : inconsistent dll linkage
                 C:\Program Files (x86)\Microsoft Visual Studio 12.0\VC\include\math.h(516) : see previous definition of 'round'
     1>..\..\Objects\codeobject.c(520): warning C4244: 'initializing' : conversion from 'Py_ssize_t' to 'int', possible loss of data
     1>..\..\Objects\codeobject.c(542): warning C4244: '=' : conversion from 'Py_ssize_t' to 'int', possible loss of data
         complexobject.c
     1>c:\workspaces\python276\include\pymath.h(22): warning C4273: 'round' : inconsistent dll linkage
                 C:\Program Files (x86)\Microsoft Visual Studio 12.0\VC\include\math.h(516) : see previous definition of 'round'
         descrobject.c
     1>c:\workspaces\python276\include\pymath.h(22): warning C4273: 'round' : inconsistent dll linkage
                 C:\Program Files (x86)\Microsoft Visual Studio 12.0\VC\include\math.h(516) : see previous definition of 'round'
         dictobject.c
     1>c:\workspaces\python276\include\pymath.h(22): warning C4273: 'round' : inconsistent dll linkage
                 C:\Program Files (x86)\Microsoft Visual Studio 12.0\VC\include\math.h(516) : see previous definition of 'round'
         enumobject.c
     1>c:\workspaces\python276\include\pymath.h(22): warning C4273: 'round' : inconsistent dll linkage
                 C:\Program Files (x86)\Microsoft Visual Studio 12.0\VC\include\math.h(516) : see previous definition of 'round'
         exceptions.c
     1>c:\workspaces\python276\include\pymath.h(22): warning C4273: 'round' : inconsistent dll linkage
                 C:\Program Files (x86)\Microsoft Visual Studio 12.0\VC\include\math.h(516) : see previous definition of 'round'
         fileobject.c
     1>c:\workspaces\python276\include\pymath.h(22): warning C4273: 'round' : inconsistent dll linkage
                 C:\Program Files (x86)\Microsoft Visual Studio 12.0\VC\include\math.h(516) : see previous definition of 'round'
         floatobject.c
     1>c:\workspaces\python276\include\pymath.h(22): warning C4273: 'round' : inconsistent dll linkage
                 C:\Program Files (x86)\Microsoft Visual Studio 12.0\VC\include\math.h(516) : see previous definition of 'round'
     1>..\..\Objects\floatobject.c(1177): warning C4244: '=' : conversion from 'Py_ssize_t' to 'int', possible loss of data
         frameobject.c
     1>c:\workspaces\python276\include\pymath.h(22): warning C4273: 'round' : inconsistent dll linkage
                 C:\Program Files (x86)\Microsoft Visual Studio 12.0\VC\include\math.h(516) : see previous definition of 'round'
     1>..\..\Objects\frameobject.c(509): warning C4244: '=' : conversion from 'Py_ssize_t' to 'int', possible loss of data
     1>..\..\Objects\frameobject.c(542): warning C4244: '=' : conversion from 'Py_ssize_t' to 'int', possible loss of data
     1>..\..\Objects\frameobject.c(900): warning C4244: '=' : conversion from 'Py_ssize_t' to 'int', possible loss of data
     1>..\..\Objects\frameobject.c(901): warning C4244: '=' : conversion from 'Py_ssize_t' to 'int', possible loss of data
     1>..\..\Objects\frameobject.c(947): warning C4244: '=' : conversion from 'Py_ssize_t' to 'int', possible loss of data
     1>..\..\Objects\frameobject.c(948): warning C4244: '=' : conversion from 'Py_ssize_t' to 'int', possible loss of data
         funcobject.c
     1>c:\workspaces\python276\include\pymath.h(22): warning C4273: 'round' : inconsistent dll linkage
                 C:\Program Files (x86)\Microsoft Visual Studio 12.0\VC\include\math.h(516) : see previous definition of 'round'
     1>..\..\Objects\funcobject.c(529): warning C4244: 'function' : conversion from 'Py_ssize_t' to 'int', possible loss of data
     1>..\..\Objects\funcobject.c(530): warning C4244: 'function' : conversion from 'Py_ssize_t' to 'int', possible loss of data
         genobject.c
     1>c:\workspaces\python276\include\pymath.h(22): warning C4273: 'round' : inconsistent dll linkage
                 C:\Program Files (x86)\Microsoft Visual Studio 12.0\VC\include\math.h(516) : see previous definition of 'round'
         intobject.c
     1>c:\workspaces\python276\include\pymath.h(22): warning C4273: 'round' : inconsistent dll linkage
                 C:\Program Files (x86)\Microsoft Visual Studio 12.0\VC\include\math.h(516) : see previous definition of 'round'
         iterobject.c
     1>c:\workspaces\python276\include\pymath.h(22): warning C4273: 'round' : inconsistent dll linkage
                 C:\Program Files (x86)\Microsoft Visual Studio 12.0\VC\include\math.h(516) : see previous definition of 'round'
         listobject.c
     1>c:\workspaces\python276\include\pymath.h(22): warning C4273: 'round' : inconsistent dll linkage
                 C:\Program Files (x86)\Microsoft Visual Studio 12.0\VC\include\math.h(516) : see previous definition of 'round'
         longobject.c
     1>c:\workspaces\python276\include\pymath.h(22): warning C4273: 'round' : inconsistent dll linkage
                 C:\Program Files (x86)\Microsoft Visual Studio 12.0\VC\include\math.h(516) : see previous definition of 'round'
         memoryobject.c
     1>c:\workspaces\python276\include\pymath.h(22): warning C4273: 'round' : inconsistent dll linkage
                 C:\Program Files (x86)\Microsoft Visual Studio 12.0\VC\include\math.h(516) : see previous definition of 'round'
         methodobject.c
     1>c:\workspaces\python276\include\pymath.h(22): warning C4273: 'round' : inconsistent dll linkage
                 C:\Program Files (x86)\Microsoft Visual Studio 12.0\VC\include\math.h(516) : see previous definition of 'round'
         moduleobject.c
     1>c:\workspaces\python276\include\pymath.h(22): warning C4273: 'round' : inconsistent dll linkage
                 C:\Program Files (x86)\Microsoft Visual Studio 12.0\VC\include\math.h(516) : see previous definition of 'round'
         Generating Code...
         Compiling...
         object.c
     1>c:\workspaces\python276\include\pymath.h(22): warning C4273: 'round' : inconsistent dll linkage
                 C:\Program Files (x86)\Microsoft Visual Studio 12.0\VC\include\math.h(516) : see previous definition of 'round'
         obmalloc.c
     1>c:\workspaces\python276\include\pymath.h(22): warning C4273: 'round' : inconsistent dll linkage
                 C:\Program Files (x86)\Microsoft Visual Studio 12.0\VC\include\math.h(516) : see previous definition of 'round'
     1>..\..\Objects\obmalloc.c(912): warning C4244: '=' : conversion from '__int64' to 'unsigned int', possible loss of data
         rangeobject.c
     1>c:\workspaces\python276\include\pymath.h(22): warning C4273: 'round' : inconsistent dll linkage
                 C:\Program Files (x86)\Microsoft Visual Studio 12.0\VC\include\math.h(516) : see previous definition of 'round'
         setobject.c
     1>c:\workspaces\python276\include\pymath.h(22): warning C4273: 'round' : inconsistent dll linkage
                 C:\Program Files (x86)\Microsoft Visual Studio 12.0\VC\include\math.h(516) : see previous definition of 'round'
     1>..\..\Objects\setobject.c(758): warning C4244: '=' : conversion from 'Py_ssize_t' to 'long', possible loss of data
     1>..\..\Objects\setobject.c(787): warning C4244: '*=' : conversion from 'Py_ssize_t' to 'long', possible loss of data
     1>..\..\Objects\setobject.c(834): warning C4244: 'function' : conversion from 'Py_ssize_t' to 'long', possible loss of data
         sliceobject.c
     1>c:\workspaces\python276\include\pymath.h(22): warning C4273: 'round' : inconsistent dll linkage
                 C:\Program Files (x86)\Microsoft Visual Studio 12.0\VC\include\math.h(516) : see previous definition of 'round'
         stringobject.c
     1>c:\workspaces\python276\include\pymath.h(22): warning C4273: 'round' : inconsistent dll linkage
                 C:\Program Files (x86)\Microsoft Visual Studio 12.0\VC\include\math.h(516) : see previous definition of 'round'
     1>..\..\Objects\stringobject.c(2880): warning C4244: 'return' : conversion from 'Py_ssize_t' to 'int', possible loss of data
         structseq.c
     1>c:\workspaces\python276\include\pymath.h(22): warning C4273: 'round' : inconsistent dll linkage
                 C:\Program Files (x86)\Microsoft Visual Studio 12.0\VC\include\math.h(516) : see previous definition of 'round'
         tupleobject.c
     1>c:\workspaces\python276\include\pymath.h(22): warning C4273: 'round' : inconsistent dll linkage
                 C:\Program Files (x86)\Microsoft Visual Studio 12.0\VC\include\math.h(516) : see previous definition of 'round'
         typeobject.c
     1>c:\workspaces\python276\include\pymath.h(22): warning C4273: 'round' : inconsistent dll linkage
                 C:\Program Files (x86)\Microsoft Visual Studio 12.0\VC\include\math.h(516) : see previous definition of 'round'
         unicodectype.c
     1>c:\workspaces\python276\include\pymath.h(22): warning C4273: 'round' : inconsistent dll linkage
                 C:\Program Files (x86)\Microsoft Visual Studio 12.0\VC\include\math.h(516) : see previous definition of 'round'
         unicodeobject.c
     1>c:\workspaces\python276\include\pymath.h(22): warning C4273: 'round' : inconsistent dll linkage
                 C:\Program Files (x86)\Microsoft Visual Studio 12.0\VC\include\math.h(516) : see previous definition of 'round'
     1>..\..\Objects\unicodeobject.c(4188): warning C4244: '=' : conversion from 'long' to 'Py_UNICODE', possible loss of data
         weakrefobject.c
     1>c:\workspaces\python276\include\pymath.h(22): warning C4273: 'round' : inconsistent dll linkage
                 C:\Program Files (x86)\Microsoft Visual Studio 12.0\VC\include\math.h(516) : see previous definition of 'round'
         acceler.c
     1>c:\workspaces\python276\include\pymath.h(22): warning C4273: 'round' : inconsistent dll linkage
                 C:\Program Files (x86)\Microsoft Visual Studio 12.0\VC\include\math.h(516) : see previous definition of 'round'
         bitset.c
     1>c:\workspaces\python276\include\pymath.h(22): warning C4273: 'round' : inconsistent dll linkage
                 C:\Program Files (x86)\Microsoft Visual Studio 12.0\VC\include\math.h(516) : see previous definition of 'round'
         firstsets.c
     1>c:\workspaces\python276\include\pymath.h(22): warning C4273: 'round' : inconsistent dll linkage
                 C:\Program Files (x86)\Microsoft Visual Studio 12.0\VC\include\math.h(516) : see previous definition of 'round'
         grammar.c
     1>c:\workspaces\python276\include\pymath.h(22): warning C4273: 'round' : inconsistent dll linkage
                 C:\Program Files (x86)\Microsoft Visual Studio 12.0\VC\include\math.h(516) : see previous definition of 'round'
     1>..\..\Parser\grammar.c(70): warning C4244: 'return' : conversion from '__int64' to 'int', possible loss of data
     1>..\..\Parser\grammar.c(112): warning C4244: 'return' : conversion from '__int64' to 'int', possible loss of data
         grammar1.c
     1>c:\workspaces\python276\include\pymath.h(22): warning C4273: 'round' : inconsistent dll linkage
                 C:\Program Files (x86)\Microsoft Visual Studio 12.0\VC\include\math.h(516) : see previous definition of 'round'
         listnode.c
     1>c:\workspaces\python276\include\pymath.h(22): warning C4273: 'round' : inconsistent dll linkage
                 C:\Program Files (x86)\Microsoft Visual Studio 12.0\VC\include\math.h(516) : see previous definition of 'round'
         metagrammar.c
     1>c:\workspaces\python276\include\pymath.h(22): warning C4273: 'round' : inconsistent dll linkage
                 C:\Program Files (x86)\Microsoft Visual Studio 12.0\VC\include\math.h(516) : see previous definition of 'round'
         myreadline.c
     1>c:\workspaces\python276\include\pymath.h(22): warning C4273: 'round' : inconsistent dll linkage
                 C:\Program Files (x86)\Microsoft Visual Studio 12.0\VC\include\math.h(516) : see previous definition of 'round'
         Generating Code...
         Compiling...
         node.c
     1>c:\workspaces\python276\include\pymath.h(22): warning C4273: 'round' : inconsistent dll linkage
                 C:\Program Files (x86)\Microsoft Visual Studio 12.0\VC\include\math.h(516) : see previous definition of 'round'
         parser.c
     1>c:\workspaces\python276\include\pymath.h(22): warning C4273: 'round' : inconsistent dll linkage
                 C:\Program Files (x86)\Microsoft Visual Studio 12.0\VC\include\math.h(516) : see previous definition of 'round'
         parsetok.c
     1>c:\workspaces\python276\include\pymath.h(22): warning C4273: 'round' : inconsistent dll linkage
                 C:\Program Files (x86)\Microsoft Visual Studio 12.0\VC\include\math.h(516) : see previous definition of 'round'
     1>..\..\Parser\parsetok.c(193): warning C4244: '=' : conversion from '__int64' to 'int', possible loss of data
     1>..\..\Parser\parsetok.c(231): warning C4267: 'function' : conversion from 'size_t' to 'int', possible loss of data
         tokenizer.c
     1>c:\workspaces\python276\include\pymath.h(22): warning C4273: 'round' : inconsistent dll linkage
                 C:\Program Files (x86)\Microsoft Visual Studio 12.0\VC\include\math.h(516) : see previous definition of 'round'
     1>..\..\Parser\tokenizer.c(603): warning C4267: 'initializing' : conversion from 'size_t' to 'int', possible loss of data
     1>..\..\Parser\tokenizer.c(634): warning C4244: '=' : conversion from '__int64' to 'int', possible loss of data
     1>..\..\Parser\tokenizer.c(1687): warning C4244: 'initializing' : conversion from 'Py_ssize_t' to 'int', possible loss of data
     1>..\..\Parser\tokenizer.c(1702): warning C4244: '=' : conversion from 'Py_ssize_t' to 'int', possible loss of data
         _subprocess.c
     1>c:\workspaces\python276\include\pymath.h(22): warning C4273: 'round' : inconsistent dll linkage
                 C:\Program Files (x86)\Microsoft Visual Studio 12.0\VC\include\math.h(516) : see previous definition of 'round'
     1>..\_subprocess.c(341): warning C4244: '=' : conversion from 'Py_ssize_t' to 'int', possible loss of data
     1>..\_subprocess.c(364): warning C4244: '=' : conversion from 'Py_ssize_t' to 'int', possible loss of data
     1>..\_subprocess.c(365): warning C4244: '=' : conversion from 'Py_ssize_t' to 'int', possible loss of data
     1>..\_subprocess.c(367): warning C4244: '=' : conversion from '__int64' to 'int', possible loss of data
     1>..\_subprocess.c(369): warning C4244: 'initializing' : conversion from '__int64' to 'int', possible loss of data
     1>..\_subprocess.c(575): warning C4996: 'GetVersion': was declared deprecated
                 C:\Program Files (x86)\Windows Kits\8.1\Include\um\sysinfoapi.h(110) : see declaration of 'GetVersion'
         _winreg.c
     1>c:\workspaces\python276\include\pymath.h(22): warning C4273: 'round' : inconsistent dll linkage
                 C:\Program Files (x86)\Microsoft Visual Studio 12.0\VC\include\math.h(516) : see previous definition of 'round'
     1>..\_winreg.c(794): warning C4267: '=' : conversion from 'size_t' to 'DWORD', possible loss of data
     1>..\_winreg.c(845): warning C4267: '+=' : conversion from 'size_t' to 'DWORD', possible loss of data
     1>..\_winreg.c(898): warning C4244: '=' : conversion from 'Py_ssize_t' to 'DWORD', possible loss of data
     1>..\_winreg.c(1573): warning C4244: '=' : conversion from 'Py_ssize_t' to 'DWORD', possible loss of data
         config.c
     1>c:\workspaces\python276\include\pymath.h(22): warning C4273: 'round' : inconsistent dll linkage
                 C:\Program Files (x86)\Microsoft Visual Studio 12.0\VC\include\math.h(516) : see previous definition of 'round'
         dl_nt.c
     1>c:\workspaces\python276\include\pymath.h(22): warning C4273: 'round' : inconsistent dll linkage
                 C:\Program Files (x86)\Microsoft Visual Studio 12.0\VC\include\math.h(516) : see previous definition of 'round'
         getpathp.c
     1>c:\workspaces\python276\include\pymath.h(22): warning C4273: 'round' : inconsistent dll linkage
                 C:\Program Files (x86)\Microsoft Visual Studio 12.0\VC\include\math.h(516) : see previous definition of 'round'
         import_nt.c
     1>c:\workspaces\python276\include\pymath.h(22): warning C4273: 'round' : inconsistent dll linkage
                 C:\Program Files (x86)\Microsoft Visual Studio 12.0\VC\include\math.h(516) : see previous definition of 'round'
         msvcrtmodule.c
     1>c:\workspaces\python276\include\pymath.h(22): warning C4273: 'round' : inconsistent dll linkage
                 C:\Program Files (x86)\Microsoft Visual Studio 12.0\VC\include\math.h(516) : see previous definition of 'round'
     1>..\msvcrtmodule.c(400): warning C4101: 'st' : unreferenced local variable
         _warnings.c
     1>c:\workspaces\python276\include\pymath.h(22): warning C4273: 'round' : inconsistent dll linkage
                 C:\Program Files (x86)\Microsoft Visual Studio 12.0\VC\include\math.h(516) : see previous definition of 'round'
         asdl.c
     1>c:\workspaces\python276\include\pymath.h(22): warning C4273: 'round' : inconsistent dll linkage
                 C:\Program Files (x86)\Microsoft Visual Studio 12.0\VC\include\math.h(516) : see previous definition of 'round'
         ast.c
     1>c:\workspaces\python276\include\pymath.h(22): warning C4273: 'round' : inconsistent dll linkage
                 C:\Program Files (x86)\Microsoft Visual Studio 12.0\VC\include\math.h(516) : see previous definition of 'round'
         bltinmodule.c
     1>c:\workspaces\python276\include\pymath.h(22): warning C4273: 'round' : inconsistent dll linkage
                 C:\Program Files (x86)\Microsoft Visual Studio 12.0\VC\include\math.h(516) : see previous definition of 'round'
         ceval.c
     1>c:\workspaces\python276\include\pymath.h(22): warning C4273: 'round' : inconsistent dll linkage
                 C:\Program Files (x86)\Microsoft Visual Studio 12.0\VC\include\math.h(516) : see previous definition of 'round'
     1>..\..\Python\ceval.c(4115): warning C4244: '=' : conversion from 'Py_ssize_t' to 'int', possible loss of data
     1>..\..\Python\ceval.c(4303): warning C4244: '=' : conversion from 'Py_ssize_t' to 'int', possible loss of data
     1>..\..\Python\ceval.c(4669): warning C4244: '=' : conversion from 'Py_ssize_t' to 'int', possible loss of data
         codecs.c
     1>c:\workspaces\python276\include\pymath.h(22): warning C4273: 'round' : inconsistent dll linkage
                 C:\Program Files (x86)\Microsoft Visual Studio 12.0\VC\include\math.h(516) : see previous definition of 'round'
         compile.c
     1>c:\workspaces\python276\include\pymath.h(22): warning C4273: 'round' : inconsistent dll linkage
                 C:\Program Files (x86)\Microsoft Visual Studio 12.0\VC\include\math.h(516) : see previous definition of 'round'
     1>..\..\Python\compile.c(335): warning C4244: 'function' : conversion from 'Py_ssize_t' to 'long', possible loss of data
     1>..\..\Python\compile.c(395): warning C4244: 'function' : conversion from 'Py_ssize_t' to 'long', possible loss of data
     1>..\..\Python\compile.c(492): warning C4244: 'function' : conversion from 'Py_ssize_t' to 'int', possible loss of data
     1>..\..\Python\compile.c(546): warning C4244: '=' : conversion from 'Py_ssize_t' to 'int', possible loss of data
     1>..\..\Python\compile.c(996): warning C4244: 'function' : conversion from 'Py_ssize_t' to 'long', possible loss of data
     1>..\..\Python\compile.c(1011): warning C4244: 'return' : conversion from 'Py_ssize_t' to 'int', possible loss of data
     1>..\..\Python\compile.c(1303): warning C4244: 'initializing' : conversion from 'Py_ssize_t' to 'int', possible loss of data
     1>..\..\Python\compile.c(3604): warning C4244: '=' : conversion from 'Py_ssize_t' to 'int', possible loss of data
     1>..\..\Python\compile.c(3630): warning C4244: '=' : conversion from 'Py_ssize_t' to 'int', possible loss of data
     1>..\..\Python\compile.c(3656): warning C4244: '=' : conversion from 'Py_ssize_t' to 'int', possible loss of data
     1>..\..\Python\compile.c(3824): warning C4244: '=' : conversion from 'Py_ssize_t' to 'int', possible loss of data
     1>..\..\Python\compile.c(3828): warning C4244: '=' : conversion from 'Py_ssize_t' to 'int', possible loss of data
     1>..\..\Python\compile.c(3868): warning C4244: 'function' : conversion from 'Py_ssize_t' to 'int', possible loss of data
     1>..\..\Python\compile.c(3875): warning C4244: '=' : conversion from 'Py_ssize_t' to 'int', possible loss of data
         dtoa.c
     1>c:\workspaces\python276\include\pymath.h(22): warning C4273: 'round' : inconsistent dll linkage
                 C:\Program Files (x86)\Microsoft Visual Studio 12.0\VC\include\math.h(516) : see previous definition of 'round'
     1>..\..\Python\dtoa.c(1529): warning C4244: '=' : conversion from '__int64' to 'int', possible loss of data
     1>..\..\Python\dtoa.c(1539): warning C4244: '-=' : conversion from '__int64' to 'int', possible loss of data
     1>..\..\Python\dtoa.c(1545): warning C4244: '+=' : conversion from '__int64' to 'int', possible loss of data
         dynload_win.c
     1>c:\workspaces\python276\include\pymath.h(22): warning C4273: 'round' : inconsistent dll linkage
                 C:\Program Files (x86)\Microsoft Visual Studio 12.0\VC\include\math.h(516) : see previous definition of 'round'
         Generating Code...
         Compiling...
         errors.c
     1>c:\workspaces\python276\include\pymath.h(22): warning C4273: 'round' : inconsistent dll linkage
                 C:\Program Files (x86)\Microsoft Visual Studio 12.0\VC\include\math.h(516) : see previous definition of 'round'
         formatter_string.c
     1>c:\workspaces\python276\include\pymath.h(22): warning C4273: 'round' : inconsistent dll linkage
                 C:\Program Files (x86)\Microsoft Visual Studio 12.0\VC\include\math.h(516) : see previous definition of 'round'
     1>c:\workspaces\python276\python\../Objects/stringlib/formatter.h(993): warning C4244: 'function' : conversion from 'Py_ssize_t' to 'int', possible loss of data
     1>c:\workspaces\python276\python\../Objects/stringlib/formatter.h(1174): warning C4244: 'function' : conversion from 'Py_ssize_t' to 'int', possible loss of data
     1>c:\workspaces\python276\python\../Objects/stringlib/formatter.h(1178): warning C4244: 'function' : conversion from 'Py_ssize_t' to 'int', possible loss of data
         formatter_unicode.c
     1>c:\workspaces\python276\include\pymath.h(22): warning C4273: 'round' : inconsistent dll linkage
                 C:\Program Files (x86)\Microsoft Visual Studio 12.0\VC\include\math.h(516) : see previous definition of 'round'
         frozen.c
     1>c:\workspaces\python276\include\pymath.h(22): warning C4273: 'round' : inconsistent dll linkage
                 C:\Program Files (x86)\Microsoft Visual Studio 12.0\VC\include\math.h(516) : see previous definition of 'round'
         future.c
     1>c:\workspaces\python276\include\pymath.h(22): warning C4273: 'round' : inconsistent dll linkage
                 C:\Program Files (x86)\Microsoft Visual Studio 12.0\VC\include\math.h(516) : see previous definition of 'round'
         getargs.c
     1>c:\workspaces\python276\include\pymath.h(22): warning C4273: 'round' : inconsistent dll linkage
                 C:\Program Files (x86)\Microsoft Visual Studio 12.0\VC\include\math.h(516) : see previous definition of 'round'
     1>..\..\Python\getargs.c(349): warning C4244: 'function' : conversion from 'Py_ssize_t' to 'int', possible loss of data
     1>..\..\Python\getargs.c(461): warning C4244: '=' : conversion from 'Py_ssize_t' to 'int', possible loss of data
     1>..\..\Python\getargs.c(869): warning C4244: '=' : conversion from 'Py_ssize_t' to 'int', possible loss of data
     1>..\..\Python\getargs.c(878): warning C4244: '=' : conversion from 'Py_ssize_t' to 'int', possible loss of data
     1>..\..\Python\getargs.c(886): warning C4244: '=' : conversion from 'Py_ssize_t' to 'int', possible loss of data
     1>..\..\Python\getargs.c(955): warning C4244: '=' : conversion from 'Py_ssize_t' to 'int', possible loss of data
     1>..\..\Python\getargs.c(964): warning C4244: '=' : conversion from 'Py_ssize_t' to 'int', possible loss of data
     1>..\..\Python\getargs.c(972): warning C4244: '=' : conversion from 'Py_ssize_t' to 'int', possible loss of data
     1>..\..\Python\getargs.c(1000): warning C4244: '=' : conversion from 'Py_ssize_t' to 'int', possible loss of data
     1>..\..\Python\getargs.c(1138): warning C4244: '=' : conversion from 'Py_ssize_t' to 'int', possible loss of data
     1>..\..\Python\getargs.c(1186): warning C4244: '=' : conversion from 'Py_ssize_t' to 'int', possible loss of data
     1>..\..\Python\getargs.c(1311): warning C4244: '=' : conversion from 'Py_ssize_t' to 'int', possible loss of data
     1>..\..\Python\getargs.c(1350): warning C4244: '=' : conversion from 'Py_ssize_t' to 'int', possible loss of data
     1>..\..\Python\getargs.c(1411): warning C4244: 'return' : conversion from 'Py_ssize_t' to 'int', possible loss of data
     1>..\..\Python\getargs.c(1571): warning C4244: '=' : conversion from 'Py_ssize_t' to 'int', possible loss of data
     1>..\..\Python\getargs.c(1572): warning C4244: '=' : conversion from 'Py_ssize_t' to 'int', possible loss of data
         getcompiler.c
     1>c:\workspaces\python276\include\pymath.h(22): warning C4273: 'round' : inconsistent dll linkage
                 C:\Program Files (x86)\Microsoft Visual Studio 12.0\VC\include\math.h(516) : see previous definition of 'round'
         getcopyright.c
     1>c:\workspaces\python276\include\pymath.h(22): warning C4273: 'round' : inconsistent dll linkage
                 C:\Program Files (x86)\Microsoft Visual Studio 12.0\VC\include\math.h(516) : see previous definition of 'round'
         getopt.c
         getplatform.c
     1>c:\workspaces\python276\include\pymath.h(22): warning C4273: 'round' : inconsistent dll linkage
                 C:\Program Files (x86)\Microsoft Visual Studio 12.0\VC\include\math.h(516) : see previous definition of 'round'
         getversion.c
     1>c:\workspaces\python276\include\pymath.h(22): warning C4273: 'round' : inconsistent dll linkage
                 C:\Program Files (x86)\Microsoft Visual Studio 12.0\VC\include\math.h(516) : see previous definition of 'round'
         graminit.c
     1>c:\workspaces\python276\include\pymath.h(22): warning C4273: 'round' : inconsistent dll linkage
                 C:\Program Files (x86)\Microsoft Visual Studio 12.0\VC\include\math.h(516) : see previous definition of 'round'
         import.c
     1>c:\workspaces\python276\include\pymath.h(22): warning C4273: 'round' : inconsistent dll linkage
                 C:\Program Files (x86)\Microsoft Visual Studio 12.0\VC\include\math.h(516) : see previous definition of 'round'
         importdl.c
     1>c:\workspaces\python276\include\pymath.h(22): warning C4273: 'round' : inconsistent dll linkage
                 C:\Program Files (x86)\Microsoft Visual Studio 12.0\VC\include\math.h(516) : see previous definition of 'round'
         marshal.c
     1>c:\workspaces\python276\include\pymath.h(22): warning C4273: 'round' : inconsistent dll linkage
                 C:\Program Files (x86)\Microsoft Visual Studio 12.0\VC\include\math.h(516) : see previous definition of 'round'
         modsupport.c
     1>c:\workspaces\python276\include\pymath.h(22): warning C4273: 'round' : inconsistent dll linkage
                 C:\Program Files (x86)\Microsoft Visual Studio 12.0\VC\include\math.h(516) : see previous definition of 'round'
         mysnprintf.c
     1>c:\workspaces\python276\include\pymath.h(22): warning C4273: 'round' : inconsistent dll linkage
                 C:\Program Files (x86)\Microsoft Visual Studio 12.0\VC\include\math.h(516) : see previous definition of 'round'
         mystrtoul.c
     1>c:\workspaces\python276\include\pymath.h(22): warning C4273: 'round' : inconsistent dll linkage
                 C:\Program Files (x86)\Microsoft Visual Studio 12.0\VC\include\math.h(516) : see previous definition of 'round'
         peephole.c
     1>c:\workspaces\python276\include\pymath.h(22): warning C4273: 'round' : inconsistent dll linkage
                 C:\Program Files (x86)\Microsoft Visual Studio 12.0\VC\include\math.h(516) : see previous definition of 'round'
     1>..\..\Python\peephole.c(73): warning C4244: '=' : conversion from 'Py_ssize_t' to 'unsigned char', possible loss of data
     1>..\..\Python\peephole.c(185): warning C4244: '=' : conversion from 'Py_ssize_t' to 'unsigned char', possible loss of data
     1>..\..\Python\peephole.c(238): warning C4244: '=' : conversion from 'Py_ssize_t' to 'unsigned char', possible loss of data
     1>..\..\Python\peephole.c(320): warning C4244: '=' : conversion from 'Py_ssize_t' to 'int', possible loss of data
     1>..\..\Python\peephole.c(371): warning C4244: '=' : conversion from 'Py_ssize_t' to 'unsigned char', possible loss of data
     1>..\..\Python\peephole.c(386): warning C4244: '=' : conversion from 'Py_ssize_t' to 'unsigned char', possible loss of data
     1>..\..\Python\peephole.c(408): warning C4244: '=' : conversion from 'Py_ssize_t' to 'unsigned char', possible loss of data
     1>..\..\Python\peephole.c(434): warning C4244: '=' : conversion from 'Py_ssize_t' to 'int', possible loss of data
     1>..\..\Python\peephole.c(519): warning C4244: '=' : conversion from 'Py_ssize_t' to 'int', possible loss of data
     1>..\..\Python\peephole.c(529): warning C4244: '=' : conversion from 'Py_ssize_t' to 'unsigned char', possible loss of data
     1>..\..\Python\peephole.c(558): warning C4244: '=' : conversion from 'Py_ssize_t' to 'int', possible loss of data
     1>..\..\Python\peephole.c(572): warning C4244: '-=' : conversion from 'Py_ssize_t' to 'int', possible loss of data
     1>..\..\Python\peephole.c(599): warning C4244: '=' : conversion from 'Py_ssize_t' to 'int', possible loss of data
     1>..\..\Python\peephole.c(628): warning C4244: '=' : conversion from 'Py_ssize_t' to 'unsigned char', possible loss of data
     1>..\..\Python\peephole.c(638): warning C4244: '=' : conversion from 'Py_ssize_t' to 'unsigned char', possible loss of data
         pyarena.c
     1>c:\workspaces\python276\include\pymath.h(22): warning C4273: 'round' : inconsistent dll linkage
                 C:\Program Files (x86)\Microsoft Visual Studio 12.0\VC\include\math.h(516) : see previous definition of 'round'
         Generating Code...
         Compiling...
         pyctype.c
     1>c:\workspaces\python276\include\pymath.h(22): warning C4273: 'round' : inconsistent dll linkage
                 C:\Program Files (x86)\Microsoft Visual Studio 12.0\VC\include\math.h(516) : see previous definition of 'round'
         pyfpe.c
         pymath.c
     1>c:\workspaces\python276\include\pymath.h(22): warning C4273: 'round' : inconsistent dll linkage
                 C:\Program Files (x86)\Microsoft Visual Studio 12.0\VC\include\math.h(516) : see previous definition of 'round'
         pystate.c
     1>c:\workspaces\python276\include\pymath.h(22): warning C4273: 'round' : inconsistent dll linkage
                 C:\Program Files (x86)\Microsoft Visual Studio 12.0\VC\include\math.h(516) : see previous definition of 'round'
         pystrcmp.c
     1>c:\workspaces\python276\include\pymath.h(22): warning C4273: 'round' : inconsistent dll linkage
                 C:\Program Files (x86)\Microsoft Visual Studio 12.0\VC\include\math.h(516) : see previous definition of 'round'
         pystrtod.c
     1>c:\workspaces\python276\include\pymath.h(22): warning C4273: 'round' : inconsistent dll linkage
                 C:\Program Files (x86)\Microsoft Visual Studio 12.0\VC\include\math.h(516) : see previous definition of 'round'
     1>..\..\Python\pystrtod.c(953): warning C4244: 'function' : conversion from 'Py_ssize_t' to 'int', possible loss of data
     1>..\..\Python\pystrtod.c(1074): warning C4244: '=' : conversion from 'Py_ssize_t' to 'int', possible loss of data
         Python-ast.c
     1>c:\workspaces\python276\include\pymath.h(22): warning C4273: 'round' : inconsistent dll linkage
                 C:\Program Files (x86)\Microsoft Visual Studio 12.0\VC\include\math.h(516) : see previous definition of 'round'
     1>..\..\Python\Python-ast.c(3348): warning C4244: 'function' : conversion from 'Py_ssize_t' to 'int', possible loss of data
     1>..\..\Python\Python-ast.c(3384): warning C4244: 'function' : conversion from 'Py_ssize_t' to 'int', possible loss of data
     1>..\..\Python\Python-ast.c(3443): warning C4244: 'function' : conversion from 'Py_ssize_t' to 'int', possible loss of data
     1>..\..\Python\Python-ast.c(3552): warning C4244: 'function' : conversion from 'Py_ssize_t' to 'int', possible loss of data
     1>..\..\Python\Python-ast.c(3577): warning C4244: 'function' : conversion from 'Py_ssize_t' to 'int', possible loss of data
     1>..\..\Python\Python-ast.c(3629): warning C4244: 'function' : conversion from 'Py_ssize_t' to 'int', possible loss of data
     1>..\..\Python\Python-ast.c(3654): warning C4244: 'function' : conversion from 'Py_ssize_t' to 'int', possible loss of data
     1>..\..\Python\Python-ast.c(3679): warning C4244: 'function' : conversion from 'Py_ssize_t' to 'int', possible loss of data
     1>..\..\Python\Python-ast.c(3738): warning C4244: 'function' : conversion from 'Py_ssize_t' to 'int', possible loss of data
     1>..\..\Python\Python-ast.c(3775): warning C4244: 'function' : conversion from 'Py_ssize_t' to 'int', possible loss of data
     1>..\..\Python\Python-ast.c(3885): warning C4244: 'function' : conversion from 'Py_ssize_t' to 'int', possible loss of data
     1>..\..\Python\Python-ast.c(3960): warning C4244: 'function' : conversion from 'Py_ssize_t' to 'int', possible loss of data
     1>..\..\Python\Python-ast.c(3985): warning C4244: 'function' : conversion from 'Py_ssize_t' to 'int', possible loss of data
     1>..\..\Python\Python-ast.c(4036): warning C4244: 'function' : conversion from 'Py_ssize_t' to 'int', possible loss of data
     1>..\..\Python\Python-ast.c(4061): warning C4244: 'function' : conversion from 'Py_ssize_t' to 'int', possible loss of data
     1>..\..\Python\Python-ast.c(4111): warning C4244: 'function' : conversion from 'Py_ssize_t' to 'int', possible loss of data
     1>..\..\Python\Python-ast.c(4136): warning C4244: 'function' : conversion from 'Py_ssize_t' to 'int', possible loss of data
     1>..\..\Python\Python-ast.c(4197): warning C4244: 'function' : conversion from 'Py_ssize_t' to 'int', possible loss of data
     1>..\..\Python\Python-ast.c(4282): warning C4244: 'function' : conversion from 'Py_ssize_t' to 'int', possible loss of data
     1>..\..\Python\Python-ast.c(4307): warning C4244: 'function' : conversion from 'Py_ssize_t' to 'int', possible loss of data
     1>..\..\Python\Python-ast.c(4332): warning C4244: 'function' : conversion from 'Py_ssize_t' to 'int', possible loss of data
     1>..\..\Python\Python-ast.c(4370): warning C4244: 'function' : conversion from 'Py_ssize_t' to 'int', possible loss of data
     1>..\..\Python\Python-ast.c(4395): warning C4244: 'function' : conversion from 'Py_ssize_t' to 'int', possible loss of data
     1>..\..\Python\Python-ast.c(4466): warning C4244: 'function' : conversion from 'Py_ssize_t' to 'int', possible loss of data
     1>..\..\Python\Python-ast.c(4515): warning C4244: 'function' : conversion from 'Py_ssize_t' to 'int', possible loss of data
     1>..\..\Python\Python-ast.c(4610): warning C4244: 'function' : conversion from 'Py_ssize_t' to 'int', possible loss of data
     1>..\..\Python\Python-ast.c(4758): warning C4244: 'function' : conversion from 'Py_ssize_t' to 'int', possible loss of data
     1>..\..\Python\Python-ast.c(4965): warning C4244: 'function' : conversion from 'Py_ssize_t' to 'int', possible loss of data
     1>..\..\Python\Python-ast.c(4990): warning C4244: 'function' : conversion from 'Py_ssize_t' to 'int', possible loss of data
     1>..\..\Python\Python-ast.c(5026): warning C4244: 'function' : conversion from 'Py_ssize_t' to 'int', possible loss of data
     1>..\..\Python\Python-ast.c(5075): warning C4244: 'function' : conversion from 'Py_ssize_t' to 'int', possible loss of data
     1>..\..\Python\Python-ast.c(5124): warning C4244: 'function' : conversion from 'Py_ssize_t' to 'int', possible loss of data
     1>..\..\Python\Python-ast.c(5186): warning C4244: 'function' : conversion from 'Py_ssize_t' to 'int', possible loss of data
     1>..\..\Python\Python-ast.c(5236): warning C4244: 'function' : conversion from 'Py_ssize_t' to 'int', possible loss of data
     1>..\..\Python\Python-ast.c(5308): warning C4244: 'function' : conversion from 'Py_ssize_t' to 'int', possible loss of data
     1>..\..\Python\Python-ast.c(5333): warning C4244: 'function' : conversion from 'Py_ssize_t' to 'int', possible loss of data
     1>..\..\Python\Python-ast.c(5386): warning C4244: 'function' : conversion from 'Py_ssize_t' to 'int', possible loss of data
     1>..\..\Python\Python-ast.c(5411): warning C4244: 'function' : conversion from 'Py_ssize_t' to 'int', possible loss of data
     1>..\..\Python\Python-ast.c(5674): warning C4244: 'function' : conversion from 'Py_ssize_t' to 'int', possible loss of data
     1>..\..\Python\Python-ast.c(5723): warning C4244: 'function' : conversion from 'Py_ssize_t' to 'int', possible loss of data
     1>..\..\Python\Python-ast.c(5910): warning C4244: 'function' : conversion from 'Py_ssize_t' to 'int', possible loss of data
     1>..\..\Python\Python-ast.c(6287): warning C4244: 'function' : conversion from 'Py_ssize_t' to 'int', possible loss of data
     1>..\..\Python\Python-ast.c(6387): warning C4244: 'function' : conversion from 'Py_ssize_t' to 'int', possible loss of data
     1>..\..\Python\Python-ast.c(6435): warning C4244: 'function' : conversion from 'Py_ssize_t' to 'int', possible loss of data
     1>..\..\Python\Python-ast.c(6482): warning C4244: 'function' : conversion from 'Py_ssize_t' to 'int', possible loss of data
         pythonrun.c
     1>c:\workspaces\python276\include\pymath.h(22): warning C4273: 'round' : inconsistent dll linkage
                 C:\Program Files (x86)\Microsoft Visual Studio 12.0\VC\include\math.h(516) : see previous definition of 'round'
     1>..\..\Python\pythonrun.c(933): warning C4267: '=' : conversion from 'size_t' to 'int', possible loss of data
         random.c
     1>c:\workspaces\python276\include\pymath.h(22): warning C4273: 'round' : inconsistent dll linkage
                 C:\Program Files (x86)\Microsoft Visual Studio 12.0\VC\include\math.h(516) : see previous definition of 'round'
     1>..\..\Python\random.c(80): warning C4244: 'function' : conversion from 'Py_ssize_t' to 'DWORD', possible loss of data
         structmember.c
     1>c:\workspaces\python276\include\pymath.h(22): warning C4273: 'round' : inconsistent dll linkage
                 C:\Program Files (x86)\Microsoft Visual Studio 12.0\VC\include\math.h(516) : see previous definition of 'round'
         symtable.c
     1>c:\workspaces\python276\include\pymath.h(22): warning C4273: 'round' : inconsistent dll linkage
                 C:\Program Files (x86)\Microsoft Visual Studio 12.0\VC\include\math.h(516) : see previous definition of 'round'
         sysmodule.c
     1>c:\workspaces\python276\include\pymath.h(22): warning C4273: 'round' : inconsistent dll linkage
                 C:\Program Files (x86)\Microsoft Visual Studio 12.0\VC\include\math.h(516) : see previous definition of 'round'
     1>..\..\Python\sysmodule.c(602): warning C4996: 'GetVersionExA': was declared deprecated
                 C:\Program Files (x86)\Windows Kits\8.1\Include\um\sysinfoapi.h(433) : see declaration of 'GetVersionExA'
         thread.c
     1>c:\workspaces\python276\include\pymath.h(22): warning C4273: 'round' : inconsistent dll linkage
                 C:\Program Files (x86)\Microsoft Visual Studio 12.0\VC\include\math.h(516) : see previous definition of 'round'
         traceback.c
     1>c:\workspaces\python276\include\pymath.h(22): warning C4273: 'round' : inconsistent dll linkage
                 C:\Program Files (x86)\Microsoft Visual Studio 12.0\VC\include\math.h(516) : see previous definition of 'round'
         Generating Code...
       ResourceCompile:
         C:\Program Files (x86)\Windows Kits\8.1\bin\x86\rc.exe /D NDEBUG /l"0x0409" /I..\..\Include /I..\..\PC /I..\..\Include /nologo /fo"C:\workspaces\Python276\PC\VS8.0\x64-temp-Release\pythoncore\python_nt.res" ..\python_nt.rc 
     1>C:\Program Files (x86)\MSBuild\Microsoft.Cpp\v4.0\V120\Microsoft.CppBuild.targets(1186,5): warning MSB8012: TargetPath(C:\workspaces\Python276\PC\VS8.0\\amd64\pythoncore.dll) does not match the Linker's OutputFile property value (C:\workspaces\Python276\PC\VS8.0\amd64\python27.dll). This may cause your project to build incorrectly. To correct this, please make sure that $(OutDir), $(TargetName) and $(TargetExt) property values match the value specified in %(Link.OutputFile).
     1>C:\Program Files (x86)\MSBuild\Microsoft.Cpp\v4.0\V120\Microsoft.CppBuild.targets(1188,5): warning MSB8012: TargetName(pythoncore) does not match the Linker's OutputFile property value (python27). This may cause your project to build incorrectly. To correct this, please make sure that $(OutDir), $(TargetName) and $(TargetExt) property values match the value specified in %(Link.OutputFile).
       PreLinkEvent:
         "C:\workspaces\Python276\PC\VS8.0\make_buildinfo.exe" Release
         :VCEnd
         cl.exe -c -D_WIN32 -DUSE_DL_EXPORT -D_WINDOWS -DWIN32 -D_WINDLL -MD ..\..\Modules\getbuildinfo.c -Fogetbuildinfo.o -I..\..\Include -I..\..\PC
         Microsoft (R) C/C++ Optimizing Compiler Version 18.00.21005.1 for x64
         Copyright (C) Microsoft Corporation.  All rights reserved.
         
         getbuildinfo.c
     1>c:\workspaces\python276\include\pymath.h(22): warning C4273: 'round' : inconsistent dll linkage
                 C:\Program Files (x86)\Microsoft Visual Studio 12.0\VC\include\math.h(516) : see previous definition of 'round'
       Link:
         C:\Program Files (x86)\Microsoft Visual Studio 12.0\VC\bin\x86_amd64\link.exe /ERRORREPORT:PROMPT /OUT:"C:\workspaces\Python276\PC\VS8.0\\amd64\python27.dll" /INCREMENTAL:NO /NOLOGO /LIBPATH:C:\workspaces\Python276\PC\VS8.0\\amd64\ getbuildinfo.o kernel32.lib user32.lib gdi32.lib winspool.lib comdlg32.lib advapi32.lib shell32.lib ole32.lib oleaut32.lib uuid.lib odbc32.lib odbccp32.lib /NODEFAULTLIB:libc /MANIFEST /MANIFESTUAC:"level='asInvoker' uiAccess='false'" /manifest:embed /DEBUG /PDB:"C:\workspaces\Python276\PC\VS8.0\\amd64\python27.pdb" /SUBSYSTEM:WINDOWS /TLBID:1 /BASE:"0x1e000000" /DYNAMICBASE:NO /IMPLIB:"C:\workspaces\Python276\PC\VS8.0\\amd64\python27.lib" /MACHINE:X64 /DLL "C:\workspaces\Python276\PC\VS8.0\x64-temp-Release\pythoncore\python_nt.res"
         "C:\workspaces\Python276\PC\VS8.0\x64-temp-Release\pythoncore\_bisectmodule.obj"
         "C:\workspaces\Python276\PC\VS8.0\x64-temp-Release\pythoncore\_codecsmodule.obj"
         "C:\workspaces\Python276\PC\VS8.0\x64-temp-Release\pythoncore\_collectionsmodule.obj"
         "C:\workspaces\Python276\PC\VS8.0\x64-temp-Release\pythoncore\_csv.obj"
         "C:\workspaces\Python276\PC\VS8.0\x64-temp-Release\pythoncore\_functoolsmodule.obj"
         "C:\workspaces\Python276\PC\VS8.0\x64-temp-Release\pythoncore\_heapqmodule.obj"
         "C:\workspaces\Python276\PC\VS8.0\x64-temp-Release\pythoncore\_hotshot.obj"
         "C:\workspaces\Python276\PC\VS8.0\x64-temp-Release\pythoncore\_json.obj"
         "C:\workspaces\Python276\PC\VS8.0\x64-temp-Release\pythoncore\_localemodule.obj"
         "C:\workspaces\Python276\PC\VS8.0\x64-temp-Release\pythoncore\_lsprof.obj"
         "C:\workspaces\Python276\PC\VS8.0\x64-temp-Release\pythoncore\_math.obj"
         "C:\workspaces\Python276\PC\VS8.0\x64-temp-Release\pythoncore\_randommodule.obj"
         "C:\workspaces\Python276\PC\VS8.0\x64-temp-Release\pythoncore\_sre.obj"
         "C:\workspaces\Python276\PC\VS8.0\x64-temp-Release\pythoncore\_struct.obj"
         "C:\workspaces\Python276\PC\VS8.0\x64-temp-Release\pythoncore\_weakref.obj"
         "C:\workspaces\Python276\PC\VS8.0\x64-temp-Release\pythoncore\arraymodule.obj"
         "C:\workspaces\Python276\PC\VS8.0\x64-temp-Release\pythoncore\audioop.obj"
         "C:\workspaces\Python276\PC\VS8.0\x64-temp-Release\pythoncore\binascii.obj"
         "C:\workspaces\Python276\PC\VS8.0\x64-temp-Release\pythoncore\cmathmodule.obj"
         "C:\workspaces\Python276\PC\VS8.0\x64-temp-Release\pythoncore\cPickle.obj"
         "C:\workspaces\Python276\PC\VS8.0\x64-temp-Release\pythoncore\cStringIO.obj"
         "C:\workspaces\Python276\PC\VS8.0\x64-temp-Release\pythoncore\datetimemodule.obj"
         "C:\workspaces\Python276\PC\VS8.0\x64-temp-Release\pythoncore\errnomodule.obj"
         "C:\workspaces\Python276\PC\VS8.0\x64-temp-Release\pythoncore\future_builtins.obj"
         "C:\workspaces\Python276\PC\VS8.0\x64-temp-Release\pythoncore\gcmodule.obj"
         "C:\workspaces\Python276\PC\VS8.0\x64-temp-Release\pythoncore\imageop.obj"
         "C:\workspaces\Python276\PC\VS8.0\x64-temp-Release\pythoncore\itertoolsmodule.obj"
         "C:\workspaces\Python276\PC\VS8.0\x64-temp-Release\pythoncore\main.obj"
         "C:\workspaces\Python276\PC\VS8.0\x64-temp-Release\pythoncore\mathmodule.obj"
         "C:\workspaces\Python276\PC\VS8.0\x64-temp-Release\pythoncore\md5.obj"
         "C:\workspaces\Python276\PC\VS8.0\x64-temp-Release\pythoncore\md5module.obj"
         "C:\workspaces\Python276\PC\VS8.0\x64-temp-Release\pythoncore\mmapmodule.obj"
         "C:\workspaces\Python276\PC\VS8.0\x64-temp-Release\pythoncore\operator.obj"
         "C:\workspaces\Python276\PC\VS8.0\x64-temp-Release\pythoncore\parsermodule.obj"
         "C:\workspaces\Python276\PC\VS8.0\x64-temp-Release\pythoncore\posixmodule.obj"
         "C:\workspaces\Python276\PC\VS8.0\x64-temp-Release\pythoncore\rotatingtree.obj"
         "C:\workspaces\Python276\PC\VS8.0\x64-temp-Release\pythoncore\sha256module.obj"
         "C:\workspaces\Python276\PC\VS8.0\x64-temp-Release\pythoncore\sha512module.obj"
         "C:\workspaces\Python276\PC\VS8.0\x64-temp-Release\pythoncore\shamodule.obj"
         "C:\workspaces\Python276\PC\VS8.0\x64-temp-Release\pythoncore\signalmodule.obj"
         "C:\workspaces\Python276\PC\VS8.0\x64-temp-Release\pythoncore\stropmodule.obj"
         "C:\workspaces\Python276\PC\VS8.0\x64-temp-Release\pythoncore\symtablemodule.obj"
         "C:\workspaces\Python276\PC\VS8.0\x64-temp-Release\pythoncore\threadmodule.obj"
         "C:\workspaces\Python276\PC\VS8.0\x64-temp-Release\pythoncore\timemodule.obj"
         "C:\workspaces\Python276\PC\VS8.0\x64-temp-Release\pythoncore\xxsubtype.obj"
         "C:\workspaces\Python276\PC\VS8.0\x64-temp-Release\pythoncore\zipimport.obj"
         "C:\workspaces\Python276\PC\VS8.0\x64-temp-Release\pythoncore\zlibmodule.obj"
         "C:\workspaces\Python276\PC\VS8.0\x64-temp-Release\pythoncore\adler32.obj"
         "C:\workspaces\Python276\PC\VS8.0\x64-temp-Release\pythoncore\compress.obj"
         "C:\workspaces\Python276\PC\VS8.0\x64-temp-Release\pythoncore\crc32.obj"
         "C:\workspaces\Python276\PC\VS8.0\x64-temp-Release\pythoncore\deflate.obj"
         "C:\workspaces\Python276\PC\VS8.0\x64-temp-Release\pythoncore\gzio.obj"
         "C:\workspaces\Python276\PC\VS8.0\x64-temp-Release\pythoncore\infback.obj"
         "C:\workspaces\Python276\PC\VS8.0\x64-temp-Release\pythoncore\inffast.obj"
         "C:\workspaces\Python276\PC\VS8.0\x64-temp-Release\pythoncore\inflate.obj"
         "C:\workspaces\Python276\PC\VS8.0\x64-temp-Release\pythoncore\inftrees.obj"
         "C:\workspaces\Python276\PC\VS8.0\x64-temp-Release\pythoncore\trees.obj"
         "C:\workspaces\Python276\PC\VS8.0\x64-temp-Release\pythoncore\uncompr.obj"
         "C:\workspaces\Python276\PC\VS8.0\x64-temp-Release\pythoncore\zutil.obj"
         "C:\workspaces\Python276\PC\VS8.0\x64-temp-Release\pythoncore\_codecs_cn.obj"
         "C:\workspaces\Python276\PC\VS8.0\x64-temp-Release\pythoncore\_codecs_hk.obj"
         "C:\workspaces\Python276\PC\VS8.0\x64-temp-Release\pythoncore\_codecs_iso2022.obj"
         "C:\workspaces\Python276\PC\VS8.0\x64-temp-Release\pythoncore\_codecs_jp.obj"
         "C:\workspaces\Python276\PC\VS8.0\x64-temp-Release\pythoncore\_codecs_kr.obj"
         "C:\workspaces\Python276\PC\VS8.0\x64-temp-Release\pythoncore\_codecs_tw.obj"
         "C:\workspaces\Python276\PC\VS8.0\x64-temp-Release\pythoncore\multibytecodec.obj"
         "C:\workspaces\Python276\PC\VS8.0\x64-temp-Release\pythoncore\_iomodule.obj"
         "C:\workspaces\Python276\PC\VS8.0\x64-temp-Release\pythoncore\bufferedio.obj"
         "C:\workspaces\Python276\PC\VS8.0\x64-temp-Release\pythoncore\bytesio.obj"
         "C:\workspaces\Python276\PC\VS8.0\x64-temp-Release\pythoncore\fileio.obj"
         "C:\workspaces\Python276\PC\VS8.0\x64-temp-Release\pythoncore\iobase.obj"
         "C:\workspaces\Python276\PC\VS8.0\x64-temp-Release\pythoncore\stringio.obj"
         "C:\workspaces\Python276\PC\VS8.0\x64-temp-Release\pythoncore\textio.obj"
         "C:\workspaces\Python276\PC\VS8.0\x64-temp-Release\pythoncore\abstract.obj"
         "C:\workspaces\Python276\PC\VS8.0\x64-temp-Release\pythoncore\boolobject.obj"
         "C:\workspaces\Python276\PC\VS8.0\x64-temp-Release\pythoncore\bufferobject.obj"
         "C:\workspaces\Python276\PC\VS8.0\x64-temp-Release\pythoncore\bytes_methods.obj"
         "C:\workspaces\Python276\PC\VS8.0\x64-temp-Release\pythoncore\bytearrayobject.obj"
         "C:\workspaces\Python276\PC\VS8.0\x64-temp-Release\pythoncore\capsule.obj"
         "C:\workspaces\Python276\PC\VS8.0\x64-temp-Release\pythoncore\cellobject.obj"
         "C:\workspaces\Python276\PC\VS8.0\x64-temp-Release\pythoncore\classobject.obj"
         "C:\workspaces\Python276\PC\VS8.0\x64-temp-Release\pythoncore\cobject.obj"
         "C:\workspaces\Python276\PC\VS8.0\x64-temp-Release\pythoncore\codeobject.obj"
         "C:\workspaces\Python276\PC\VS8.0\x64-temp-Release\pythoncore\complexobject.obj"
         "C:\workspaces\Python276\PC\VS8.0\x64-temp-Release\pythoncore\descrobject.obj"
         "C:\workspaces\Python276\PC\VS8.0\x64-temp-Release\pythoncore\dictobject.obj"
         "C:\workspaces\Python276\PC\VS8.0\x64-temp-Release\pythoncore\enumobject.obj"
         "C:\workspaces\Python276\PC\VS8.0\x64-temp-Release\pythoncore\exceptions.obj"
         "C:\workspaces\Python276\PC\VS8.0\x64-temp-Release\pythoncore\fileobject.obj"
         "C:\workspaces\Python276\PC\VS8.0\x64-temp-Release\pythoncore\floatobject.obj"
         "C:\workspaces\Python276\PC\VS8.0\x64-temp-Release\pythoncore\frameobject.obj"
         "C:\workspaces\Python276\PC\VS8.0\x64-temp-Release\pythoncore\funcobject.obj"
         "C:\workspaces\Python276\PC\VS8.0\x64-temp-Release\pythoncore\genobject.obj"
         "C:\workspaces\Python276\PC\VS8.0\x64-temp-Release\pythoncore\intobject.obj"
         "C:\workspaces\Python276\PC\VS8.0\x64-temp-Release\pythoncore\iterobject.obj"
         "C:\workspaces\Python276\PC\VS8.0\x64-temp-Release\pythoncore\listobject.obj"
         "C:\workspaces\Python276\PC\VS8.0\x64-temp-Release\pythoncore\longobject.obj"
         "C:\workspaces\Python276\PC\VS8.0\x64-temp-Release\pythoncore\memoryobject.obj"
         "C:\workspaces\Python276\PC\VS8.0\x64-temp-Release\pythoncore\methodobject.obj"
         "C:\workspaces\Python276\PC\VS8.0\x64-temp-Release\pythoncore\moduleobject.obj"
         "C:\workspaces\Python276\PC\VS8.0\x64-temp-Release\pythoncore\object.obj"
         "C:\workspaces\Python276\PC\VS8.0\x64-temp-Release\pythoncore\obmalloc.obj"
         "C:\workspaces\Python276\PC\VS8.0\x64-temp-Release\pythoncore\rangeobject.obj"
         "C:\workspaces\Python276\PC\VS8.0\x64-temp-Release\pythoncore\setobject.obj"
         "C:\workspaces\Python276\PC\VS8.0\x64-temp-Release\pythoncore\sliceobject.obj"
         "C:\workspaces\Python276\PC\VS8.0\x64-temp-Release\pythoncore\stringobject.obj"
         "C:\workspaces\Python276\PC\VS8.0\x64-temp-Release\pythoncore\structseq.obj"
         "C:\workspaces\Python276\PC\VS8.0\x64-temp-Release\pythoncore\tupleobject.obj"
         "C:\workspaces\Python276\PC\VS8.0\x64-temp-Release\pythoncore\typeobject.obj"
         "C:\workspaces\Python276\PC\VS8.0\x64-temp-Release\pythoncore\unicodectype.obj"
         "C:\workspaces\Python276\PC\VS8.0\x64-temp-Release\pythoncore\unicodeobject.obj"
         "C:\workspaces\Python276\PC\VS8.0\x64-temp-Release\pythoncore\weakrefobject.obj"
         "C:\workspaces\Python276\PC\VS8.0\x64-temp-Release\pythoncore\acceler.obj"
         "C:\workspaces\Python276\PC\VS8.0\x64-temp-Release\pythoncore\bitset.obj"
         "C:\workspaces\Python276\PC\VS8.0\x64-temp-Release\pythoncore\firstsets.obj"
         "C:\workspaces\Python276\PC\VS8.0\x64-temp-Release\pythoncore\grammar.obj"
         "C:\workspaces\Python276\PC\VS8.0\x64-temp-Release\pythoncore\grammar1.obj"
         "C:\workspaces\Python276\PC\VS8.0\x64-temp-Release\pythoncore\listnode.obj"
         "C:\workspaces\Python276\PC\VS8.0\x64-temp-Release\pythoncore\metagrammar.obj"
         "C:\workspaces\Python276\PC\VS8.0\x64-temp-Release\pythoncore\myreadline.obj"
         "C:\workspaces\Python276\PC\VS8.0\x64-temp-Release\pythoncore\node.obj"
         "C:\workspaces\Python276\PC\VS8.0\x64-temp-Release\pythoncore\parser.obj"
         "C:\workspaces\Python276\PC\VS8.0\x64-temp-Release\pythoncore\parsetok.obj"
         "C:\workspaces\Python276\PC\VS8.0\x64-temp-Release\pythoncore\tokenizer.obj"
         "C:\workspaces\Python276\PC\VS8.0\x64-temp-Release\pythoncore\_subprocess.obj"
         "C:\workspaces\Python276\PC\VS8.0\x64-temp-Release\pythoncore\_winreg.obj"
         "C:\workspaces\Python276\PC\VS8.0\x64-temp-Release\pythoncore\config.obj"
         "C:\workspaces\Python276\PC\VS8.0\x64-temp-Release\pythoncore\dl_nt.obj"
         "C:\workspaces\Python276\PC\VS8.0\x64-temp-Release\pythoncore\getpathp.obj"
         "C:\workspaces\Python276\PC\VS8.0\x64-temp-Release\pythoncore\import_nt.obj"
         "C:\workspaces\Python276\PC\VS8.0\x64-temp-Release\pythoncore\msvcrtmodule.obj"
         "C:\workspaces\Python276\PC\VS8.0\x64-temp-Release\pythoncore\_warnings.obj"
         "C:\workspaces\Python276\PC\VS8.0\x64-temp-Release\pythoncore\asdl.obj"
         "C:\workspaces\Python276\PC\VS8.0\x64-temp-Release\pythoncore\ast.obj"
         "C:\workspaces\Python276\PC\VS8.0\x64-temp-Release\pythoncore\bltinmodule.obj"
         "C:\workspaces\Python276\PC\VS8.0\x64-temp-Release\pythoncore\ceval.obj"
         "C:\workspaces\Python276\PC\VS8.0\x64-temp-Release\pythoncore\codecs.obj"
         "C:\workspaces\Python276\PC\VS8.0\x64-temp-Release\pythoncore\compile.obj"
         "C:\workspaces\Python276\PC\VS8.0\x64-temp-Release\pythoncore\dtoa.obj"
         "C:\workspaces\Python276\PC\VS8.0\x64-temp-Release\pythoncore\dynload_win.obj"
         "C:\workspaces\Python276\PC\VS8.0\x64-temp-Release\pythoncore\errors.obj"
         "C:\workspaces\Python276\PC\VS8.0\x64-temp-Release\pythoncore\formatter_string.obj"
         "C:\workspaces\Python276\PC\VS8.0\x64-temp-Release\pythoncore\formatter_unicode.obj"
         "C:\workspaces\Python276\PC\VS8.0\x64-temp-Release\pythoncore\frozen.obj"
         "C:\workspaces\Python276\PC\VS8.0\x64-temp-Release\pythoncore\future.obj"
         "C:\workspaces\Python276\PC\VS8.0\x64-temp-Release\pythoncore\getargs.obj"
         "C:\workspaces\Python276\PC\VS8.0\x64-temp-Release\pythoncore\getcompiler.obj"
         "C:\workspaces\Python276\PC\VS8.0\x64-temp-Release\pythoncore\getcopyright.obj"
         "C:\workspaces\Python276\PC\VS8.0\x64-temp-Release\pythoncore\getopt.obj"
         "C:\workspaces\Python276\PC\VS8.0\x64-temp-Release\pythoncore\getplatform.obj"
         "C:\workspaces\Python276\PC\VS8.0\x64-temp-Release\pythoncore\getversion.obj"
         "C:\workspaces\Python276\PC\VS8.0\x64-temp-Release\pythoncore\graminit.obj"
         "C:\workspaces\Python276\PC\VS8.0\x64-temp-Release\pythoncore\import.obj"
         "C:\workspaces\Python276\PC\VS8.0\x64-temp-Release\pythoncore\importdl.obj"
         "C:\workspaces\Python276\PC\VS8.0\x64-temp-Release\pythoncore\marshal.obj"
         "C:\workspaces\Python276\PC\VS8.0\x64-temp-Release\pythoncore\modsupport.obj"
         "C:\workspaces\Python276\PC\VS8.0\x64-temp-Release\pythoncore\mysnprintf.obj"
         "C:\workspaces\Python276\PC\VS8.0\x64-temp-Release\pythoncore\mystrtoul.obj"
         "C:\workspaces\Python276\PC\VS8.0\x64-temp-Release\pythoncore\peephole.obj"
         "C:\workspaces\Python276\PC\VS8.0\x64-temp-Release\pythoncore\pyarena.obj"
         "C:\workspaces\Python276\PC\VS8.0\x64-temp-Release\pythoncore\pyctype.obj"
         "C:\workspaces\Python276\PC\VS8.0\x64-temp-Release\pythoncore\pyfpe.obj"
         "C:\workspaces\Python276\PC\VS8.0\x64-temp-Release\pythoncore\pymath.obj"
         "C:\workspaces\Python276\PC\VS8.0\x64-temp-Release\pythoncore\pystate.obj"
         "C:\workspaces\Python276\PC\VS8.0\x64-temp-Release\pythoncore\pystrcmp.obj"
         "C:\workspaces\Python276\PC\VS8.0\x64-temp-Release\pythoncore\pystrtod.obj"
         "C:\workspaces\Python276\PC\VS8.0\x64-temp-Release\pythoncore\Python-ast.obj"
         "C:\workspaces\Python276\PC\VS8.0\x64-temp-Release\pythoncore\pythonrun.obj"
         "C:\workspaces\Python276\PC\VS8.0\x64-temp-Release\pythoncore\random.obj"
         "C:\workspaces\Python276\PC\VS8.0\x64-temp-Release\pythoncore\structmember.obj"
         "C:\workspaces\Python276\PC\VS8.0\x64-temp-Release\pythoncore\symtable.obj"
         "C:\workspaces\Python276\PC\VS8.0\x64-temp-Release\pythoncore\sysmodule.obj"
         "C:\workspaces\Python276\PC\VS8.0\x64-temp-Release\pythoncore\thread.obj"
         "C:\workspaces\Python276\PC\VS8.0\x64-temp-Release\pythoncore\traceback.obj"
            Creating library C:\workspaces\Python276\PC\VS8.0\\amd64\python27.lib and object C:\workspaces\Python276\PC\VS8.0\\amd64\python27.exp
         pythoncore.vcxproj -> C:\workspaces\Python276\PC\VS8.0\\amd64\pythoncore.dll
     1>Done Building Project "C:\workspaces\Python276\PC\VS8.0\pythoncore.vcxproj" (Rebuild target(s)).

Build succeeded.

Time Elapsed 00:00:25.06
