c:\python276_2012\python-2.7.6\pc\vs8.0\amd64\bz2.lib
c:\python276_2012\python-2.7.6\pc\vs8.0\amd64\bz2.exp
c:\python276_2012\python-2.7.6\pc\vs8.0\x64-temp-debug\bz2\vc120.pdb
c:\python276_2012\python-2.7.6\pc\vs8.0\x64-temp-debug\bz2\randtable.obj
c:\python276_2012\python-2.7.6\pc\vs8.0\x64-temp-debug\bz2\huffman.obj
c:\python276_2012\python-2.7.6\pc\vs8.0\x64-temp-debug\bz2\decompress.obj
c:\python276_2012\python-2.7.6\pc\vs8.0\x64-temp-debug\bz2\crctable.obj
c:\python276_2012\python-2.7.6\pc\vs8.0\x64-temp-debug\bz2\compress.obj
c:\python276_2012\python-2.7.6\pc\vs8.0\x64-temp-debug\bz2\bzlib.obj
c:\python276_2012\python-2.7.6\pc\vs8.0\x64-temp-debug\bz2\blocksort.obj
c:\python276_2012\python-2.7.6\pc\vs8.0\x64-temp-debug\bz2\bz2module.obj
c:\python276_2012\python-2.7.6\pc\vs8.0\amd64\bz2_d.pyd
c:\python276_2012\python-2.7.6\pc\vs8.0\amd64\bz2_d.pdb
c:\python276_2012\python-2.7.6\pc\vs8.0\x64-temp-debug\bz2\bz2.tlog\bz2.write.1u.tlog
c:\python276_2012\python-2.7.6\pc\vs8.0\x64-temp-debug\bz2\bz2.tlog\cl.command.1.tlog
c:\python276_2012\python-2.7.6\pc\vs8.0\x64-temp-debug\bz2\bz2.tlog\cl.read.1.tlog
c:\python276_2012\python-2.7.6\pc\vs8.0\x64-temp-debug\bz2\bz2.tlog\cl.write.1.tlog
c:\python276_2012\python-2.7.6\pc\vs8.0\x64-temp-debug\bz2\bz2.tlog\link.command.1.tlog
c:\python276_2012\python-2.7.6\pc\vs8.0\x64-temp-debug\bz2\bz2.tlog\link.read.1.tlog
c:\python276_2012\python-2.7.6\pc\vs8.0\x64-temp-debug\bz2\bz2.tlog\link.write.1.tlog
