Build started 12/02/2014 16:23:40.
     1>Project "C:\workspaces\Python276\PC\VS8.0\pythonw.vcxproj" on node 3 (Rebuild target(s)).
     1>ClCompile:
         C:\Program Files (x86)\Microsoft Visual Studio 12.0\VC\bin\x86_amd64\CL.exe /c /I..\..\Include /I..\..\PC /Zi /nologo /W3 /WX- /Od /Ob1 /D _WINDOWS /D _DEBUG /D _WIN64 /D _M_X64 /D _WIN32 /GF /Gm- /MDd /GS /Gy /fp:precise /Zc:wchar_t /Zc:forScope /Fo"C:\workspaces\Python276\PC\VS8.0\x64-temp-Debug\pythonw\\" /Fd"C:\workspaces\Python276\PC\VS8.0\x64-temp-Debug\pythonw\vc120.pdb" /Gd /TC /errorReport:prompt /USECL:MS_OPTERON /GS- ..\WinMain.c
     1>cl : Command line warning D9025: overriding '/GS' with '/GS-'
         WinMain.c
     1>c:\workspaces\python276\include\pymath.h(22): warning C4273: 'round' : inconsistent dll linkage
                 C:\Program Files (x86)\Microsoft Visual Studio 12.0\VC\include\math.h(516) : see previous definition of 'round'
       ResourceCompile:
         C:\Program Files (x86)\Windows Kits\8.1\bin\x86\rc.exe /D _DEBUG /l"0x0409" /I..\..\PC /I..\..\Include /nologo /fo"C:\workspaces\Python276\PC\VS8.0\x64-temp-Debug\pythonw\python_exe.res" ..\python_exe.rc 
     1>C:\Program Files (x86)\MSBuild\Microsoft.Cpp\v4.0\V120\Microsoft.CppBuild.targets(1186,5): warning MSB8012: TargetPath(C:\workspaces\Python276\PC\VS8.0\\amd64\pythonw.exe) does not match the Linker's OutputFile property value (C:\workspaces\Python276\PC\VS8.0\amd64\pythonw_d.exe). This may cause your project to build incorrectly. To correct this, please make sure that $(OutDir), $(TargetName) and $(TargetExt) property values match the value specified in %(Link.OutputFile).
     1>C:\Program Files (x86)\MSBuild\Microsoft.Cpp\v4.0\V120\Microsoft.CppBuild.targets(1188,5): warning MSB8012: TargetName(pythonw) does not match the Linker's OutputFile property value (pythonw_d). This may cause your project to build incorrectly. To correct this, please make sure that $(OutDir), $(TargetName) and $(TargetExt) property values match the value specified in %(Link.OutputFile).
       Link:
         C:\Program Files (x86)\Microsoft Visual Studio 12.0\VC\bin\x86_amd64\link.exe /ERRORREPORT:PROMPT /OUT:"C:\workspaces\Python276\PC\VS8.0\\amd64\pythonw_d.exe" /INCREMENTAL:NO /NOLOGO /LIBPATH:C:\workspaces\Python276\PC\VS8.0\\amd64\ kernel32.lib user32.lib gdi32.lib winspool.lib comdlg32.lib advapi32.lib shell32.lib ole32.lib oleaut32.lib uuid.lib odbc32.lib odbccp32.lib /MANIFEST /MANIFESTUAC:"level='asInvoker' uiAccess='false'" /manifest:embed /DEBUG /PDB:"C:\workspaces\Python276\PC\VS8.0\\amd64\pythonw.pdb" /SUBSYSTEM:WINDOWS /STACK:"2000000" /TLBID:1 /BASE:"0x1d000000" /DYNAMICBASE:NO /IMPLIB:"C:\workspaces\Python276\PC\VS8.0\\amd64\pythonw.lib" /MACHINE:X64 "C:\workspaces\Python276\PC\VS8.0\x64-temp-Debug\pythonw\python_exe.res"
         "C:\workspaces\Python276\PC\VS8.0\x64-temp-Debug\pythonw\WinMain.obj"
         C:\workspaces\Python276\PC\VS8.0\amd64\python27_d.lib
         pythonw.vcxproj -> C:\workspaces\Python276\PC\VS8.0\\amd64\pythonw.exe
     1>Done Building Project "C:\workspaces\Python276\PC\VS8.0\pythonw.vcxproj" (Rebuild target(s)).

Build succeeded.

Time Elapsed 00:00:00.78
