Build started 12/02/2014 16:23:44.
     1>Project "C:\workspaces\Python276\PC\VS8.0\_tkinter.vcxproj" on node 5 (Rebuild target(s)).
     1>ClCompile:
         C:\Program Files (x86)\Microsoft Visual Studio 12.0\VC\bin\x86_amd64\CL.exe /c /I..\..\Tools\tcltk64\include /I..\..\Include /I..\..\PC /Zi /nologo /W3 /WX- /Od /D WITH_APPINIT /D _WIN64 /D _M_X64 /D Py_BUILD_CORE_MODULE /D _DEBUG /D _WIN32 /D _WINDLL /GF /Gm- /MDd /GS /Gy /fp:precise /Zc:wchar_t /Zc:forScope /Fo"C:\workspaces\Python276\PC\VS8.0\x64-temp-Debug\_tkinter\\" /Fd"C:\workspaces\Python276\PC\VS8.0\x64-temp-Debug\_tkinter\vc120.pdb" /Gd /TC /errorReport:prompt /USECL:MS_OPTERON /GS- ..\..\Modules\_tkinter.c ..\..\Modules\tkappinit.c
     1>cl : Command line warning D9025: overriding '/GS' with '/GS-'
         _tkinter.c
     1>c:\workspaces\python276\include\pymath.h(22): warning C4273: 'round' : inconsistent dll linkage
                 C:\Program Files (x86)\Microsoft Visual Studio 12.0\VC\include\math.h(516) : see previous definition of 'round'
     1>..\..\Modules\_tkinter.c(411): warning C4267: 'function' : conversion from 'size_t' to 'unsigned int', possible loss of data
     1>..\..\Modules\_tkinter.c(412): warning C4267: 'function' : conversion from 'size_t' to 'unsigned int', possible loss of data
     1>..\..\Modules\_tkinter.c(439): warning C4244: 'function' : conversion from 'Py_ssize_t' to 'int', possible loss of data
     1>..\..\Modules\_tkinter.c(511): warning C4244: '=' : conversion from 'Py_ssize_t' to 'int', possible loss of data
     1>..\..\Modules\_tkinter.c(693): warning C4267: 'function' : conversion from 'size_t' to 'unsigned int', possible loss of data
     1>..\..\Modules\_tkinter.c(725): warning C4267: '+=' : conversion from 'size_t' to 'int', possible loss of data
     1>..\..\Modules\_tkinter.c(986): warning C4244: 'function' : conversion from 'Py_ssize_t' to 'int', possible loss of data
     1>..\..\Modules\_tkinter.c(1002): warning C4267: 'function' : conversion from 'size_t' to 'unsigned int', possible loss of data
     1>..\..\Modules\_tkinter.c(1007): warning C4244: 'function' : conversion from 'Py_ssize_t' to 'int', possible loss of data
     1>..\..\Modules\_tkinter.c(1049): warning C4244: 'function' : conversion from 'Py_ssize_t' to 'int', possible loss of data
     1>..\..\Modules\_tkinter.c(1239): warning C4267: 'function' : conversion from 'size_t' to 'unsigned int', possible loss of data
     1>..\..\Modules\_tkinter.c(1263): warning C4244: '=' : conversion from 'Py_ssize_t' to 'int', possible loss of data
     1>..\..\Modules\_tkinter.c(1266): warning C4244: 'function' : conversion from 'Py_ssize_t' to 'int', possible loss of data
     1>..\..\Modules\_tkinter.c(3015): warning C4244: '=' : conversion from 'Py_ssize_t' to 'int', possible loss of data
     1>..\..\Modules\_tkinter.c(3037): warning C4244: '=' : conversion from 'Py_ssize_t' to 'int', possible loss of data
     1>..\..\Modules\_tkinter.c(3071): warning C4244: '=' : conversion from 'Py_ssize_t' to 'int', possible loss of data
         tkappinit.c
         Generating Code...
     1>C:\Program Files (x86)\MSBuild\Microsoft.Cpp\v4.0\V120\Microsoft.CppBuild.targets(1186,5): warning MSB8012: TargetPath(C:\workspaces\Python276\PC\VS8.0\\amd64\_tkinter.dll) does not match the Linker's OutputFile property value (C:\workspaces\Python276\PC\VS8.0\amd64\_tkinter_d.pyd). This may cause your project to build incorrectly. To correct this, please make sure that $(OutDir), $(TargetName) and $(TargetExt) property values match the value specified in %(Link.OutputFile).
     1>C:\Program Files (x86)\MSBuild\Microsoft.Cpp\v4.0\V120\Microsoft.CppBuild.targets(1187,5): warning MSB8012: TargetExt(.dll) does not match the Linker's OutputFile property value (.pyd). This may cause your project to build incorrectly. To correct this, please make sure that $(OutDir), $(TargetName) and $(TargetExt) property values match the value specified in %(Link.OutputFile).
     1>C:\Program Files (x86)\MSBuild\Microsoft.Cpp\v4.0\V120\Microsoft.CppBuild.targets(1188,5): warning MSB8012: TargetName(_tkinter) does not match the Linker's OutputFile property value (_tkinter_d). This may cause your project to build incorrectly. To correct this, please make sure that $(OutDir), $(TargetName) and $(TargetExt) property values match the value specified in %(Link.OutputFile).
       Link:
         C:\Program Files (x86)\Microsoft Visual Studio 12.0\VC\bin\x86_amd64\link.exe /ERRORREPORT:PROMPT /OUT:"C:\workspaces\Python276\PC\VS8.0\\amd64\_tkinter_d.pyd" /INCREMENTAL:NO /NOLOGO /LIBPATH:C:\workspaces\Python276\PC\VS8.0\\amd64\ ..\..\Tools\tcltk64\lib\tcl85g.lib ..\..\Tools\tcltk64\lib\tk85g.lib kernel32.lib user32.lib gdi32.lib winspool.lib comdlg32.lib advapi32.lib shell32.lib ole32.lib oleaut32.lib uuid.lib odbc32.lib odbccp32.lib /MANIFEST:NO /DEBUG /PDB:"C:\workspaces\Python276\PC\VS8.0\\amd64\_tkinter_d.pdb" /SUBSYSTEM:WINDOWS /TLBID:1 /DYNAMICBASE:NO /IMPLIB:"C:\workspaces\Python276\PC\VS8.0\\amd64\_tkinter.lib" /MACHINE:X64 /DLL "C:\workspaces\Python276\PC\VS8.0\x64-temp-Debug\_tkinter\_tkinter.obj"
         "C:\workspaces\Python276\PC\VS8.0\x64-temp-Debug\_tkinter\tkappinit.obj"
         C:\workspaces\Python276\PC\VS8.0\amd64\python27_d.lib
            Creating library C:\workspaces\Python276\PC\VS8.0\\amd64\_tkinter.lib and object C:\workspaces\Python276\PC\VS8.0\\amd64\_tkinter.exp
         _tkinter.vcxproj -> C:\workspaces\Python276\PC\VS8.0\\amd64\_tkinter.dll
     1>Done Building Project "C:\workspaces\Python276\PC\VS8.0\_tkinter.vcxproj" (Rebuild target(s)).

Build succeeded.

Time Elapsed 00:00:00.69
