c:\python276_2012\python-2.7.6\pc\vs8.0\amd64\python.bsc
c:\python276_2012\python-2.7.6\pc\vs8.0\x64-temp-debug\python\vc120.pdb
c:\python276_2012\python-2.7.6\pc\vs8.0\x64-temp-debug\python\python.sbr
c:\python276_2012\python-2.7.6\pc\vs8.0\x64-temp-debug\python\python.obj
c:\python276_2012\python-2.7.6\pc\vs8.0\amd64\python_d.exe
c:\python276_2012\python-2.7.6\pc\vs8.0\amd64\python.pdb
c:\python276_2012\python-2.7.6\pc\vs8.0\x64-temp-debug\python\python_exe.res
c:\python276_2012\python-2.7.6\pc\vs8.0\\amd64\python.pdb
c:\python276_2012\python-2.7.6\pc\vs8.0\\amd64\python.bsc
c:\python276_2012\python-2.7.6\pc\vs8.0\x64-temp-debug\python\python.tlog\bscmake.command.1.tlog
c:\python276_2012\python-2.7.6\pc\vs8.0\x64-temp-debug\python\python.tlog\bscmake.read.1.tlog
c:\python276_2012\python-2.7.6\pc\vs8.0\x64-temp-debug\python\python.tlog\bscmake.write.1.tlog
c:\python276_2012\python-2.7.6\pc\vs8.0\x64-temp-debug\python\python.tlog\cl.command.1.tlog
c:\python276_2012\python-2.7.6\pc\vs8.0\x64-temp-debug\python\python.tlog\cl.read.1.tlog
c:\python276_2012\python-2.7.6\pc\vs8.0\x64-temp-debug\python\python.tlog\cl.write.1.tlog
c:\python276_2012\python-2.7.6\pc\vs8.0\x64-temp-debug\python\python.tlog\link.command.1.tlog
c:\python276_2012\python-2.7.6\pc\vs8.0\x64-temp-debug\python\python.tlog\link.read.1.tlog
c:\python276_2012\python-2.7.6\pc\vs8.0\x64-temp-debug\python\python.tlog\link.write.1.tlog
c:\python276_2012\python-2.7.6\pc\vs8.0\x64-temp-debug\python\python.tlog\rc.command.1.tlog
c:\python276_2012\python-2.7.6\pc\vs8.0\x64-temp-debug\python\python.tlog\rc.read.1.tlog
c:\python276_2012\python-2.7.6\pc\vs8.0\x64-temp-debug\python\python.tlog\rc.write.1.tlog
