c:\python276_2012\python-2.7.6\pc\vs8.0\x64-temp-release\_bsddb\vc120.pdb
c:\python276_2012\python-2.7.6\pc\vs8.0\x64-temp-release\_bsddb\bt_verify.obj
c:\python276_2012\python-2.7.6\pc\vs8.0\x64-temp-release\_bsddb\bt_upgrade.obj
c:\python276_2012\python-2.7.6\pc\vs8.0\x64-temp-release\_bsddb\bt_stat.obj
c:\python276_2012\python-2.7.6\pc\vs8.0\x64-temp-release\_bsddb\bt_split.obj
c:\python276_2012\python-2.7.6\pc\vs8.0\x64-temp-release\_bsddb\bt_search.obj
c:\python276_2012\python-2.7.6\pc\vs8.0\x64-temp-release\_bsddb\bt_rsearch.obj
c:\python276_2012\python-2.7.6\pc\vs8.0\x64-temp-release\_bsddb\bt_recno.obj
c:\python276_2012\python-2.7.6\pc\vs8.0\x64-temp-release\_bsddb\bt_reclaim.obj
c:\python276_2012\python-2.7.6\pc\vs8.0\x64-temp-release\_bsddb\bt_rec.obj
c:\python276_2012\python-2.7.6\pc\vs8.0\x64-temp-release\_bsddb\bt_put.obj
c:\python276_2012\python-2.7.6\pc\vs8.0\x64-temp-release\_bsddb\bt_open.obj
c:\python276_2012\python-2.7.6\pc\vs8.0\x64-temp-release\_bsddb\bt_method.obj
c:\python276_2012\python-2.7.6\pc\vs8.0\x64-temp-release\_bsddb\bt_delete.obj
c:\python276_2012\python-2.7.6\pc\vs8.0\x64-temp-release\_bsddb\bt_cursor.obj
c:\python276_2012\python-2.7.6\pc\vs8.0\x64-temp-release\_bsddb\bt_curadj.obj
c:\python276_2012\python-2.7.6\pc\vs8.0\x64-temp-release\_bsddb\bt_conv.obj
c:\python276_2012\python-2.7.6\pc\vs8.0\x64-temp-release\_bsddb\bt_compare.obj
c:\python276_2012\python-2.7.6\pc\vs8.0\x64-temp-release\_bsddb\bt_compact.obj
c:\python276_2012\python-2.7.6\pc\vs8.0\x64-temp-release\_bsddb\aes_method.obj
c:\python276_2012\python-2.7.6\pc\vs8.0\x64-temp-release\_bsddb\_bsddb.obj
c:\python276_2012\python-2.7.6\pc\vs8.0\x64-temp-release\_bsddb\db_meta.obj
c:\python276_2012\python-2.7.6\pc\vs8.0\x64-temp-release\_bsddb\db_log2.obj
c:\python276_2012\python-2.7.6\pc\vs8.0\x64-temp-release\_bsddb\db_join.obj
c:\python276_2012\python-2.7.6\pc\vs8.0\x64-temp-release\_bsddb\db_iface.obj
c:\python276_2012\python-2.7.6\pc\vs8.0\x64-temp-release\_bsddb\db_idspace.obj
c:\python276_2012\python-2.7.6\pc\vs8.0\x64-temp-release\_bsddb\db_getlong.obj
c:\python276_2012\python-2.7.6\pc\vs8.0\x64-temp-release\_bsddb\db_err.obj
c:\python276_2012\python-2.7.6\pc\vs8.0\x64-temp-release\_bsddb\db_dup.obj
c:\python276_2012\python-2.7.6\pc\vs8.0\x64-temp-release\_bsddb\db_dispatch.obj
c:\python276_2012\python-2.7.6\pc\vs8.0\x64-temp-release\_bsddb\db_conv.obj
c:\python276_2012\python-2.7.6\pc\vs8.0\x64-temp-release\_bsddb\db_cds.obj
c:\python276_2012\python-2.7.6\pc\vs8.0\x64-temp-release\_bsddb\db_cam.obj
c:\python276_2012\python-2.7.6\pc\vs8.0\x64-temp-release\_bsddb\db_byteorder.obj
c:\python276_2012\python-2.7.6\pc\vs8.0\x64-temp-release\_bsddb\db_auto.obj
c:\python276_2012\python-2.7.6\pc\vs8.0\x64-temp-release\_bsddb\db_am.obj
c:\python276_2012\python-2.7.6\pc\vs8.0\x64-temp-release\_bsddb\db.obj
c:\python276_2012\python-2.7.6\pc\vs8.0\x64-temp-release\_bsddb\crypto.obj
c:\python276_2012\python-2.7.6\pc\vs8.0\x64-temp-release\_bsddb\crdel_rec.obj
c:\python276_2012\python-2.7.6\pc\vs8.0\x64-temp-release\_bsddb\crdel_auto.obj
c:\python276_2012\python-2.7.6\pc\vs8.0\x64-temp-release\_bsddb\btree_auto.obj
c:\python276_2012\python-2.7.6\pc\vs8.0\x64-temp-release\_bsddb\dbm.obj
c:\python276_2012\python-2.7.6\pc\vs8.0\x64-temp-release\_bsddb\db_vrfyutil.obj
c:\python276_2012\python-2.7.6\pc\vs8.0\x64-temp-release\_bsddb\db_vrfy.obj
c:\python276_2012\python-2.7.6\pc\vs8.0\x64-temp-release\_bsddb\db_upg_opd.obj
c:\python276_2012\python-2.7.6\pc\vs8.0\x64-temp-release\_bsddb\db_upg.obj
c:\python276_2012\python-2.7.6\pc\vs8.0\x64-temp-release\_bsddb\db_truncate.obj
c:\python276_2012\python-2.7.6\pc\vs8.0\x64-temp-release\_bsddb\db_stati.obj
c:\python276_2012\python-2.7.6\pc\vs8.0\x64-temp-release\_bsddb\db_shash.obj
c:\python276_2012\python-2.7.6\pc\vs8.0\x64-temp-release\_bsddb\db_setlsn.obj
c:\python276_2012\python-2.7.6\pc\vs8.0\x64-temp-release\_bsddb\db_setid.obj
c:\python276_2012\python-2.7.6\pc\vs8.0\x64-temp-release\_bsddb\db_ret.obj
c:\python276_2012\python-2.7.6\pc\vs8.0\x64-temp-release\_bsddb\db_rename.obj
c:\python276_2012\python-2.7.6\pc\vs8.0\x64-temp-release\_bsddb\db_remove.obj
c:\python276_2012\python-2.7.6\pc\vs8.0\x64-temp-release\_bsddb\db_reclaim.obj
c:\python276_2012\python-2.7.6\pc\vs8.0\x64-temp-release\_bsddb\db_rec.obj
c:\python276_2012\python-2.7.6\pc\vs8.0\x64-temp-release\_bsddb\db_pr.obj
c:\python276_2012\python-2.7.6\pc\vs8.0\x64-temp-release\_bsddb\db_ovfl_vrfy.obj
c:\python276_2012\python-2.7.6\pc\vs8.0\x64-temp-release\_bsddb\db_overflow.obj
c:\python276_2012\python-2.7.6\pc\vs8.0\x64-temp-release\_bsddb\db_open.obj
c:\python276_2012\python-2.7.6\pc\vs8.0\x64-temp-release\_bsddb\db_method.obj
c:\python276_2012\python-2.7.6\pc\vs8.0\x64-temp-release\_bsddb\fileops_auto.obj
c:\python276_2012\python-2.7.6\pc\vs8.0\x64-temp-release\_bsddb\env_stat.obj
c:\python276_2012\python-2.7.6\pc\vs8.0\x64-temp-release\_bsddb\env_sig.obj
c:\python276_2012\python-2.7.6\pc\vs8.0\x64-temp-release\_bsddb\env_register.obj
c:\python276_2012\python-2.7.6\pc\vs8.0\x64-temp-release\_bsddb\env_region.obj
c:\python276_2012\python-2.7.6\pc\vs8.0\x64-temp-release\_bsddb\env_recover.obj
c:\python276_2012\python-2.7.6\pc\vs8.0\x64-temp-release\_bsddb\env_open.obj
c:\python276_2012\python-2.7.6\pc\vs8.0\x64-temp-release\_bsddb\env_name.obj
c:\python276_2012\python-2.7.6\pc\vs8.0\x64-temp-release\_bsddb\env_method.obj
c:\python276_2012\python-2.7.6\pc\vs8.0\x64-temp-release\_bsddb\env_globals.obj
c:\python276_2012\python-2.7.6\pc\vs8.0\x64-temp-release\_bsddb\env_file.obj
c:\python276_2012\python-2.7.6\pc\vs8.0\x64-temp-release\_bsddb\env_failchk.obj
c:\python276_2012\python-2.7.6\pc\vs8.0\x64-temp-release\_bsddb\env_config.obj
c:\python276_2012\python-2.7.6\pc\vs8.0\x64-temp-release\_bsddb\env_alloc.obj
c:\python276_2012\python-2.7.6\pc\vs8.0\x64-temp-release\_bsddb\dbt.obj
c:\python276_2012\python-2.7.6\pc\vs8.0\x64-temp-release\_bsddb\dbreg_util.obj
c:\python276_2012\python-2.7.6\pc\vs8.0\x64-temp-release\_bsddb\dbreg_stat.obj
c:\python276_2012\python-2.7.6\pc\vs8.0\x64-temp-release\_bsddb\dbreg_rec.obj
c:\python276_2012\python-2.7.6\pc\vs8.0\x64-temp-release\_bsddb\dbreg_auto.obj
c:\python276_2012\python-2.7.6\pc\vs8.0\x64-temp-release\_bsddb\dbreg.obj
c:\python276_2012\python-2.7.6\pc\vs8.0\x64-temp-release\_bsddb\lock.obj
c:\python276_2012\python-2.7.6\pc\vs8.0\x64-temp-release\_bsddb\hsearch.obj
c:\python276_2012\python-2.7.6\pc\vs8.0\x64-temp-release\_bsddb\hmac.obj
c:\python276_2012\python-2.7.6\pc\vs8.0\x64-temp-release\_bsddb\hash_verify.obj
c:\python276_2012\python-2.7.6\pc\vs8.0\x64-temp-release\_bsddb\hash_upgrade.obj
c:\python276_2012\python-2.7.6\pc\vs8.0\x64-temp-release\_bsddb\hash_stat.obj
c:\python276_2012\python-2.7.6\pc\vs8.0\x64-temp-release\_bsddb\hash_reclaim.obj
c:\python276_2012\python-2.7.6\pc\vs8.0\x64-temp-release\_bsddb\hash_rec.obj
c:\python276_2012\python-2.7.6\pc\vs8.0\x64-temp-release\_bsddb\hash_page.obj
c:\python276_2012\python-2.7.6\pc\vs8.0\x64-temp-release\_bsddb\hash_open.obj
c:\python276_2012\python-2.7.6\pc\vs8.0\x64-temp-release\_bsddb\hash_method.obj
c:\python276_2012\python-2.7.6\pc\vs8.0\x64-temp-release\_bsddb\hash_meta.obj
c:\python276_2012\python-2.7.6\pc\vs8.0\x64-temp-release\_bsddb\hash_func.obj
c:\python276_2012\python-2.7.6\pc\vs8.0\x64-temp-release\_bsddb\hash_dup.obj
c:\python276_2012\python-2.7.6\pc\vs8.0\x64-temp-release\_bsddb\hash_conv.obj
c:\python276_2012\python-2.7.6\pc\vs8.0\x64-temp-release\_bsddb\hash_auto.obj
c:\python276_2012\python-2.7.6\pc\vs8.0\x64-temp-release\_bsddb\hash.obj
c:\python276_2012\python-2.7.6\pc\vs8.0\x64-temp-release\_bsddb\fop_util.obj
c:\python276_2012\python-2.7.6\pc\vs8.0\x64-temp-release\_bsddb\fop_rec.obj
c:\python276_2012\python-2.7.6\pc\vs8.0\x64-temp-release\_bsddb\fop_basic.obj
c:\python276_2012\python-2.7.6\pc\vs8.0\x64-temp-release\_bsddb\mp_bh.obj
c:\python276_2012\python-2.7.6\pc\vs8.0\x64-temp-release\_bsddb\mp_alloc.obj
c:\python276_2012\python-2.7.6\pc\vs8.0\x64-temp-release\_bsddb\mkpath.obj
c:\python276_2012\python-2.7.6\pc\vs8.0\x64-temp-release\_bsddb\log_stat.obj
c:\python276_2012\python-2.7.6\pc\vs8.0\x64-temp-release\_bsddb\log_put.obj
c:\python276_2012\python-2.7.6\pc\vs8.0\x64-temp-release\_bsddb\log_method.obj
c:\python276_2012\python-2.7.6\pc\vs8.0\x64-temp-release\_bsddb\log_get.obj
c:\python276_2012\python-2.7.6\pc\vs8.0\x64-temp-release\_bsddb\log_debug.obj
c:\python276_2012\python-2.7.6\pc\vs8.0\x64-temp-release\_bsddb\log_compare.obj
c:\python276_2012\python-2.7.6\pc\vs8.0\x64-temp-release\_bsddb\log_archive.obj
c:\python276_2012\python-2.7.6\pc\vs8.0\x64-temp-release\_bsddb\log.obj
c:\python276_2012\python-2.7.6\pc\vs8.0\x64-temp-release\_bsddb\lock_util.obj
c:\python276_2012\python-2.7.6\pc\vs8.0\x64-temp-release\_bsddb\lock_timer.obj
c:\python276_2012\python-2.7.6\pc\vs8.0\x64-temp-release\_bsddb\lock_stat.obj
c:\python276_2012\python-2.7.6\pc\vs8.0\x64-temp-release\_bsddb\lock_region.obj
c:\python276_2012\python-2.7.6\pc\vs8.0\x64-temp-release\_bsddb\lock_method.obj
c:\python276_2012\python-2.7.6\pc\vs8.0\x64-temp-release\_bsddb\lock_list.obj
c:\python276_2012\python-2.7.6\pc\vs8.0\x64-temp-release\_bsddb\lock_id.obj
c:\python276_2012\python-2.7.6\pc\vs8.0\x64-temp-release\_bsddb\lock_failchk.obj
c:\python276_2012\python-2.7.6\pc\vs8.0\x64-temp-release\_bsddb\lock_deadlock.obj
c:\python276_2012\python-2.7.6\pc\vs8.0\x64-temp-release\_bsddb\mut_win32.obj
c:\python276_2012\python-2.7.6\pc\vs8.0\x64-temp-release\_bsddb\mut_stat.obj
c:\python276_2012\python-2.7.6\pc\vs8.0\x64-temp-release\_bsddb\mut_region.obj
c:\python276_2012\python-2.7.6\pc\vs8.0\x64-temp-release\_bsddb\mut_method.obj
c:\python276_2012\python-2.7.6\pc\vs8.0\x64-temp-release\_bsddb\mut_failchk.obj
c:\python276_2012\python-2.7.6\pc\vs8.0\x64-temp-release\_bsddb\mut_alloc.obj
c:\python276_2012\python-2.7.6\pc\vs8.0\x64-temp-release\_bsddb\mt19937db.obj
c:\python276_2012\python-2.7.6\pc\vs8.0\x64-temp-release\_bsddb\mp_trickle.obj
c:\python276_2012\python-2.7.6\pc\vs8.0\x64-temp-release\_bsddb\mp_sync.obj
c:\python276_2012\python-2.7.6\pc\vs8.0\x64-temp-release\_bsddb\mp_stat.obj
c:\python276_2012\python-2.7.6\pc\vs8.0\x64-temp-release\_bsddb\mp_resize.obj
c:\python276_2012\python-2.7.6\pc\vs8.0\x64-temp-release\_bsddb\mp_register.obj
c:\python276_2012\python-2.7.6\pc\vs8.0\x64-temp-release\_bsddb\mp_region.obj
c:\python276_2012\python-2.7.6\pc\vs8.0\x64-temp-release\_bsddb\mp_mvcc.obj
c:\python276_2012\python-2.7.6\pc\vs8.0\x64-temp-release\_bsddb\mp_method.obj
c:\python276_2012\python-2.7.6\pc\vs8.0\x64-temp-release\_bsddb\mp_fset.obj
c:\python276_2012\python-2.7.6\pc\vs8.0\x64-temp-release\_bsddb\mp_fput.obj
c:\python276_2012\python-2.7.6\pc\vs8.0\x64-temp-release\_bsddb\mp_fopen.obj
c:\python276_2012\python-2.7.6\pc\vs8.0\x64-temp-release\_bsddb\mp_fmethod.obj
c:\python276_2012\python-2.7.6\pc\vs8.0\x64-temp-release\_bsddb\mp_fget.obj
c:\python276_2012\python-2.7.6\pc\vs8.0\x64-temp-release\_bsddb\os_open.obj
c:\python276_2012\python-2.7.6\pc\vs8.0\x64-temp-release\_bsddb\os_mkdir.obj
c:\python276_2012\python-2.7.6\pc\vs8.0\x64-temp-release\_bsddb\os_method.obj
c:\python276_2012\python-2.7.6\pc\vs8.0\x64-temp-release\_bsddb\os_map.obj
c:\python276_2012\python-2.7.6\pc\vs8.0\x64-temp-release\_bsddb\os_handle.obj
c:\python276_2012\python-2.7.6\pc\vs8.0\x64-temp-release\_bsddb\os_getenv.obj
c:\python276_2012\python-2.7.6\pc\vs8.0\x64-temp-release\_bsddb\os_fsync.obj
c:\python276_2012\python-2.7.6\pc\vs8.0\x64-temp-release\_bsddb\os_flock.obj
c:\python276_2012\python-2.7.6\pc\vs8.0\x64-temp-release\_bsddb\os_fid.obj
c:\python276_2012\python-2.7.6\pc\vs8.0\x64-temp-release\_bsddb\os_errno.obj
c:\python276_2012\python-2.7.6\pc\vs8.0\x64-temp-release\_bsddb\os_dir.obj
c:\python276_2012\python-2.7.6\pc\vs8.0\x64-temp-release\_bsddb\os_ctime.obj
c:\python276_2012\python-2.7.6\pc\vs8.0\x64-temp-release\_bsddb\os_cpu.obj
c:\python276_2012\python-2.7.6\pc\vs8.0\x64-temp-release\_bsddb\os_config.obj
c:\python276_2012\python-2.7.6\pc\vs8.0\x64-temp-release\_bsddb\os_clock.obj
c:\python276_2012\python-2.7.6\pc\vs8.0\x64-temp-release\_bsddb\os_alloc.obj
c:\python276_2012\python-2.7.6\pc\vs8.0\x64-temp-release\_bsddb\os_addrinfo.obj
c:\python276_2012\python-2.7.6\pc\vs8.0\x64-temp-release\_bsddb\os_abs.obj
c:\python276_2012\python-2.7.6\pc\vs8.0\x64-temp-release\_bsddb\os_abort.obj
c:\python276_2012\python-2.7.6\pc\vs8.0\x64-temp-release\_bsddb\openflags.obj
c:\python276_2012\python-2.7.6\pc\vs8.0\x64-temp-release\_bsddb\qam_rec.obj
c:\python276_2012\python-2.7.6\pc\vs8.0\x64-temp-release\_bsddb\qam_open.obj
c:\python276_2012\python-2.7.6\pc\vs8.0\x64-temp-release\_bsddb\qam_method.obj
c:\python276_2012\python-2.7.6\pc\vs8.0\x64-temp-release\_bsddb\qam_files.obj
c:\python276_2012\python-2.7.6\pc\vs8.0\x64-temp-release\_bsddb\qam_conv.obj
c:\python276_2012\python-2.7.6\pc\vs8.0\x64-temp-release\_bsddb\qam_auto.obj
c:\python276_2012\python-2.7.6\pc\vs8.0\x64-temp-release\_bsddb\qam.obj
c:\python276_2012\python-2.7.6\pc\vs8.0\x64-temp-release\_bsddb\os_yield.obj
c:\python276_2012\python-2.7.6\pc\vs8.0\x64-temp-release\_bsddb\os_unlink.obj
c:\python276_2012\python-2.7.6\pc\vs8.0\x64-temp-release\_bsddb\os_uid.obj
c:\python276_2012\python-2.7.6\pc\vs8.0\x64-temp-release\_bsddb\os_truncate.obj
c:\python276_2012\python-2.7.6\pc\vs8.0\x64-temp-release\_bsddb\os_tmpdir.obj
c:\python276_2012\python-2.7.6\pc\vs8.0\x64-temp-release\_bsddb\os_stat.obj
c:\python276_2012\python-2.7.6\pc\vs8.0\x64-temp-release\_bsddb\os_stack.obj
c:\python276_2012\python-2.7.6\pc\vs8.0\x64-temp-release\_bsddb\os_seek.obj
c:\python276_2012\python-2.7.6\pc\vs8.0\x64-temp-release\_bsddb\os_rw.obj
c:\python276_2012\python-2.7.6\pc\vs8.0\x64-temp-release\_bsddb\os_rpath.obj
c:\python276_2012\python-2.7.6\pc\vs8.0\x64-temp-release\_bsddb\os_root.obj
c:\python276_2012\python-2.7.6\pc\vs8.0\x64-temp-release\_bsddb\os_rename.obj
c:\python276_2012\python-2.7.6\pc\vs8.0\x64-temp-release\_bsddb\os_pid.obj
c:\python276_2012\python-2.7.6\pc\vs8.0\x64-temp-release\_bsddb\repmgr_queue.obj
c:\python276_2012\python-2.7.6\pc\vs8.0\x64-temp-release\_bsddb\repmgr_net.obj
c:\python276_2012\python-2.7.6\pc\vs8.0\x64-temp-release\_bsddb\repmgr_msg.obj
c:\python276_2012\python-2.7.6\pc\vs8.0\x64-temp-release\_bsddb\repmgr_method.obj
c:\python276_2012\python-2.7.6\pc\vs8.0\x64-temp-release\_bsddb\repmgr_elect.obj
c:\python276_2012\python-2.7.6\pc\vs8.0\x64-temp-release\_bsddb\repmgr_auto.obj
c:\python276_2012\python-2.7.6\pc\vs8.0\x64-temp-release\_bsddb\rep_verify.obj
c:\python276_2012\python-2.7.6\pc\vs8.0\x64-temp-release\_bsddb\rep_util.obj
c:\python276_2012\python-2.7.6\pc\vs8.0\x64-temp-release\_bsddb\rep_stat.obj
c:\python276_2012\python-2.7.6\pc\vs8.0\x64-temp-release\_bsddb\rep_region.obj
c:\python276_2012\python-2.7.6\pc\vs8.0\x64-temp-release\_bsddb\rep_record.obj
c:\python276_2012\python-2.7.6\pc\vs8.0\x64-temp-release\_bsddb\rep_method.obj
c:\python276_2012\python-2.7.6\pc\vs8.0\x64-temp-release\_bsddb\rep_log.obj
c:\python276_2012\python-2.7.6\pc\vs8.0\x64-temp-release\_bsddb\rep_lease.obj
c:\python276_2012\python-2.7.6\pc\vs8.0\x64-temp-release\_bsddb\rep_elect.obj
c:\python276_2012\python-2.7.6\pc\vs8.0\x64-temp-release\_bsddb\rep_backup.obj
c:\python276_2012\python-2.7.6\pc\vs8.0\x64-temp-release\_bsddb\rep_auto.obj
c:\python276_2012\python-2.7.6\pc\vs8.0\x64-temp-release\_bsddb\qam_verify.obj
c:\python276_2012\python-2.7.6\pc\vs8.0\x64-temp-release\_bsddb\qam_upgrade.obj
c:\python276_2012\python-2.7.6\pc\vs8.0\x64-temp-release\_bsddb\qam_stat.obj
c:\python276_2012\python-2.7.6\pc\vs8.0\x64-temp-release\_bsddb\txn_util.obj
c:\python276_2012\python-2.7.6\pc\vs8.0\x64-temp-release\_bsddb\txn_stat.obj
c:\python276_2012\python-2.7.6\pc\vs8.0\x64-temp-release\_bsddb\txn_region.obj
c:\python276_2012\python-2.7.6\pc\vs8.0\x64-temp-release\_bsddb\txn_recover.obj
c:\python276_2012\python-2.7.6\pc\vs8.0\x64-temp-release\_bsddb\txn_rec.obj
c:\python276_2012\python-2.7.6\pc\vs8.0\x64-temp-release\_bsddb\txn_method.obj
c:\python276_2012\python-2.7.6\pc\vs8.0\x64-temp-release\_bsddb\txn_failchk.obj
c:\python276_2012\python-2.7.6\pc\vs8.0\x64-temp-release\_bsddb\txn_chkpt.obj
c:\python276_2012\python-2.7.6\pc\vs8.0\x64-temp-release\_bsddb\txn_auto.obj
c:\python276_2012\python-2.7.6\pc\vs8.0\x64-temp-release\_bsddb\txn.obj
c:\python276_2012\python-2.7.6\pc\vs8.0\x64-temp-release\_bsddb\strsep.obj
c:\python276_2012\python-2.7.6\pc\vs8.0\x64-temp-release\_bsddb\sha1.obj
c:\python276_2012\python-2.7.6\pc\vs8.0\x64-temp-release\_bsddb\sequence.obj
c:\python276_2012\python-2.7.6\pc\vs8.0\x64-temp-release\_bsddb\seq_stat.obj
c:\python276_2012\python-2.7.6\pc\vs8.0\x64-temp-release\_bsddb\rijndael-api-fst.obj
c:\python276_2012\python-2.7.6\pc\vs8.0\x64-temp-release\_bsddb\rijndael-alg-fst.obj
c:\python276_2012\python-2.7.6\pc\vs8.0\x64-temp-release\_bsddb\repmgr_windows.obj
c:\python276_2012\python-2.7.6\pc\vs8.0\x64-temp-release\_bsddb\repmgr_util.obj
c:\python276_2012\python-2.7.6\pc\vs8.0\x64-temp-release\_bsddb\repmgr_stat.obj
c:\python276_2012\python-2.7.6\pc\vs8.0\x64-temp-release\_bsddb\repmgr_sel.obj
c:\python276_2012\python-2.7.6\pc\vs8.0\x64-temp-release\_bsddb\zerofill.obj
c:\python276_2012\python-2.7.6\pc\vs8.0\x64-temp-release\_bsddb\xa_map.obj
c:\python276_2012\python-2.7.6\pc\vs8.0\x64-temp-release\_bsddb\xa_db.obj
c:\python276_2012\python-2.7.6\pc\vs8.0\x64-temp-release\_bsddb\xa.obj
c:\python276_2012\python-2.7.6\pc\vs8.0\x64-temp-release\_bsddb\util_sig.obj
c:\python276_2012\python-2.7.6\pc\vs8.0\x64-temp-release\_bsddb\util_log.obj
c:\python276_2012\python-2.7.6\pc\vs8.0\x64-temp-release\_bsddb\util_cache.obj
c:\python276_2012\python-2.7.6\pc\vs8.0\amd64\_bsddb.pyd
c:\python276_2012\python-2.7.6\pc\vs8.0\amd64\_bsddb.pdb
c:\python276_2012\python-2.7.6\pc\vs8.0\amd64\_bsddb.lib
c:\python276_2012\python-2.7.6\pc\vs8.0\amd64\_bsddb.exp
c:\python276_2012\python-2.7.6\pc\vs8.0\\amd64\_bsddb.pdb
c:\python276_2012\python-2.7.6\pc\vs8.0\x64-temp-release\_bsddb\_bsddb.tlog\cl.command.1.tlog
c:\python276_2012\python-2.7.6\pc\vs8.0\x64-temp-release\_bsddb\_bsddb.tlog\cl.read.1.tlog
c:\python276_2012\python-2.7.6\pc\vs8.0\x64-temp-release\_bsddb\_bsddb.tlog\cl.write.1.tlog
c:\python276_2012\python-2.7.6\pc\vs8.0\x64-temp-release\_bsddb\_bsddb.tlog\link.command.1.tlog
c:\python276_2012\python-2.7.6\pc\vs8.0\x64-temp-release\_bsddb\_bsddb.tlog\link.read.1.tlog
c:\python276_2012\python-2.7.6\pc\vs8.0\x64-temp-release\_bsddb\_bsddb.tlog\link.write.1.tlog
c:\python276_2012\python-2.7.6\pc\vs8.0\x64-temp-release\_bsddb\_bsddb.tlog\_bsddb.write.1u.tlog
