Build started 12/02/2014 16:23:43.
     1>Project "C:\workspaces\Python276\PC\VS8.0\_ssl.vcxproj" on node 3 (Rebuild target(s)).
     1>ClCompile:
         C:\Program Files (x86)\Microsoft Visual Studio 12.0\VC\bin\x86_amd64\CL.exe /c /I"..\..\Tools\openssl-1.0.1e\include" /I..\..\Include /I..\..\PC /Zi /nologo /W3 /WX- /Od /D _WIN64 /D _M_X64 /D Py_BUILD_CORE_MODULE /D _DEBUG /D _WIN32 /D _WINDLL /GF /Gm- /MDd /GS /Gy /fp:precise /Zc:wchar_t /Zc:forScope /Fo"C:\workspaces\Python276\PC\VS8.0\x64-temp-Debug\_ssl\\" /Fd"C:\workspaces\Python276\PC\VS8.0\x64-temp-Debug\_ssl\vc120.pdb" /Gd /TC /errorReport:prompt /USECL:MS_OPTERON /GS- ..\..\Modules\_ssl.c
     1>cl : Command line warning D9025: overriding '/GS' with '/GS-'
         _ssl.c
     1>c:\workspaces\python276\include\pymath.h(22): warning C4273: 'round' : inconsistent dll linkage
                 C:\Program Files (x86)\Microsoft Visual Studio 12.0\VC\include\math.h(516) : see previous definition of 'round'
     1>..\..\Modules\_ssl.c(390): warning C4244: 'function' : conversion from 'SOCKET_T' to 'int', possible loss of data
     1>..\..\Modules\_ssl.c(1228): warning C4244: 'function' : conversion from 'SOCKET_T' to 'int', possible loss of data
     1>..\..\Modules\_ssl.c(1230): warning C4244: 'function' : conversion from 'SOCKET_T' to 'int', possible loss of data
     1>C:\Program Files (x86)\MSBuild\Microsoft.Cpp\v4.0\V120\Microsoft.CppBuild.targets(1186,5): warning MSB8012: TargetPath(C:\workspaces\Python276\PC\VS8.0\\amd64\_ssl.dll) does not match the Linker's OutputFile property value (C:\workspaces\Python276\PC\VS8.0\amd64\_ssl_d.pyd). This may cause your project to build incorrectly. To correct this, please make sure that $(OutDir), $(TargetName) and $(TargetExt) property values match the value specified in %(Link.OutputFile).
     1>C:\Program Files (x86)\MSBuild\Microsoft.Cpp\v4.0\V120\Microsoft.CppBuild.targets(1187,5): warning MSB8012: TargetExt(.dll) does not match the Linker's OutputFile property value (.pyd). This may cause your project to build incorrectly. To correct this, please make sure that $(OutDir), $(TargetName) and $(TargetExt) property values match the value specified in %(Link.OutputFile).
     1>C:\Program Files (x86)\MSBuild\Microsoft.Cpp\v4.0\V120\Microsoft.CppBuild.targets(1188,5): warning MSB8012: TargetName(_ssl) does not match the Linker's OutputFile property value (_ssl_d). This may cause your project to build incorrectly. To correct this, please make sure that $(OutDir), $(TargetName) and $(TargetExt) property values match the value specified in %(Link.OutputFile).
       Link:
         C:\Program Files (x86)\Microsoft Visual Studio 12.0\VC\bin\x86_amd64\link.exe /ERRORREPORT:PROMPT /OUT:"C:\workspaces\Python276\PC\VS8.0\\amd64\_ssl_d.pyd" /INCREMENTAL:NO /NOLOGO /LIBPATH:C:\workspaces\Python276\PC\VS8.0\\amd64\ ws2_32.lib "..\..\Tools\openssl-1.0.1e\lib\libeay32.lib" "..\..\Tools\openssl-1.0.1e\lib\ssleay32.lib" kernel32.lib user32.lib gdi32.lib winspool.lib comdlg32.lib advapi32.lib shell32.lib ole32.lib oleaut32.lib uuid.lib odbc32.lib odbccp32.lib /MANIFEST:NO /DEBUG /PDB:"C:\workspaces\Python276\PC\VS8.0\\amd64\_ssl_d.pdb" /SUBSYSTEM:WINDOWS /TLBID:1 /DYNAMICBASE:NO /IMPLIB:"C:\workspaces\Python276\PC\VS8.0\\amd64\_ssl.lib" /MACHINE:X64 /DLL "C:\workspaces\Python276\PC\VS8.0\x64-temp-Debug\_ssl\_ssl.obj"
         C:\workspaces\Python276\PC\VS8.0\amd64\python27_d.lib
         C:\workspaces\Python276\PC\VS8.0\amd64\_socket.lib
            Creating library C:\workspaces\Python276\PC\VS8.0\\amd64\_ssl.lib and object C:\workspaces\Python276\PC\VS8.0\\amd64\_ssl.exp
         _ssl.vcxproj -> C:\workspaces\Python276\PC\VS8.0\\amd64\_ssl.dll
     1>Done Building Project "C:\workspaces\Python276\PC\VS8.0\_ssl.vcxproj" (Rebuild target(s)).

Build succeeded.

Time Elapsed 00:00:03.93
