c:\python276_2012\python-2.7.6\pc\vs8.0\x64-temp-release\_ctypes\vc120.pdb
c:\python276_2012\python-2.7.6\pc\vs8.0\x64-temp-release\_ctypes\stgdict.obj
c:\python276_2012\python-2.7.6\pc\vs8.0\x64-temp-release\_ctypes\prep_cif.obj
c:\python276_2012\python-2.7.6\pc\vs8.0\x64-temp-release\_ctypes\malloc_closure.obj
c:\python276_2012\python-2.7.6\pc\vs8.0\x64-temp-release\_ctypes\ffi.obj
c:\python276_2012\python-2.7.6\pc\vs8.0\x64-temp-release\_ctypes\cfield.obj
c:\python276_2012\python-2.7.6\pc\vs8.0\x64-temp-release\_ctypes\callproc.obj
c:\python276_2012\python-2.7.6\pc\vs8.0\x64-temp-release\_ctypes\callbacks.obj
c:\python276_2012\python-2.7.6\pc\vs8.0\x64-temp-release\_ctypes\_ctypes.obj
c:\python276_2012\python-2.7.6\pc\vs8.0\x64-temp-release\_ctypes\win64.obj
c:\python276_2012\python-2.7.6\pc\vs8.0\amd64\_ctypes.pyd
c:\python276_2012\python-2.7.6\pc\vs8.0\amd64\_ctypes.pdb
c:\python276_2012\python-2.7.6\pc\vs8.0\amd64\_ctypes.lib
c:\python276_2012\python-2.7.6\pc\vs8.0\amd64\_ctypes.exp
c:\python276_2012\python-2.7.6\pc\vs8.0\\amd64\_ctypes.pdb
c:\python276_2012\python-2.7.6\pc\vs8.0\x64-temp-release\_ctypes\_ctypes.tlog\cl.command.1.tlog
c:\python276_2012\python-2.7.6\pc\vs8.0\x64-temp-release\_ctypes\_ctypes.tlog\cl.read.1.tlog
c:\python276_2012\python-2.7.6\pc\vs8.0\x64-temp-release\_ctypes\_ctypes.tlog\cl.write.1.tlog
c:\python276_2012\python-2.7.6\pc\vs8.0\x64-temp-release\_ctypes\_ctypes.tlog\custombuild.command.1.tlog
c:\python276_2012\python-2.7.6\pc\vs8.0\x64-temp-release\_ctypes\_ctypes.tlog\custombuild.read.1.tlog
c:\python276_2012\python-2.7.6\pc\vs8.0\x64-temp-release\_ctypes\_ctypes.tlog\custombuild.write.1.tlog
c:\python276_2012\python-2.7.6\pc\vs8.0\x64-temp-release\_ctypes\_ctypes.tlog\link.command.1.tlog
c:\python276_2012\python-2.7.6\pc\vs8.0\x64-temp-release\_ctypes\_ctypes.tlog\link.read.1.tlog
c:\python276_2012\python-2.7.6\pc\vs8.0\x64-temp-release\_ctypes\_ctypes.tlog\link.write.1.tlog
c:\python276_2012\python-2.7.6\pc\vs8.0\x64-temp-release\_ctypes\_ctypes.tlog\_ctypes.write.1u.tlog
